{"/home/gustavolendimuth/projetos/compra-coletiva/frontend/src/api/client.ts": {"path":"/home/gustavolendimuth/projetos/compra-coletiva/frontend/src/api/client.ts","statementMap":{"0":{"start":{"line":14,"column":40},"end":{"line":14,"column":null}},"1":{"start":{"line":19,"column":41},"end":{"line":19,"column":null}},"2":{"start":{"line":25,"column":0},"end":{"line":36,"column":null}},"3":{"start":{"line":27,"column":18},"end":{"line":27,"column":null}},"4":{"start":{"line":28,"column":4},"end":{"line":30,"column":null}},"5":{"start":{"line":29,"column":6},"end":{"line":29,"column":null}},"6":{"start":{"line":31,"column":4},"end":{"line":31,"column":null}},"7":{"start":{"line":34,"column":4},"end":{"line":34,"column":null}},"8":{"start":{"line":42,"column":19},"end":{"line":42,"column":null}},"9":{"start":{"line":46,"column":5},"end":{"line":46,"column":null}},"10":{"start":{"line":51,"column":21},"end":{"line":60,"column":null}},"11":{"start":{"line":52,"column":2},"end":{"line":58,"column":null}},"12":{"start":{"line":53,"column":4},"end":{"line":57,"column":null}},"13":{"start":{"line":54,"column":6},"end":{"line":54,"column":null}},"14":{"start":{"line":56,"column":6},"end":{"line":56,"column":null}},"15":{"start":{"line":59,"column":2},"end":{"line":59,"column":null}},"16":{"start":{"line":62,"column":0},"end":{"line":124,"column":null}},"17":{"start":{"line":63,"column":16},"end":{"line":63,"column":null}},"18":{"start":{"line":65,"column":28},"end":{"line":65,"column":null}},"19":{"start":{"line":68,"column":4},"end":{"line":70,"column":null}},"20":{"start":{"line":69,"column":6},"end":{"line":69,"column":null}},"21":{"start":{"line":73,"column":4},"end":{"line":83,"column":null}},"22":{"start":{"line":74,"column":6},"end":{"line":82,"column":null}},"23":{"start":{"line":75,"column":8},"end":{"line":75,"column":null}},"24":{"start":{"line":78,"column":10},"end":{"line":78,"column":null}},"25":{"start":{"line":81,"column":10},"end":{"line":81,"column":null}},"26":{"start":{"line":85,"column":4},"end":{"line":85,"column":null}},"27":{"start":{"line":86,"column":4},"end":{"line":86,"column":null}},"28":{"start":{"line":88,"column":25},"end":{"line":88,"column":null}},"29":{"start":{"line":90,"column":4},"end":{"line":96,"column":null}},"30":{"start":{"line":92,"column":6},"end":{"line":92,"column":null}},"31":{"start":{"line":93,"column":6},"end":{"line":93,"column":null}},"32":{"start":{"line":94,"column":6},"end":{"line":94,"column":null}},"33":{"start":{"line":95,"column":6},"end":{"line":95,"column":null}},"34":{"start":{"line":98,"column":4},"end":{"line":122,"column":null}},"35":{"start":{"line":100,"column":23},"end":{"line":103,"column":null}},"36":{"start":{"line":105,"column":30},"end":{"line":105,"column":null}},"37":{"start":{"line":106,"column":6},"end":{"line":106,"column":null}},"38":{"start":{"line":109,"column":6},"end":{"line":109,"column":null}},"39":{"start":{"line":111,"column":6},"end":{"line":111,"column":null}},"40":{"start":{"line":112,"column":6},"end":{"line":112,"column":null}},"41":{"start":{"line":115,"column":6},"end":{"line":115,"column":null}},"42":{"start":{"line":118,"column":6},"end":{"line":118,"column":null}},"43":{"start":{"line":119,"column":6},"end":{"line":119,"column":null}},"44":{"start":{"line":120,"column":6},"end":{"line":120,"column":null}},"45":{"start":{"line":121,"column":6},"end":{"line":121,"column":null}}},"fnMap":{"0":{"name":"(anonymous_0)","decl":{"start":{"line":26,"column":2},"end":{"line":26,"column":3}},"loc":{"start":{"line":26,"column":14},"end":{"line":32,"column":null}},"line":26},"1":{"name":"(anonymous_1)","decl":{"start":{"line":33,"column":2},"end":{"line":33,"column":3}},"loc":{"start":{"line":33,"column":13},"end":{"line":35,"column":null}},"line":33},"2":{"name":"(anonymous_2)","decl":{"start":{"line":51,"column":21},"end":{"line":51,"column":22}},"loc":{"start":{"line":51,"column":48},"end":{"line":60,"column":null}},"line":51},"3":{"name":"(anonymous_3)","decl":{"start":{"line":52,"column":22},"end":{"line":52,"column":23}},"loc":{"start":{"line":52,"column":32},"end":{"line":58,"column":3}},"line":52},"4":{"name":"(anonymous_4)","decl":{"start":{"line":63,"column":2},"end":{"line":63,"column":3}},"loc":{"start":{"line":63,"column":16},"end":{"line":63,"column":null}},"line":63},"5":{"name":"(anonymous_5)","decl":{"start":{"line":64,"column":2},"end":{"line":64,"column":9}},"loc":{"start":{"line":64,"column":19},"end":{"line":123,"column":null}},"line":64},"6":{"name":"(anonymous_6)","decl":{"start":{"line":74,"column":25},"end":{"line":74,"column":26}},"loc":{"start":{"line":74,"column":46},"end":{"line":76,"column":7}},"line":74},"7":{"name":"(anonymous_7)","decl":{"start":{"line":77,"column":14},"end":{"line":77,"column":20}},"loc":{"start":{"line":77,"column":20},"end":{"line":79,"column":9}},"line":77},"8":{"name":"(anonymous_8)","decl":{"start":{"line":80,"column":15},"end":{"line":80,"column":16}},"loc":{"start":{"line":80,"column":24},"end":{"line":82,"column":9}},"line":80}},"branchMap":{"0":{"loc":{"start":{"line":28,"column":4},"end":{"line":30,"column":null}},"type":"if","locations":[{"start":{"line":28,"column":4},"end":{"line":30,"column":null}},{"start":{},"end":{}}],"line":28},"1":{"loc":{"start":{"line":51,"column":22},"end":{"line":51,"column":48}},"type":"default-arg","locations":[{"start":{"line":51,"column":39},"end":{"line":51,"column":48}}],"line":51},"2":{"loc":{"start":{"line":53,"column":4},"end":{"line":57,"column":null}},"type":"if","locations":[{"start":{"line":53,"column":4},"end":{"line":57,"column":null}},{"start":{"line":55,"column":11},"end":{"line":57,"column":null}}],"line":53},"3":{"loc":{"start":{"line":68,"column":4},"end":{"line":70,"column":null}},"type":"if","locations":[{"start":{"line":68,"column":4},"end":{"line":70,"column":null}},{"start":{},"end":{}}],"line":68},"4":{"loc":{"start":{"line":68,"column":8},"end":{"line":68,"column":66}},"type":"binary-expr","locations":[{"start":{"line":68,"column":8},"end":{"line":68,"column":42}},{"start":{"line":68,"column":42},"end":{"line":68,"column":66}}],"line":68},"5":{"loc":{"start":{"line":73,"column":4},"end":{"line":83,"column":null}},"type":"if","locations":[{"start":{"line":73,"column":4},"end":{"line":83,"column":null}},{"start":{},"end":{}}],"line":73},"6":{"loc":{"start":{"line":90,"column":4},"end":{"line":96,"column":null}},"type":"if","locations":[{"start":{"line":90,"column":4},"end":{"line":96,"column":null}},{"start":{},"end":{}}],"line":90}},"s":{"0":1,"1":1,"2":1,"3":0,"4":0,"5":0,"6":0,"7":0,"8":1,"9":1,"10":1,"11":0,"12":0,"13":0,"14":0,"15":0,"16":1,"17":0,"18":0,"19":0,"20":0,"21":0,"22":0,"23":0,"24":0,"25":0,"26":0,"27":0,"28":0,"29":0,"30":0,"31":0,"32":0,"33":0,"34":0,"35":0,"36":0,"37":0,"38":0,"39":0,"40":0,"41":0,"42":0,"43":0,"44":0,"45":0},"f":{"0":0,"1":0,"2":0,"3":0,"4":0,"5":0,"6":0,"7":0,"8":0},"b":{"0":[0,0],"1":[0],"2":[0,0],"3":[0,0],"4":[0,0],"5":[0,0],"6":[0,0]},"meta":{"lastBranch":7,"lastFunction":9,"lastStatement":46,"seen":{"s:14:40:14:Infinity":0,"s:19:41:19:Infinity":1,"s:25:0:36:Infinity":2,"f:26:2:26:3":0,"s:27:18:27:Infinity":3,"b:28:4:30:Infinity:undefined:undefined:undefined:undefined":0,"s:28:4:30:Infinity":4,"s:29:6:29:Infinity":5,"s:31:4:31:Infinity":6,"f:33:2:33:3":1,"s:34:4:34:Infinity":7,"s:42:19:42:Infinity":8,"s:46:5:46:Infinity":9,"s:51:21:60:Infinity":10,"f:51:21:51:22":2,"b:51:39:51:48":1,"s:52:2:58:Infinity":11,"f:52:22:52:23":3,"b:53:4:57:Infinity:55:11:57:Infinity":2,"s:53:4:57:Infinity":12,"s:54:6:54:Infinity":13,"s:56:6:56:Infinity":14,"s:59:2:59:Infinity":15,"s:62:0:124:Infinity":16,"f:63:2:63:3":4,"s:63:16:63:Infinity":17,"f:64:2:64:9":5,"s:65:28:65:Infinity":18,"b:68:4:70:Infinity:undefined:undefined:undefined:undefined":3,"s:68:4:70:Infinity":19,"b:68:8:68:42:68:42:68:66":4,"s:69:6:69:Infinity":20,"b:73:4:83:Infinity:undefined:undefined:undefined:undefined":5,"s:73:4:83:Infinity":21,"s:74:6:82:Infinity":22,"f:74:25:74:26":6,"s:75:8:75:Infinity":23,"f:77:14:77:20":7,"s:78:10:78:Infinity":24,"f:80:15:80:16":8,"s:81:10:81:Infinity":25,"s:85:4:85:Infinity":26,"s:86:4:86:Infinity":27,"s:88:25:88:Infinity":28,"b:90:4:96:Infinity:undefined:undefined:undefined:undefined":6,"s:90:4:96:Infinity":29,"s:92:6:92:Infinity":30,"s:93:6:93:Infinity":31,"s:94:6:94:Infinity":32,"s:95:6:95:Infinity":33,"s:98:4:122:Infinity":34,"s:100:23:103:Infinity":35,"s:105:30:105:Infinity":36,"s:106:6:106:Infinity":37,"s:109:6:109:Infinity":38,"s:111:6:111:Infinity":39,"s:112:6:112:Infinity":40,"s:115:6:115:Infinity":41,"s:118:6:118:Infinity":42,"s:119:6:119:Infinity":43,"s:120:6:120:Infinity":44,"s:121:6:121:Infinity":45}}}
,"/home/gustavolendimuth/projetos/compra-coletiva/frontend/src/api/config.ts": {"path":"/home/gustavolendimuth/projetos/compra-coletiva/frontend/src/api/config.ts","statementMap":{"0":{"start":{"line":15,"column":2},"end":{"line":17,"column":null}},"1":{"start":{"line":16,"column":4},"end":{"line":16,"column":null}},"2":{"start":{"line":19,"column":18},"end":{"line":19,"column":null}},"3":{"start":{"line":22,"column":2},"end":{"line":24,"column":null}},"4":{"start":{"line":23,"column":4},"end":{"line":23,"column":null}},"5":{"start":{"line":27,"column":18},"end":{"line":29,"column":null}},"6":{"start":{"line":32,"column":2},"end":{"line":34,"column":null}},"7":{"start":{"line":33,"column":4},"end":{"line":33,"column":null}},"8":{"start":{"line":37,"column":19},"end":{"line":37,"column":null}},"9":{"start":{"line":38,"column":2},"end":{"line":38,"column":null}},"10":{"start":{"line":44,"column":23},"end":{"line":47,"column":null}},"11":{"start":{"line":52,"column":25},"end":{"line":58,"column":null}}},"fnMap":{"0":{"name":"processEnvUrl","decl":{"start":{"line":14,"column":81},"end":{"line":14,"column":null}},"loc":{"start":{"line":14,"column":81},"end":{"line":39,"column":null}},"line":14}},"branchMap":{"0":{"loc":{"start":{"line":15,"column":2},"end":{"line":17,"column":null}},"type":"if","locations":[{"start":{"line":15,"column":2},"end":{"line":17,"column":null}},{"start":{},"end":{}}],"line":15},"1":{"loc":{"start":{"line":22,"column":2},"end":{"line":24,"column":null}},"type":"if","locations":[{"start":{"line":22,"column":2},"end":{"line":24,"column":null}},{"start":{},"end":{}}],"line":22},"2":{"loc":{"start":{"line":22,"column":6},"end":{"line":22,"column":71}},"type":"binary-expr","locations":[{"start":{"line":22,"column":6},"end":{"line":22,"column":39}},{"start":{"line":22,"column":39},"end":{"line":22,"column":71}}],"line":22},"3":{"loc":{"start":{"line":27,"column":18},"end":{"line":29,"column":null}},"type":"binary-expr","locations":[{"start":{"line":27,"column":18},"end":{"line":27,"column":null}},{"start":{"line":28,"column":17},"end":{"line":28,"column":null}},{"start":{"line":29,"column":17},"end":{"line":29,"column":null}}],"line":27},"4":{"loc":{"start":{"line":32,"column":2},"end":{"line":34,"column":null}},"type":"if","locations":[{"start":{"line":32,"column":2},"end":{"line":34,"column":null}},{"start":{},"end":{}}],"line":32},"5":{"loc":{"start":{"line":37,"column":19},"end":{"line":37,"column":null}},"type":"cond-expr","locations":[{"start":{"line":37,"column":42},"end":{"line":37,"column":52}},{"start":{"line":37,"column":52},"end":{"line":37,"column":null}}],"line":37}},"s":{"0":1,"1":0,"2":1,"3":1,"4":1,"5":0,"6":1,"7":0,"8":0,"9":1,"10":1,"11":1},"f":{"0":1},"b":{"0":[0,1],"1":[1,0],"2":[1,0],"3":[0,0,0],"4":[0,1],"5":[0,0]},"meta":{"lastBranch":6,"lastFunction":1,"lastStatement":12,"seen":{"f:14:81:14:Infinity":0,"b:15:2:17:Infinity:undefined:undefined:undefined:undefined":0,"s:15:2:17:Infinity":0,"s:16:4:16:Infinity":1,"s:19:18:19:Infinity":2,"b:22:2:24:Infinity:undefined:undefined:undefined:undefined":1,"s:22:2:24:Infinity":3,"b:22:6:22:39:22:39:22:71":2,"s:23:4:23:Infinity":4,"s:27:18:29:Infinity":5,"b:27:18:27:Infinity:28:17:28:Infinity:29:17:29:Infinity":3,"b:32:2:34:Infinity:undefined:undefined:undefined:undefined":4,"s:32:2:34:Infinity":6,"s:33:4:33:Infinity":7,"s:37:19:37:Infinity":8,"b:37:42:37:52:37:52:37:Infinity":5,"s:38:2:38:Infinity":9,"s:44:23:47:Infinity":10,"s:52:25:58:Infinity":11}}}
,"/home/gustavolendimuth/projetos/compra-coletiva/frontend/src/api/index.ts": {"path":"/home/gustavolendimuth/projetos/compra-coletiva/frontend/src/api/index.ts","statementMap":{},"fnMap":{},"branchMap":{},"s":{},"f":{},"b":{},"meta":{"lastBranch":0,"lastFunction":0,"lastStatement":0,"seen":{}}}
,"/home/gustavolendimuth/projetos/compra-coletiva/frontend/src/api/types.ts": {"path":"/home/gustavolendimuth/projetos/compra-coletiva/frontend/src/api/types.ts","statementMap":{},"fnMap":{},"branchMap":{},"s":{},"f":{},"b":{},"meta":{"lastBranch":0,"lastFunction":0,"lastStatement":0,"seen":{}}}
,"/home/gustavolendimuth/projetos/compra-coletiva/frontend/src/api/services/analytics.service.ts": {"path":"/home/gustavolendimuth/projetos/compra-coletiva/frontend/src/api/services/analytics.service.ts","statementMap":{"0":{"start":{"line":9,"column":32},"end":{"line":17,"column":null}},"1":{"start":{"line":16,"column":4},"end":{"line":16,"column":null}},"2":{"start":{"line":16,"column":78},"end":{"line":16,"column":86}}},"fnMap":{"0":{"name":"(anonymous_0)","decl":{"start":{"line":15,"column":17},"end":{"line":15,"column":18}},"loc":{"start":{"line":16,"column":4},"end":{"line":16,"column":null}},"line":16},"1":{"name":"(anonymous_1)","decl":{"start":{"line":16,"column":71},"end":{"line":16,"column":78}},"loc":{"start":{"line":16,"column":78},"end":{"line":16,"column":86}},"line":16}},"branchMap":{},"s":{"0":1,"1":0,"2":0},"f":{"0":0,"1":0},"b":{},"meta":{"lastBranch":0,"lastFunction":2,"lastStatement":3,"seen":{"s:9:32:17:Infinity":0,"f:15:17:15:18":0,"s:16:4:16:Infinity":1,"f:16:71:16:78":1,"s:16:78:16:86":2}}}
,"/home/gustavolendimuth/projetos/compra-coletiva/frontend/src/api/services/auth.service.ts": {"path":"/home/gustavolendimuth/projetos/compra-coletiva/frontend/src/api/services/auth.service.ts","statementMap":{"0":{"start":{"line":15,"column":27},"end":{"line":56,"column":null}},"1":{"start":{"line":22,"column":4},"end":{"line":22,"column":null}},"2":{"start":{"line":22,"column":70},"end":{"line":22,"column":78}},"3":{"start":{"line":30,"column":4},"end":{"line":30,"column":null}},"4":{"start":{"line":30,"column":67},"end":{"line":30,"column":75}},"5":{"start":{"line":38,"column":4},"end":{"line":38,"column":null}},"6":{"start":{"line":38,"column":84},"end":{"line":38,"column":92}},"7":{"start":{"line":45,"column":4},"end":{"line":45,"column":null}},"8":{"start":{"line":45,"column":72},"end":{"line":45,"column":80}},"9":{"start":{"line":53,"column":4},"end":{"line":55,"column":null}},"10":{"start":{"line":55,"column":19},"end":{"line":55,"column":32}}},"fnMap":{"0":{"name":"(anonymous_0)","decl":{"start":{"line":21,"column":12},"end":{"line":21,"column":13}},"loc":{"start":{"line":22,"column":4},"end":{"line":22,"column":null}},"line":22},"1":{"name":"(anonymous_1)","decl":{"start":{"line":22,"column":63},"end":{"line":22,"column":70}},"loc":{"start":{"line":22,"column":70},"end":{"line":22,"column":78}},"line":22},"2":{"name":"(anonymous_2)","decl":{"start":{"line":29,"column":9},"end":{"line":29,"column":10}},"loc":{"start":{"line":30,"column":4},"end":{"line":30,"column":null}},"line":30},"3":{"name":"(anonymous_3)","decl":{"start":{"line":30,"column":60},"end":{"line":30,"column":67}},"loc":{"start":{"line":30,"column":67},"end":{"line":30,"column":75}},"line":30},"4":{"name":"(anonymous_4)","decl":{"start":{"line":37,"column":11},"end":{"line":37,"column":12}},"loc":{"start":{"line":38,"column":4},"end":{"line":38,"column":null}},"line":38},"5":{"name":"(anonymous_5)","decl":{"start":{"line":38,"column":77},"end":{"line":38,"column":84}},"loc":{"start":{"line":38,"column":84},"end":{"line":38,"column":92}},"line":38},"6":{"name":"(anonymous_6)","decl":{"start":{"line":44,"column":10},"end":{"line":44,"column":11}},"loc":{"start":{"line":45,"column":4},"end":{"line":45,"column":null}},"line":45},"7":{"name":"(anonymous_7)","decl":{"start":{"line":45,"column":65},"end":{"line":45,"column":72}},"loc":{"start":{"line":45,"column":72},"end":{"line":45,"column":80}},"line":45},"8":{"name":"(anonymous_8)","decl":{"start":{"line":52,"column":6},"end":{"line":52,"column":7}},"loc":{"start":{"line":53,"column":4},"end":{"line":55,"column":null}},"line":53},"9":{"name":"(anonymous_9)","decl":{"start":{"line":55,"column":12},"end":{"line":55,"column":19}},"loc":{"start":{"line":55,"column":19},"end":{"line":55,"column":32}},"line":55}},"branchMap":{},"s":{"0":1,"1":0,"2":0,"3":0,"4":0,"5":0,"6":0,"7":0,"8":0,"9":0,"10":0},"f":{"0":0,"1":0,"2":0,"3":0,"4":0,"5":0,"6":0,"7":0,"8":0,"9":0},"b":{},"meta":{"lastBranch":0,"lastFunction":10,"lastStatement":11,"seen":{"s:15:27:56:Infinity":0,"f:21:12:21:13":0,"s:22:4:22:Infinity":1,"f:22:63:22:70":1,"s:22:70:22:78":2,"f:29:9:29:10":2,"s:30:4:30:Infinity":3,"f:30:60:30:67":3,"s:30:67:30:75":4,"f:37:11:37:12":4,"s:38:4:38:Infinity":5,"f:38:77:38:84":5,"s:38:84:38:92":6,"f:44:10:44:11":6,"s:45:4:45:Infinity":7,"f:45:65:45:72":7,"s:45:72:45:80":8,"f:52:6:52:7":8,"s:53:4:55:Infinity":9,"f:55:12:55:19":9,"s:55:19:55:32":10}}}
,"/home/gustavolendimuth/projetos/compra-coletiva/frontend/src/api/services/campaign.service.ts": {"path":"/home/gustavolendimuth/projetos/compra-coletiva/frontend/src/api/services/campaign.service.ts","statementMap":{"0":{"start":{"line":15,"column":31},"end":{"line":103,"column":null}},"1":{"start":{"line":22,"column":4},"end":{"line":22,"column":null}},"2":{"start":{"line":22,"column":78},"end":{"line":22,"column":86}},"3":{"start":{"line":29,"column":4},"end":{"line":29,"column":null}},"4":{"start":{"line":29,"column":66},"end":{"line":29,"column":79}},"5":{"start":{"line":37,"column":4},"end":{"line":37,"column":null}},"6":{"start":{"line":37,"column":60},"end":{"line":37,"column":68}},"7":{"start":{"line":45,"column":4},"end":{"line":45,"column":null}},"8":{"start":{"line":45,"column":61},"end":{"line":45,"column":69}},"9":{"start":{"line":54,"column":4},"end":{"line":54,"column":null}},"10":{"start":{"line":54,"column":68},"end":{"line":54,"column":76}},"11":{"start":{"line":63,"column":4},"end":{"line":63,"column":null}},"12":{"start":{"line":63,"column":81},"end":{"line":63,"column":89}},"13":{"start":{"line":70,"column":4},"end":{"line":70,"column":null}},"14":{"start":{"line":70,"column":53},"end":{"line":70,"column":61}},"15":{"start":{"line":78,"column":21},"end":{"line":80,"column":null}},"16":{"start":{"line":83,"column":16},"end":{"line":83,"column":null}},"17":{"start":{"line":84,"column":17},"end":{"line":84,"column":null}},"18":{"start":{"line":85,"column":4},"end":{"line":85,"column":null}},"19":{"start":{"line":88,"column":31},"end":{"line":88,"column":null}},"20":{"start":{"line":89,"column":19},"end":{"line":89,"column":null}},"21":{"start":{"line":90,"column":4},"end":{"line":95,"column":null}},"22":{"start":{"line":91,"column":28},"end":{"line":91,"column":null}},"23":{"start":{"line":92,"column":6},"end":{"line":94,"column":null}},"24":{"start":{"line":93,"column":8},"end":{"line":93,"column":null}},"25":{"start":{"line":97,"column":4},"end":{"line":97,"column":null}},"26":{"start":{"line":98,"column":4},"end":{"line":98,"column":null}},"27":{"start":{"line":99,"column":4},"end":{"line":99,"column":null}},"28":{"start":{"line":100,"column":4},"end":{"line":100,"column":null}},"29":{"start":{"line":101,"column":4},"end":{"line":101,"column":null}}},"fnMap":{"0":{"name":"(anonymous_0)","decl":{"start":{"line":21,"column":8},"end":{"line":21,"column":9}},"loc":{"start":{"line":22,"column":4},"end":{"line":22,"column":null}},"line":22},"1":{"name":"(anonymous_1)","decl":{"start":{"line":22,"column":71},"end":{"line":22,"column":78}},"loc":{"start":{"line":22,"column":78},"end":{"line":22,"column":86}},"line":22},"2":{"name":"(anonymous_2)","decl":{"start":{"line":28,"column":10},"end":{"line":28,"column":null}},"loc":{"start":{"line":29,"column":4},"end":{"line":29,"column":null}},"line":29},"3":{"name":"(anonymous_3)","decl":{"start":{"line":29,"column":59},"end":{"line":29,"column":66}},"loc":{"start":{"line":29,"column":66},"end":{"line":29,"column":79}},"line":29},"4":{"name":"(anonymous_4)","decl":{"start":{"line":36,"column":11},"end":{"line":36,"column":12}},"loc":{"start":{"line":37,"column":4},"end":{"line":37,"column":null}},"line":37},"5":{"name":"(anonymous_5)","decl":{"start":{"line":37,"column":53},"end":{"line":37,"column":60}},"loc":{"start":{"line":37,"column":60},"end":{"line":37,"column":68}},"line":37},"6":{"name":"(anonymous_6)","decl":{"start":{"line":44,"column":10},"end":{"line":44,"column":11}},"loc":{"start":{"line":45,"column":4},"end":{"line":45,"column":null}},"line":45},"7":{"name":"(anonymous_7)","decl":{"start":{"line":45,"column":54},"end":{"line":45,"column":61}},"loc":{"start":{"line":45,"column":61},"end":{"line":45,"column":69}},"line":45},"8":{"name":"(anonymous_8)","decl":{"start":{"line":53,"column":10},"end":{"line":53,"column":11}},"loc":{"start":{"line":54,"column":4},"end":{"line":54,"column":null}},"line":54},"9":{"name":"(anonymous_9)","decl":{"start":{"line":54,"column":61},"end":{"line":54,"column":68}},"loc":{"start":{"line":54,"column":68},"end":{"line":54,"column":76}},"line":54},"10":{"name":"(anonymous_10)","decl":{"start":{"line":62,"column":16},"end":{"line":62,"column":17}},"loc":{"start":{"line":63,"column":4},"end":{"line":63,"column":null}},"line":63},"11":{"name":"(anonymous_11)","decl":{"start":{"line":63,"column":74},"end":{"line":63,"column":81}},"loc":{"start":{"line":63,"column":81},"end":{"line":63,"column":89}},"line":63},"12":{"name":"(anonymous_12)","decl":{"start":{"line":69,"column":10},"end":{"line":69,"column":11}},"loc":{"start":{"line":70,"column":4},"end":{"line":70,"column":null}},"line":70},"13":{"name":"(anonymous_13)","decl":{"start":{"line":70,"column":46},"end":{"line":70,"column":53}},"loc":{"start":{"line":70,"column":53},"end":{"line":70,"column":61}},"line":70},"14":{"name":"(anonymous_14)","decl":{"start":{"line":77,"column":27},"end":{"line":77,"column":34}},"loc":{"start":{"line":77,"column":49},"end":{"line":102,"column":null}},"line":77}},"branchMap":{"0":{"loc":{"start":{"line":21,"column":9},"end":{"line":21,"column":null}},"type":"default-arg","locations":[{"start":{"line":21,"column":38},"end":{"line":21,"column":null}}],"line":21},"1":{"loc":{"start":{"line":90,"column":4},"end":{"line":95,"column":null}},"type":"if","locations":[{"start":{"line":90,"column":4},"end":{"line":95,"column":null}},{"start":{},"end":{}}],"line":90},"2":{"loc":{"start":{"line":92,"column":6},"end":{"line":94,"column":null}},"type":"if","locations":[{"start":{"line":92,"column":6},"end":{"line":94,"column":null}},{"start":{},"end":{}}],"line":92}},"s":{"0":1,"1":0,"2":0,"3":0,"4":0,"5":0,"6":0,"7":0,"8":0,"9":0,"10":0,"11":0,"12":0,"13":0,"14":0,"15":0,"16":0,"17":0,"18":0,"19":0,"20":0,"21":0,"22":0,"23":0,"24":0,"25":0,"26":0,"27":0,"28":0,"29":0},"f":{"0":0,"1":0,"2":0,"3":0,"4":0,"5":0,"6":0,"7":0,"8":0,"9":0,"10":0,"11":0,"12":0,"13":0,"14":0},"b":{"0":[0],"1":[0,0],"2":[0,0]},"meta":{"lastBranch":3,"lastFunction":15,"lastStatement":30,"seen":{"s:15:31:103:Infinity":0,"f:21:8:21:9":0,"s:22:4:22:Infinity":1,"b:21:38:21:Infinity":0,"f:22:71:22:78":1,"s:22:78:22:86":2,"f:28:10:28:Infinity":2,"s:29:4:29:Infinity":3,"f:29:59:29:66":3,"s:29:66:29:79":4,"f:36:11:36:12":4,"s:37:4:37:Infinity":5,"f:37:53:37:60":5,"s:37:60:37:68":6,"f:44:10:44:11":6,"s:45:4:45:Infinity":7,"f:45:54:45:61":7,"s:45:61:45:69":8,"f:53:10:53:11":8,"s:54:4:54:Infinity":9,"f:54:61:54:68":9,"s:54:68:54:76":10,"f:62:16:62:17":10,"s:63:4:63:Infinity":11,"f:63:74:63:81":11,"s:63:81:63:89":12,"f:69:10:69:11":12,"s:70:4:70:Infinity":13,"f:70:46:70:53":13,"s:70:53:70:61":14,"f:77:27:77:34":14,"s:78:21:80:Infinity":15,"s:83:16:83:Infinity":16,"s:84:17:84:Infinity":17,"s:85:4:85:Infinity":18,"s:88:31:88:Infinity":19,"s:89:19:89:Infinity":20,"b:90:4:95:Infinity:undefined:undefined:undefined:undefined":1,"s:90:4:95:Infinity":21,"s:91:28:91:Infinity":22,"b:92:6:94:Infinity:undefined:undefined:undefined:undefined":2,"s:92:6:94:Infinity":23,"s:93:8:93:Infinity":24,"s:97:4:97:Infinity":25,"s:98:4:98:Infinity":26,"s:99:4:99:Infinity":27,"s:100:4:100:Infinity":28,"s:101:4:101:Infinity":29}}}
,"/home/gustavolendimuth/projetos/compra-coletiva/frontend/src/api/services/feedback.service.ts": {"path":"/home/gustavolendimuth/projetos/compra-coletiva/frontend/src/api/services/feedback.service.ts","statementMap":{"0":{"start":{"line":16,"column":31},"end":{"line":62,"column":null}},"1":{"start":{"line":23,"column":4},"end":{"line":23,"column":null}},"2":{"start":{"line":23,"column":60},"end":{"line":23,"column":68}},"3":{"start":{"line":31,"column":4},"end":{"line":31,"column":null}},"4":{"start":{"line":31,"column":77},"end":{"line":31,"column":85}},"5":{"start":{"line":38,"column":4},"end":{"line":38,"column":null}},"6":{"start":{"line":38,"column":58},"end":{"line":38,"column":66}},"7":{"start":{"line":45,"column":4},"end":{"line":45,"column":null}},"8":{"start":{"line":45,"column":72},"end":{"line":45,"column":80}},"9":{"start":{"line":54,"column":4},"end":{"line":54,"column":null}},"10":{"start":{"line":54,"column":67},"end":{"line":54,"column":75}},"11":{"start":{"line":61,"column":4},"end":{"line":61,"column":null}},"12":{"start":{"line":61,"column":52},"end":{"line":61,"column":60}}},"fnMap":{"0":{"name":"(anonymous_0)","decl":{"start":{"line":22,"column":10},"end":{"line":22,"column":11}},"loc":{"start":{"line":23,"column":4},"end":{"line":23,"column":null}},"line":23},"1":{"name":"(anonymous_1)","decl":{"start":{"line":23,"column":53},"end":{"line":23,"column":60}},"loc":{"start":{"line":23,"column":60},"end":{"line":23,"column":68}},"line":23},"2":{"name":"(anonymous_2)","decl":{"start":{"line":30,"column":8},"end":{"line":30,"column":9}},"loc":{"start":{"line":31,"column":4},"end":{"line":31,"column":null}},"line":31},"3":{"name":"(anonymous_3)","decl":{"start":{"line":31,"column":70},"end":{"line":31,"column":77}},"loc":{"start":{"line":31,"column":77},"end":{"line":31,"column":85}},"line":31},"4":{"name":"(anonymous_4)","decl":{"start":{"line":37,"column":11},"end":{"line":37,"column":null}},"loc":{"start":{"line":38,"column":4},"end":{"line":38,"column":null}},"line":38},"5":{"name":"(anonymous_5)","decl":{"start":{"line":38,"column":51},"end":{"line":38,"column":58}},"loc":{"start":{"line":38,"column":58},"end":{"line":38,"column":66}},"line":38},"6":{"name":"(anonymous_6)","decl":{"start":{"line":44,"column":12},"end":{"line":44,"column":null}},"loc":{"start":{"line":45,"column":4},"end":{"line":45,"column":null}},"line":45},"7":{"name":"(anonymous_7)","decl":{"start":{"line":45,"column":65},"end":{"line":45,"column":72}},"loc":{"start":{"line":45,"column":72},"end":{"line":45,"column":80}},"line":45},"8":{"name":"(anonymous_8)","decl":{"start":{"line":53,"column":16},"end":{"line":53,"column":17}},"loc":{"start":{"line":54,"column":4},"end":{"line":54,"column":null}},"line":54},"9":{"name":"(anonymous_9)","decl":{"start":{"line":54,"column":60},"end":{"line":54,"column":67}},"loc":{"start":{"line":54,"column":67},"end":{"line":54,"column":75}},"line":54},"10":{"name":"(anonymous_10)","decl":{"start":{"line":60,"column":10},"end":{"line":60,"column":11}},"loc":{"start":{"line":61,"column":4},"end":{"line":61,"column":null}},"line":61},"11":{"name":"(anonymous_11)","decl":{"start":{"line":61,"column":45},"end":{"line":61,"column":52}},"loc":{"start":{"line":61,"column":52},"end":{"line":61,"column":60}},"line":61}},"branchMap":{},"s":{"0":1,"1":0,"2":0,"3":0,"4":0,"5":0,"6":0,"7":0,"8":0,"9":0,"10":0,"11":0,"12":0},"f":{"0":0,"1":0,"2":0,"3":0,"4":0,"5":0,"6":0,"7":0,"8":0,"9":0,"10":0,"11":0},"b":{},"meta":{"lastBranch":0,"lastFunction":12,"lastStatement":13,"seen":{"s:16:31:62:Infinity":0,"f:22:10:22:11":0,"s:23:4:23:Infinity":1,"f:23:53:23:60":1,"s:23:60:23:68":2,"f:30:8:30:9":2,"s:31:4:31:Infinity":3,"f:31:70:31:77":3,"s:31:77:31:85":4,"f:37:11:37:Infinity":4,"s:38:4:38:Infinity":5,"f:38:51:38:58":5,"s:38:58:38:66":6,"f:44:12:44:Infinity":6,"s:45:4:45:Infinity":7,"f:45:65:45:72":7,"s:45:72:45:80":8,"f:53:16:53:17":8,"s:54:4:54:Infinity":9,"f:54:60:54:67":9,"s:54:67:54:75":10,"f:60:10:60:11":10,"s:61:4:61:Infinity":11,"f:61:45:61:52":11,"s:61:52:61:60":12}}}
,"/home/gustavolendimuth/projetos/compra-coletiva/frontend/src/api/services/message.service.ts": {"path":"/home/gustavolendimuth/projetos/compra-coletiva/frontend/src/api/services/message.service.ts","statementMap":{"0":{"start":{"line":23,"column":35},"end":{"line":46,"column":null}},"1":{"start":{"line":30,"column":4},"end":{"line":30,"column":null}},"2":{"start":{"line":30,"column":84},"end":{"line":30,"column":92}},"3":{"start":{"line":38,"column":4},"end":{"line":38,"column":null}},"4":{"start":{"line":38,"column":64},"end":{"line":38,"column":72}},"5":{"start":{"line":45,"column":4},"end":{"line":45,"column":null}},"6":{"start":{"line":45,"column":77},"end":{"line":45,"column":85}},"7":{"start":{"line":51,"column":38},"end":{"line":117,"column":null}},"8":{"start":{"line":59,"column":4},"end":{"line":61,"column":null}},"9":{"start":{"line":61,"column":19},"end":{"line":61,"column":27}},"10":{"start":{"line":69,"column":4},"end":{"line":69,"column":null}},"11":{"start":{"line":69,"column":90},"end":{"line":69,"column":98}},"12":{"start":{"line":78,"column":4},"end":{"line":79,"column":null}},"13":{"start":{"line":79,"column":19},"end":{"line":79,"column":27}},"14":{"start":{"line":87,"column":4},"end":{"line":89,"column":null}},"15":{"start":{"line":89,"column":19},"end":{"line":89,"column":27}},"16":{"start":{"line":97,"column":4},"end":{"line":99,"column":null}},"17":{"start":{"line":99,"column":19},"end":{"line":99,"column":27}},"18":{"start":{"line":108,"column":4},"end":{"line":109,"column":null}},"19":{"start":{"line":109,"column":19},"end":{"line":109,"column":27}},"20":{"start":{"line":116,"column":4},"end":{"line":116,"column":null}},"21":{"start":{"line":116,"column":61},"end":{"line":116,"column":69}}},"fnMap":{"0":{"name":"(anonymous_0)","decl":{"start":{"line":29,"column":14},"end":{"line":29,"column":15}},"loc":{"start":{"line":30,"column":4},"end":{"line":30,"column":null}},"line":30},"1":{"name":"(anonymous_1)","decl":{"start":{"line":30,"column":77},"end":{"line":30,"column":84}},"loc":{"start":{"line":30,"column":84},"end":{"line":30,"column":92}},"line":30},"2":{"name":"(anonymous_2)","decl":{"start":{"line":37,"column":10},"end":{"line":37,"column":11}},"loc":{"start":{"line":38,"column":4},"end":{"line":38,"column":null}},"line":38},"3":{"name":"(anonymous_3)","decl":{"start":{"line":38,"column":57},"end":{"line":38,"column":64}},"loc":{"start":{"line":38,"column":64},"end":{"line":38,"column":72}},"line":38},"4":{"name":"(anonymous_4)","decl":{"start":{"line":44,"column":18},"end":{"line":44,"column":null}},"loc":{"start":{"line":45,"column":4},"end":{"line":45,"column":null}},"line":45},"5":{"name":"(anonymous_5)","decl":{"start":{"line":45,"column":70},"end":{"line":45,"column":77}},"loc":{"start":{"line":45,"column":77},"end":{"line":45,"column":85}},"line":45},"6":{"name":"(anonymous_6)","decl":{"start":{"line":58,"column":8},"end":{"line":58,"column":9}},"loc":{"start":{"line":59,"column":4},"end":{"line":61,"column":null}},"line":59},"7":{"name":"(anonymous_7)","decl":{"start":{"line":61,"column":12},"end":{"line":61,"column":19}},"loc":{"start":{"line":61,"column":19},"end":{"line":61,"column":27}},"line":61},"8":{"name":"(anonymous_8)","decl":{"start":{"line":68,"column":10},"end":{"line":68,"column":11}},"loc":{"start":{"line":69,"column":4},"end":{"line":69,"column":null}},"line":69},"9":{"name":"(anonymous_9)","decl":{"start":{"line":69,"column":83},"end":{"line":69,"column":90}},"loc":{"start":{"line":69,"column":90},"end":{"line":69,"column":98}},"line":69},"10":{"name":"(anonymous_10)","decl":{"start":{"line":77,"column":8},"end":{"line":77,"column":9}},"loc":{"start":{"line":78,"column":4},"end":{"line":79,"column":null}},"line":78},"11":{"name":"(anonymous_11)","decl":{"start":{"line":79,"column":12},"end":{"line":79,"column":19}},"loc":{"start":{"line":79,"column":19},"end":{"line":79,"column":27}},"line":79},"12":{"name":"(anonymous_12)","decl":{"start":{"line":86,"column":11},"end":{"line":86,"column":12}},"loc":{"start":{"line":87,"column":4},"end":{"line":89,"column":null}},"line":87},"13":{"name":"(anonymous_13)","decl":{"start":{"line":89,"column":12},"end":{"line":89,"column":19}},"loc":{"start":{"line":89,"column":19},"end":{"line":89,"column":27}},"line":89},"14":{"name":"(anonymous_14)","decl":{"start":{"line":96,"column":17},"end":{"line":96,"column":18}},"loc":{"start":{"line":97,"column":4},"end":{"line":99,"column":null}},"line":97},"15":{"name":"(anonymous_15)","decl":{"start":{"line":99,"column":12},"end":{"line":99,"column":19}},"loc":{"start":{"line":99,"column":19},"end":{"line":99,"column":27}},"line":99},"16":{"name":"(anonymous_16)","decl":{"start":{"line":107,"column":10},"end":{"line":107,"column":11}},"loc":{"start":{"line":108,"column":4},"end":{"line":109,"column":null}},"line":108},"17":{"name":"(anonymous_17)","decl":{"start":{"line":109,"column":12},"end":{"line":109,"column":19}},"loc":{"start":{"line":109,"column":19},"end":{"line":109,"column":27}},"line":109},"18":{"name":"(anonymous_18)","decl":{"start":{"line":115,"column":10},"end":{"line":115,"column":11}},"loc":{"start":{"line":116,"column":4},"end":{"line":116,"column":null}},"line":116},"19":{"name":"(anonymous_19)","decl":{"start":{"line":116,"column":54},"end":{"line":116,"column":61}},"loc":{"start":{"line":116,"column":61},"end":{"line":116,"column":69}},"line":116}},"branchMap":{},"s":{"0":1,"1":0,"2":0,"3":0,"4":0,"5":0,"6":0,"7":1,"8":0,"9":0,"10":0,"11":0,"12":0,"13":0,"14":0,"15":0,"16":0,"17":0,"18":0,"19":0,"20":0,"21":0},"f":{"0":0,"1":0,"2":0,"3":0,"4":0,"5":0,"6":0,"7":0,"8":0,"9":0,"10":0,"11":0,"12":0,"13":0,"14":0,"15":0,"16":0,"17":0,"18":0,"19":0},"b":{},"meta":{"lastBranch":0,"lastFunction":20,"lastStatement":22,"seen":{"s:23:35:46:Infinity":0,"f:29:14:29:15":0,"s:30:4:30:Infinity":1,"f:30:77:30:84":1,"s:30:84:30:92":2,"f:37:10:37:11":2,"s:38:4:38:Infinity":3,"f:38:57:38:64":3,"s:38:64:38:72":4,"f:44:18:44:Infinity":4,"s:45:4:45:Infinity":5,"f:45:70:45:77":5,"s:45:77:45:85":6,"s:51:38:117:Infinity":7,"f:58:8:58:9":6,"s:59:4:61:Infinity":8,"f:61:12:61:19":7,"s:61:19:61:27":9,"f:68:10:68:11":8,"s:69:4:69:Infinity":10,"f:69:83:69:90":9,"s:69:90:69:98":11,"f:77:8:77:9":10,"s:78:4:79:Infinity":12,"f:79:12:79:19":11,"s:79:19:79:27":13,"f:86:11:86:12":12,"s:87:4:89:Infinity":14,"f:89:12:89:19":13,"s:89:19:89:27":15,"f:96:17:96:18":14,"s:97:4:99:Infinity":16,"f:99:12:99:19":15,"s:99:19:99:27":17,"f:107:10:107:11":16,"s:108:4:109:Infinity":18,"f:109:12:109:19":17,"s:109:19:109:27":19,"f:115:10:115:11":18,"s:116:4:116:Infinity":20,"f:116:54:116:61":19,"s:116:61:116:69":21}}}
,"/home/gustavolendimuth/projetos/compra-coletiva/frontend/src/api/services/notification.service.ts": {"path":"/home/gustavolendimuth/projetos/compra-coletiva/frontend/src/api/services/notification.service.ts","statementMap":{"0":{"start":{"line":9,"column":35},"end":{"line":31,"column":null}},"1":{"start":{"line":15,"column":4},"end":{"line":15,"column":null}},"2":{"start":{"line":15,"column":74},"end":{"line":15,"column":82}},"3":{"start":{"line":23,"column":4},"end":{"line":23,"column":null}},"4":{"start":{"line":23,"column":75},"end":{"line":23,"column":83}},"5":{"start":{"line":30,"column":4},"end":{"line":30,"column":null}},"6":{"start":{"line":30,"column":57},"end":{"line":30,"column":65}}},"fnMap":{"0":{"name":"(anonymous_0)","decl":{"start":{"line":14,"column":8},"end":{"line":14,"column":null}},"loc":{"start":{"line":15,"column":4},"end":{"line":15,"column":null}},"line":15},"1":{"name":"(anonymous_1)","decl":{"start":{"line":15,"column":67},"end":{"line":15,"column":74}},"loc":{"start":{"line":15,"column":74},"end":{"line":15,"column":82}},"line":15},"2":{"name":"(anonymous_2)","decl":{"start":{"line":22,"column":14},"end":{"line":22,"column":15}},"loc":{"start":{"line":23,"column":4},"end":{"line":23,"column":null}},"line":23},"3":{"name":"(anonymous_3)","decl":{"start":{"line":23,"column":68},"end":{"line":23,"column":75}},"loc":{"start":{"line":23,"column":75},"end":{"line":23,"column":83}},"line":23},"4":{"name":"(anonymous_4)","decl":{"start":{"line":29,"column":10},"end":{"line":29,"column":11}},"loc":{"start":{"line":30,"column":4},"end":{"line":30,"column":null}},"line":30},"5":{"name":"(anonymous_5)","decl":{"start":{"line":30,"column":50},"end":{"line":30,"column":57}},"loc":{"start":{"line":30,"column":57},"end":{"line":30,"column":65}},"line":30}},"branchMap":{},"s":{"0":1,"1":0,"2":0,"3":0,"4":0,"5":0,"6":0},"f":{"0":0,"1":0,"2":0,"3":0,"4":0,"5":0},"b":{},"meta":{"lastBranch":0,"lastFunction":6,"lastStatement":7,"seen":{"s:9:35:31:Infinity":0,"f:14:8:14:Infinity":0,"s:15:4:15:Infinity":1,"f:15:67:15:74":1,"s:15:74:15:82":2,"f:22:14:22:15":2,"s:23:4:23:Infinity":3,"f:23:68:23:75":3,"s:23:75:23:83":4,"f:29:10:29:11":4,"s:30:4:30:Infinity":5,"f:30:50:30:57":5,"s:30:57:30:65":6}}}
,"/home/gustavolendimuth/projetos/compra-coletiva/frontend/src/api/services/order.service.ts": {"path":"/home/gustavolendimuth/projetos/compra-coletiva/frontend/src/api/services/order.service.ts","statementMap":{"0":{"start":{"line":9,"column":28},"end":{"line":50,"column":null}},"1":{"start":{"line":16,"column":4},"end":{"line":16,"column":null}},"2":{"start":{"line":16,"column":78},"end":{"line":16,"column":86}},"3":{"start":{"line":24,"column":4},"end":{"line":24,"column":null}},"4":{"start":{"line":24,"column":55},"end":{"line":24,"column":63}},"5":{"start":{"line":33,"column":4},"end":{"line":33,"column":null}},"6":{"start":{"line":33,"column":62},"end":{"line":33,"column":70}},"7":{"start":{"line":42,"column":4},"end":{"line":42,"column":null}},"8":{"start":{"line":42,"column":60},"end":{"line":42,"column":68}},"9":{"start":{"line":49,"column":4},"end":{"line":49,"column":null}},"10":{"start":{"line":49,"column":50},"end":{"line":49,"column":58}}},"fnMap":{"0":{"name":"(anonymous_0)","decl":{"start":{"line":15,"column":17},"end":{"line":15,"column":18}},"loc":{"start":{"line":16,"column":4},"end":{"line":16,"column":null}},"line":16},"1":{"name":"(anonymous_1)","decl":{"start":{"line":16,"column":71},"end":{"line":16,"column":78}},"loc":{"start":{"line":16,"column":78},"end":{"line":16,"column":86}},"line":16},"2":{"name":"(anonymous_2)","decl":{"start":{"line":23,"column":10},"end":{"line":23,"column":11}},"loc":{"start":{"line":24,"column":4},"end":{"line":24,"column":null}},"line":24},"3":{"name":"(anonymous_3)","decl":{"start":{"line":24,"column":48},"end":{"line":24,"column":55}},"loc":{"start":{"line":24,"column":55},"end":{"line":24,"column":63}},"line":24},"4":{"name":"(anonymous_4)","decl":{"start":{"line":32,"column":10},"end":{"line":32,"column":11}},"loc":{"start":{"line":33,"column":4},"end":{"line":33,"column":null}},"line":33},"5":{"name":"(anonymous_5)","decl":{"start":{"line":33,"column":55},"end":{"line":33,"column":62}},"loc":{"start":{"line":33,"column":62},"end":{"line":33,"column":70}},"line":33},"6":{"name":"(anonymous_6)","decl":{"start":{"line":41,"column":19},"end":{"line":41,"column":20}},"loc":{"start":{"line":42,"column":4},"end":{"line":42,"column":null}},"line":42},"7":{"name":"(anonymous_7)","decl":{"start":{"line":42,"column":53},"end":{"line":42,"column":60}},"loc":{"start":{"line":42,"column":60},"end":{"line":42,"column":68}},"line":42},"8":{"name":"(anonymous_8)","decl":{"start":{"line":48,"column":10},"end":{"line":48,"column":11}},"loc":{"start":{"line":49,"column":4},"end":{"line":49,"column":null}},"line":49},"9":{"name":"(anonymous_9)","decl":{"start":{"line":49,"column":43},"end":{"line":49,"column":50}},"loc":{"start":{"line":49,"column":50},"end":{"line":49,"column":58}},"line":49}},"branchMap":{},"s":{"0":1,"1":0,"2":0,"3":0,"4":0,"5":0,"6":0,"7":0,"8":0,"9":0,"10":0},"f":{"0":0,"1":0,"2":0,"3":0,"4":0,"5":0,"6":0,"7":0,"8":0,"9":0},"b":{},"meta":{"lastBranch":0,"lastFunction":10,"lastStatement":11,"seen":{"s:9:28:50:Infinity":0,"f:15:17:15:18":0,"s:16:4:16:Infinity":1,"f:16:71:16:78":1,"s:16:78:16:86":2,"f:23:10:23:11":2,"s:24:4:24:Infinity":3,"f:24:48:24:55":3,"s:24:55:24:63":4,"f:32:10:32:11":4,"s:33:4:33:Infinity":5,"f:33:55:33:62":5,"s:33:62:33:70":6,"f:41:19:41:20":6,"s:42:4:42:Infinity":7,"f:42:53:42:60":7,"s:42:60:42:68":8,"f:48:10:48:11":8,"s:49:4:49:Infinity":9,"f:49:43:49:50":9,"s:49:50:49:58":10}}}
,"/home/gustavolendimuth/projetos/compra-coletiva/frontend/src/api/services/product.service.ts": {"path":"/home/gustavolendimuth/projetos/compra-coletiva/frontend/src/api/services/product.service.ts","statementMap":{"0":{"start":{"line":9,"column":30},"end":{"line":41,"column":null}},"1":{"start":{"line":16,"column":4},"end":{"line":16,"column":null}},"2":{"start":{"line":16,"column":82},"end":{"line":16,"column":90}},"3":{"start":{"line":24,"column":4},"end":{"line":24,"column":null}},"4":{"start":{"line":24,"column":59},"end":{"line":24,"column":67}},"5":{"start":{"line":33,"column":4},"end":{"line":33,"column":null}},"6":{"start":{"line":33,"column":66},"end":{"line":33,"column":74}},"7":{"start":{"line":40,"column":4},"end":{"line":40,"column":null}},"8":{"start":{"line":40,"column":52},"end":{"line":40,"column":60}}},"fnMap":{"0":{"name":"(anonymous_0)","decl":{"start":{"line":15,"column":17},"end":{"line":15,"column":18}},"loc":{"start":{"line":16,"column":4},"end":{"line":16,"column":null}},"line":16},"1":{"name":"(anonymous_1)","decl":{"start":{"line":16,"column":75},"end":{"line":16,"column":82}},"loc":{"start":{"line":16,"column":82},"end":{"line":16,"column":90}},"line":16},"2":{"name":"(anonymous_2)","decl":{"start":{"line":23,"column":10},"end":{"line":23,"column":11}},"loc":{"start":{"line":24,"column":4},"end":{"line":24,"column":null}},"line":24},"3":{"name":"(anonymous_3)","decl":{"start":{"line":24,"column":52},"end":{"line":24,"column":59}},"loc":{"start":{"line":24,"column":59},"end":{"line":24,"column":67}},"line":24},"4":{"name":"(anonymous_4)","decl":{"start":{"line":32,"column":10},"end":{"line":32,"column":11}},"loc":{"start":{"line":33,"column":4},"end":{"line":33,"column":null}},"line":33},"5":{"name":"(anonymous_5)","decl":{"start":{"line":33,"column":59},"end":{"line":33,"column":66}},"loc":{"start":{"line":33,"column":66},"end":{"line":33,"column":74}},"line":33},"6":{"name":"(anonymous_6)","decl":{"start":{"line":39,"column":10},"end":{"line":39,"column":11}},"loc":{"start":{"line":40,"column":4},"end":{"line":40,"column":null}},"line":40},"7":{"name":"(anonymous_7)","decl":{"start":{"line":40,"column":45},"end":{"line":40,"column":52}},"loc":{"start":{"line":40,"column":52},"end":{"line":40,"column":60}},"line":40}},"branchMap":{},"s":{"0":1,"1":0,"2":0,"3":0,"4":0,"5":0,"6":0,"7":0,"8":0},"f":{"0":0,"1":0,"2":0,"3":0,"4":0,"5":0,"6":0,"7":0},"b":{},"meta":{"lastBranch":0,"lastFunction":8,"lastStatement":9,"seen":{"s:9:30:41:Infinity":0,"f:15:17:15:18":0,"s:16:4:16:Infinity":1,"f:16:75:16:82":1,"s:16:82:16:90":2,"f:23:10:23:11":2,"s:24:4:24:Infinity":3,"f:24:52:24:59":3,"s:24:59:24:67":4,"f:32:10:32:11":4,"s:33:4:33:Infinity":5,"f:33:59:33:66":5,"s:33:66:33:74":6,"f:39:10:39:11":6,"s:40:4:40:Infinity":7,"f:40:45:40:52":7,"s:40:52:40:60":8}}}
,"/home/gustavolendimuth/projetos/compra-coletiva/frontend/src/api/services/validation.service.ts": {"path":"/home/gustavolendimuth/projetos/compra-coletiva/frontend/src/api/services/validation.service.ts","statementMap":{"0":{"start":{"line":9,"column":33},"end":{"line":22,"column":null}},"1":{"start":{"line":21,"column":4},"end":{"line":21,"column":null}},"2":{"start":{"line":21,"column":86},"end":{"line":21,"column":94}}},"fnMap":{"0":{"name":"(anonymous_0)","decl":{"start":{"line":20,"column":20},"end":{"line":20,"column":21}},"loc":{"start":{"line":21,"column":4},"end":{"line":21,"column":null}},"line":21},"1":{"name":"(anonymous_1)","decl":{"start":{"line":21,"column":79},"end":{"line":21,"column":86}},"loc":{"start":{"line":21,"column":86},"end":{"line":21,"column":94}},"line":21}},"branchMap":{},"s":{"0":1,"1":0,"2":0},"f":{"0":0,"1":0},"b":{},"meta":{"lastBranch":0,"lastFunction":2,"lastStatement":3,"seen":{"s:9:33:22:Infinity":0,"f:20:20:20:21":0,"s:21:4:21:Infinity":1,"f:21:79:21:86":1,"s:21:86:21:94":2}}}
,"/home/gustavolendimuth/projetos/compra-coletiva/frontend/src/components/campaign/AnsweredQuestionItem.tsx": {"path":"/home/gustavolendimuth/projetos/compra-coletiva/frontend/src/components/campaign/AnsweredQuestionItem.tsx","statementMap":{"0":{"start":{"line":14,"column":36},"end":{"line":53,"column":null}},"1":{"start":{"line":15,"column":2},"end":{"line":51,"column":null}}},"fnMap":{"0":{"name":"(anonymous_0)","decl":{"start":{"line":14,"column":36},"end":{"line":14,"column":37}},"loc":{"start":{"line":14,"column":80},"end":{"line":53,"column":null}},"line":14}},"branchMap":{"0":{"loc":{"start":{"line":34,"column":7},"end":{"line":49,"column":null}},"type":"binary-expr","locations":[{"start":{"line":34,"column":7},"end":{"line":34,"column":null}},{"start":{"line":35,"column":8},"end":{"line":49,"column":null}}],"line":34}},"s":{"0":1,"1":0},"f":{"0":0},"b":{"0":[0,0]},"meta":{"lastBranch":1,"lastFunction":1,"lastStatement":2,"seen":{"s:14:36:53:Infinity":0,"f:14:36:14:37":0,"s:15:2:51:Infinity":1,"b:34:7:34:Infinity:35:8:49:Infinity":0}}}
,"/home/gustavolendimuth/projetos/compra-coletiva/frontend/src/components/campaign/CampaignCard.tsx": {"path":"/home/gustavolendimuth/projetos/compra-coletiva/frontend/src/components/campaign/CampaignCard.tsx","statementMap":{"0":{"start":{"line":17,"column":2},"end":{"line":44,"column":null}}},"fnMap":{"0":{"name":"CampaignCard","decl":{"start":{"line":13,"column":16},"end":{"line":13,"column":29}},"loc":{"start":{"line":16,"column":22},"end":{"line":46,"column":null}},"line":16}},"branchMap":{"0":{"loc":{"start":{"line":15,"column":2},"end":{"line":15,"column":null}},"type":"default-arg","locations":[{"start":{"line":15,"column":26},"end":{"line":15,"column":null}}],"line":15},"1":{"loc":{"start":{"line":31,"column":22},"end":{"line":31,"column":null}},"type":"binary-expr","locations":[{"start":{"line":31,"column":22},"end":{"line":31,"column":43}},{"start":{"line":31,"column":43},"end":{"line":31,"column":null}}],"line":31},"2":{"loc":{"start":{"line":32,"column":24},"end":{"line":32,"column":null}},"type":"binary-expr","locations":[{"start":{"line":32,"column":24},"end":{"line":32,"column":53}},{"start":{"line":32,"column":53},"end":{"line":32,"column":null}}],"line":32}},"s":{"0":102},"f":{"0":102},"b":{"0":[102],"1":[102,0],"2":[102,1]},"meta":{"lastBranch":3,"lastFunction":1,"lastStatement":1,"seen":{"f:13:16:13:29":0,"b:15:26:15:Infinity":0,"s:17:2:44:Infinity":0,"b:31:22:31:43:31:43:31:Infinity":1,"b:32:24:32:53:32:53:32:Infinity":2}}}
,"/home/gustavolendimuth/projetos/compra-coletiva/frontend/src/components/campaign/CampaignCardBody.tsx": {"path":"/home/gustavolendimuth/projetos/compra-coletiva/frontend/src/components/campaign/CampaignCardBody.tsx","statementMap":{"0":{"start":{"line":9,"column":2},"end":{"line":29,"column":null}}},"fnMap":{"0":{"name":"CampaignCardBody","decl":{"start":{"line":8,"column":16},"end":{"line":8,"column":33}},"loc":{"start":{"line":8,"column":70},"end":{"line":31,"column":null}},"line":8}},"branchMap":{"0":{"loc":{"start":{"line":12,"column":7},"end":{"line":15,"column":null}},"type":"binary-expr","locations":[{"start":{"line":12,"column":7},"end":{"line":12,"column":null}},{"start":{"line":13,"column":8},"end":{"line":15,"column":null}}],"line":12},"1":{"loc":{"start":{"line":22,"column":17},"end":{"line":22,"column":48}},"type":"binary-expr","locations":[{"start":{"line":22,"column":17},"end":{"line":22,"column":46}},{"start":{"line":22,"column":46},"end":{"line":22,"column":48}}],"line":22},"2":{"loc":{"start":{"line":26,"column":17},"end":{"line":26,"column":46}},"type":"binary-expr","locations":[{"start":{"line":26,"column":17},"end":{"line":26,"column":44}},{"start":{"line":26,"column":44},"end":{"line":26,"column":46}}],"line":26}},"s":{"0":119},"f":{"0":119},"b":{"0":[119,117],"1":[119,4],"2":[119,4]},"meta":{"lastBranch":3,"lastFunction":1,"lastStatement":1,"seen":{"f:8:16:8:33":0,"s:9:2:29:Infinity":0,"b:12:7:12:Infinity:13:8:15:Infinity":0,"b:22:17:22:46:22:46:22:48":1,"b:26:17:26:44:26:44:26:46":2}}}
,"/home/gustavolendimuth/projetos/compra-coletiva/frontend/src/components/campaign/CampaignCardFooter.tsx": {"path":"/home/gustavolendimuth/projetos/compra-coletiva/frontend/src/components/campaign/CampaignCardFooter.tsx","statementMap":{"0":{"start":{"line":9,"column":14},"end":{"line":9,"column":null}},"1":{"start":{"line":10,"column":23},"end":{"line":10,"column":null}},"2":{"start":{"line":11,"column":17},"end":{"line":11,"column":null}},"3":{"start":{"line":12,"column":19},"end":{"line":12,"column":null}},"4":{"start":{"line":14,"column":2},"end":{"line":20,"column":null}},"5":{"start":{"line":15,"column":4},"end":{"line":19,"column":null}},"6":{"start":{"line":22,"column":2},"end":{"line":29,"column":null}},"7":{"start":{"line":23,"column":22},"end":{"line":23,"column":null}},"8":{"start":{"line":24,"column":4},"end":{"line":28,"column":null}},"9":{"start":{"line":31,"column":2},"end":{"line":37,"column":null}},"10":{"start":{"line":32,"column":4},"end":{"line":36,"column":null}},"11":{"start":{"line":39,"column":2},"end":{"line":45,"column":null}},"12":{"start":{"line":40,"column":4},"end":{"line":44,"column":null}},"13":{"start":{"line":47,"column":2},"end":{"line":53,"column":null}},"14":{"start":{"line":48,"column":4},"end":{"line":52,"column":null}},"15":{"start":{"line":55,"column":2},"end":{"line":62,"column":null}},"16":{"start":{"line":66,"column":22},"end":{"line":70,"column":null}},"17":{"start":{"line":72,"column":2},"end":{"line":94,"column":null}},"18":{"start":{"line":83,"column":27},"end":{"line":83,"column":null}},"19":{"start":{"line":84,"column":10},"end":{"line":90,"column":null}}},"fnMap":{"0":{"name":"getDeadlineInfo","decl":{"start":{"line":8,"column":9},"end":{"line":8,"column":25}},"loc":{"start":{"line":8,"column":43},"end":{"line":63,"column":null}},"line":8},"1":{"name":"CampaignCardFooter","decl":{"start":{"line":65,"column":16},"end":{"line":65,"column":35}},"loc":{"start":{"line":65,"column":74},"end":{"line":96,"column":null}},"line":65},"2":{"name":"(anonymous_2)","decl":{"start":{"line":82,"column":31},"end":{"line":82,"column":37}},"loc":{"start":{"line":82,"column":37},"end":{"line":92,"column":11}},"line":82}},"branchMap":{"0":{"loc":{"start":{"line":14,"column":2},"end":{"line":20,"column":null}},"type":"if","locations":[{"start":{"line":14,"column":2},"end":{"line":20,"column":null}},{"start":{},"end":{}}],"line":14},"1":{"loc":{"start":{"line":22,"column":2},"end":{"line":29,"column":null}},"type":"if","locations":[{"start":{"line":22,"column":2},"end":{"line":29,"column":null}},{"start":{},"end":{}}],"line":22},"2":{"loc":{"start":{"line":31,"column":2},"end":{"line":37,"column":null}},"type":"if","locations":[{"start":{"line":31,"column":2},"end":{"line":37,"column":null}},{"start":{},"end":{}}],"line":31},"3":{"loc":{"start":{"line":39,"column":2},"end":{"line":45,"column":null}},"type":"if","locations":[{"start":{"line":39,"column":2},"end":{"line":45,"column":null}},{"start":{},"end":{}}],"line":39},"4":{"loc":{"start":{"line":47,"column":2},"end":{"line":53,"column":null}},"type":"if","locations":[{"start":{"line":47,"column":2},"end":{"line":53,"column":null}},{"start":{},"end":{}}],"line":47},"5":{"loc":{"start":{"line":82,"column":9},"end":{"line":92,"column":null}},"type":"binary-expr","locations":[{"start":{"line":82,"column":9},"end":{"line":82,"column":31}},{"start":{"line":82,"column":18},"end":{"line":92,"column":null}}],"line":82}},"s":{"0":123,"1":123,"2":123,"3":123,"4":123,"5":2,"6":121,"7":0,"8":0,"9":121,"10":3,"11":118,"12":2,"13":116,"14":114,"15":2,"16":124,"17":124,"18":123,"19":123},"f":{"0":123,"1":124,"2":123},"b":{"0":[2,121],"1":[0,121],"2":[3,118],"3":[2,116],"4":[114,2],"5":[124,123]},"meta":{"lastBranch":6,"lastFunction":3,"lastStatement":20,"seen":{"f:8:9:8:25":0,"s:9:14:9:Infinity":0,"s:10:23:10:Infinity":1,"s:11:17:11:Infinity":2,"s:12:19:12:Infinity":3,"b:14:2:20:Infinity:undefined:undefined:undefined:undefined":0,"s:14:2:20:Infinity":4,"s:15:4:19:Infinity":5,"b:22:2:29:Infinity:undefined:undefined:undefined:undefined":1,"s:22:2:29:Infinity":6,"s:23:22:23:Infinity":7,"s:24:4:28:Infinity":8,"b:31:2:37:Infinity:undefined:undefined:undefined:undefined":2,"s:31:2:37:Infinity":9,"s:32:4:36:Infinity":10,"b:39:2:45:Infinity:undefined:undefined:undefined:undefined":3,"s:39:2:45:Infinity":11,"s:40:4:44:Infinity":12,"b:47:2:53:Infinity:undefined:undefined:undefined:undefined":4,"s:47:2:53:Infinity":13,"s:48:4:52:Infinity":14,"s:55:2:62:Infinity":15,"f:65:16:65:35":1,"s:66:22:70:Infinity":16,"s:72:2:94:Infinity":17,"b:82:9:82:31:82:18:92:Infinity":5,"f:82:31:82:37":2,"s:83:27:83:Infinity":18,"s:84:10:90:Infinity":19}}}
,"/home/gustavolendimuth/projetos/compra-coletiva/frontend/src/components/campaign/CampaignCardHeader.tsx": {"path":"/home/gustavolendimuth/projetos/compra-coletiva/frontend/src/components/campaign/CampaignCardHeader.tsx","statementMap":{"0":{"start":{"line":7,"column":21},"end":{"line":24,"column":null}},"1":{"start":{"line":27,"column":17},"end":{"line":27,"column":null}},"2":{"start":{"line":29,"column":2},"end":{"line":51,"column":null}}},"fnMap":{"0":{"name":"CampaignCardHeader","decl":{"start":{"line":26,"column":16},"end":{"line":26,"column":35}},"loc":{"start":{"line":26,"column":74},"end":{"line":53,"column":null}},"line":26}},"branchMap":{"0":{"loc":{"start":{"line":46,"column":7},"end":{"line":49,"column":null}},"type":"binary-expr","locations":[{"start":{"line":46,"column":7},"end":{"line":46,"column":null}},{"start":{"line":47,"column":8},"end":{"line":49,"column":null}}],"line":46}},"s":{"0":3,"1":116,"2":116},"f":{"0":116},"b":{"0":[116,114]},"meta":{"lastBranch":1,"lastFunction":1,"lastStatement":3,"seen":{"s:7:21:24:Infinity":0,"f:26:16:26:35":0,"s:27:17:27:Infinity":1,"s:29:2:51:Infinity":2,"b:46:7:46:Infinity:47:8:49:Infinity":0}}}
,"/home/gustavolendimuth/projetos/compra-coletiva/frontend/src/components/campaign/CampaignCardSkeleton.tsx": {"path":"/home/gustavolendimuth/projetos/compra-coletiva/frontend/src/components/campaign/CampaignCardSkeleton.tsx","statementMap":{"0":{"start":{"line":2,"column":2},"end":{"line":45,"column":null}},"1":{"start":{"line":34,"column":10},"end":{"line":34,"column":null}},"2":{"start":{"line":54,"column":2},"end":{"line":59,"column":null}},"3":{"start":{"line":57,"column":8},"end":{"line":57,"column":null}}},"fnMap":{"0":{"name":"CampaignCardSkeleton","decl":{"start":{"line":1,"column":16},"end":{"line":1,"column":39}},"loc":{"start":{"line":1,"column":39},"end":{"line":47,"column":null}},"line":1},"1":{"name":"(anonymous_1)","decl":{"start":{"line":33,"column":26},"end":{"line":33,"column":27}},"loc":{"start":{"line":34,"column":10},"end":{"line":34,"column":null}},"line":34},"2":{"name":"CampaignGridSkeleton","decl":{"start":{"line":53,"column":16},"end":{"line":53,"column":37}},"loc":{"start":{"line":53,"column":79},"end":{"line":61,"column":null}},"line":53},"3":{"name":"(anonymous_3)","decl":{"start":{"line":56,"column":41},"end":{"line":56,"column":42}},"loc":{"start":{"line":57,"column":8},"end":{"line":57,"column":null}},"line":57}},"branchMap":{"0":{"loc":{"start":{"line":53,"column":39},"end":{"line":53,"column":49}},"type":"default-arg","locations":[{"start":{"line":53,"column":47},"end":{"line":53,"column":49}}],"line":53}},"s":{"0":416,"1":1664,"2":61,"3":399},"f":{"0":416,"1":1664,"2":61,"3":399},"b":{"0":[61]},"meta":{"lastBranch":1,"lastFunction":4,"lastStatement":4,"seen":{"f:1:16:1:39":0,"s:2:2:45:Infinity":0,"f:33:26:33:27":1,"s:34:10:34:Infinity":1,"f:53:16:53:37":2,"b:53:47:53:49":0,"s:54:2:59:Infinity":2,"f:56:41:56:42":3,"s:57:8:57:Infinity":3}}}
,"/home/gustavolendimuth/projetos/compra-coletiva/frontend/src/components/campaign/CampaignChat.tsx": {"path":"/home/gustavolendimuth/projetos/compra-coletiva/frontend/src/components/campaign/CampaignChat.tsx","statementMap":{"0":{"start":{"line":18,"column":28},"end":{"line":18,"column":null}},"1":{"start":{"line":34,"column":2},"end":{"line":34,"column":null}},"2":{"start":{"line":36,"column":23},"end":{"line":46,"column":null}},"3":{"start":{"line":37,"column":4},"end":{"line":37,"column":null}},"4":{"start":{"line":38,"column":4},"end":{"line":38,"column":null}},"5":{"start":{"line":38,"column":26},"end":{"line":38,"column":null}},"6":{"start":{"line":40,"column":4},"end":{"line":45,"column":null}},"7":{"start":{"line":41,"column":6},"end":{"line":44,"column":null}},"8":{"start":{"line":48,"column":26},"end":{"line":51,"column":null}},"9":{"start":{"line":49,"column":4},"end":{"line":49,"column":null}},"10":{"start":{"line":50,"column":4},"end":{"line":50,"column":null}},"11":{"start":{"line":53,"column":25},"end":{"line":56,"column":null}},"12":{"start":{"line":54,"column":4},"end":{"line":54,"column":null}},"13":{"start":{"line":54,"column":29},"end":{"line":54,"column":null}},"14":{"start":{"line":55,"column":4},"end":{"line":55,"column":null}},"15":{"start":{"line":58,"column":31},"end":{"line":58,"column":null}},"16":{"start":{"line":58,"column":56},"end":{"line":58,"column":65}},"17":{"start":{"line":60,"column":2},"end":{"line":99,"column":null}},"18":{"start":{"line":71,"column":30},"end":{"line":71,"column":null}},"19":{"start":{"line":89,"column":12},"end":{"line":89,"column":null}},"20":{"start":{"line":90,"column":12},"end":{"line":90,"column":null}}},"fnMap":{"0":{"name":"CampaignChat","decl":{"start":{"line":17,"column":24},"end":{"line":17,"column":37}},"loc":{"start":{"line":17,"column":72},"end":{"line":101,"column":null}},"line":17},"1":{"name":"(anonymous_1)","decl":{"start":{"line":36,"column":23},"end":{"line":36,"column":24}},"loc":{"start":{"line":36,"column":47},"end":{"line":46,"column":null}},"line":36},"2":{"name":"(anonymous_2)","decl":{"start":{"line":40,"column":16},"end":{"line":40,"column":22}},"loc":{"start":{"line":40,"column":22},"end":{"line":45,"column":5}},"line":40},"3":{"name":"(anonymous_3)","decl":{"start":{"line":48,"column":26},"end":{"line":48,"column":27}},"loc":{"start":{"line":48,"column":52},"end":{"line":51,"column":null}},"line":48},"4":{"name":"(anonymous_4)","decl":{"start":{"line":53,"column":25},"end":{"line":53,"column":26}},"loc":{"start":{"line":53,"column":41},"end":{"line":56,"column":null}},"line":53},"5":{"name":"(anonymous_5)","decl":{"start":{"line":58,"column":49},"end":{"line":58,"column":50}},"loc":{"start":{"line":58,"column":56},"end":{"line":58,"column":65}},"line":58},"6":{"name":"(anonymous_6)","decl":{"start":{"line":71,"column":24},"end":{"line":71,"column":30}},"loc":{"start":{"line":71,"column":30},"end":{"line":71,"column":null}},"line":71},"7":{"name":"(anonymous_7)","decl":{"start":{"line":88,"column":28},"end":{"line":88,"column":29}},"loc":{"start":{"line":88,"column":39},"end":{"line":91,"column":null}},"line":88}},"branchMap":{"0":{"loc":{"start":{"line":38,"column":4},"end":{"line":38,"column":null}},"type":"if","locations":[{"start":{"line":38,"column":4},"end":{"line":38,"column":null}},{"start":{},"end":{}}],"line":38},"1":{"loc":{"start":{"line":54,"column":4},"end":{"line":54,"column":null}},"type":"if","locations":[{"start":{"line":54,"column":4},"end":{"line":54,"column":null}},{"start":{},"end":{}}],"line":54},"2":{"loc":{"start":{"line":63,"column":7},"end":{"line":74,"column":null}},"type":"binary-expr","locations":[{"start":{"line":63,"column":7},"end":{"line":63,"column":null}},{"start":{"line":64,"column":8},"end":{"line":74,"column":null}}],"line":63}},"s":{"0":0,"1":0,"2":0,"3":0,"4":0,"5":0,"6":0,"7":0,"8":0,"9":0,"10":0,"11":0,"12":0,"13":0,"14":0,"15":0,"16":0,"17":0,"18":0,"19":0,"20":0},"f":{"0":0,"1":0,"2":0,"3":0,"4":0,"5":0,"6":0,"7":0},"b":{"0":[0,0],"1":[0,0],"2":[0,0]},"meta":{"lastBranch":3,"lastFunction":8,"lastStatement":21,"seen":{"f:17:24:17:37":0,"s:18:28:18:Infinity":0,"s:34:2:34:Infinity":1,"s:36:23:46:Infinity":2,"f:36:23:36:24":1,"s:37:4:37:Infinity":3,"b:38:4:38:Infinity:undefined:undefined:undefined:undefined":0,"s:38:4:38:Infinity":4,"s:38:26:38:Infinity":5,"s:40:4:45:Infinity":6,"f:40:16:40:22":2,"s:41:6:44:Infinity":7,"s:48:26:51:Infinity":8,"f:48:26:48:27":3,"s:49:4:49:Infinity":9,"s:50:4:50:Infinity":10,"s:53:25:56:Infinity":11,"f:53:25:53:26":4,"b:54:4:54:Infinity:undefined:undefined:undefined:undefined":1,"s:54:4:54:Infinity":12,"s:54:29:54:Infinity":13,"s:55:4:55:Infinity":14,"s:58:31:58:Infinity":15,"f:58:49:58:50":5,"s:58:56:58:65":16,"s:60:2:99:Infinity":17,"b:63:7:63:Infinity:64:8:74:Infinity":2,"f:71:24:71:30":6,"s:71:30:71:Infinity":18,"f:88:28:88:29":7,"s:89:12:89:Infinity":19,"s:90:12:90:Infinity":20}}}
,"/home/gustavolendimuth/projetos/compra-coletiva/frontend/src/components/campaign/CampaignFilters.tsx": {"path":"/home/gustavolendimuth/projetos/compra-coletiva/frontend/src/components/campaign/CampaignFilters.tsx","statementMap":{"0":{"start":{"line":23,"column":22},"end":{"line":29,"column":null}},"1":{"start":{"line":38,"column":15},"end":{"line":38,"column":null}},"2":{"start":{"line":39,"column":38},"end":{"line":39,"column":null}},"3":{"start":{"line":40,"column":8},"end":{"line":40,"column":null}},"4":{"start":{"line":43,"column":31},"end":{"line":48,"column":null}},"5":{"start":{"line":44,"column":4},"end":{"line":44,"column":null}},"6":{"start":{"line":44,"column":29},"end":{"line":44,"column":null}},"7":{"start":{"line":45,"column":4},"end":{"line":45,"column":null}},"8":{"start":{"line":45,"column":33},"end":{"line":45,"column":null}},"9":{"start":{"line":46,"column":4},"end":{"line":46,"column":null}},"10":{"start":{"line":46,"column":40},"end":{"line":46,"column":null}},"11":{"start":{"line":47,"column":4},"end":{"line":47,"column":null}},"12":{"start":{"line":50,"column":28},"end":{"line":50,"column":null}},"13":{"start":{"line":53,"column":28},"end":{"line":70,"column":null}},"14":{"start":{"line":54,"column":45},"end":{"line":54,"column":null}},"15":{"start":{"line":56,"column":4},"end":{"line":67,"column":null}},"16":{"start":{"line":58,"column":8},"end":{"line":58,"column":null}},"17":{"start":{"line":58,"column":18},"end":{"line":58,"column":null}},"18":{"start":{"line":59,"column":8},"end":{"line":59,"column":null}},"19":{"start":{"line":61,"column":8},"end":{"line":61,"column":null}},"20":{"start":{"line":62,"column":8},"end":{"line":62,"column":null}},"21":{"start":{"line":64,"column":8},"end":{"line":64,"column":null}},"22":{"start":{"line":65,"column":8},"end":{"line":65,"column":null}},"23":{"start":{"line":69,"column":4},"end":{"line":69,"column":null}},"24":{"start":{"line":73,"column":29},"end":{"line":76,"column":null}},"25":{"start":{"line":74,"column":4},"end":{"line":74,"column":null}},"26":{"start":{"line":75,"column":4},"end":{"line":75,"column":null}},"27":{"start":{"line":79,"column":2},"end":{"line":87,"column":null}},"28":{"start":{"line":81,"column":6},"end":{"line":83,"column":null}},"29":{"start":{"line":82,"column":8},"end":{"line":82,"column":null}},"30":{"start":{"line":85,"column":4},"end":{"line":85,"column":null}},"31":{"start":{"line":86,"column":4},"end":{"line":86,"column":null}},"32":{"start":{"line":86,"column":17},"end":{"line":86,"column":null}},"33":{"start":{"line":89,"column":25},"end":{"line":89,"column":null}},"34":{"start":{"line":89,"column":51},"end":{"line":89,"column":79}},"35":{"start":{"line":91,"column":2},"end":{"line":194,"column":null}},"36":{"start":{"line":100,"column":27},"end":{"line":100,"column":null}},"37":{"start":{"line":106,"column":27},"end":{"line":106,"column":null}},"38":{"start":{"line":121,"column":27},"end":{"line":121,"column":null}},"39":{"start":{"line":130,"column":31},"end":{"line":130,"column":null}},"40":{"start":{"line":137,"column":31},"end":{"line":137,"column":null}},"41":{"start":{"line":144,"column":31},"end":{"line":144,"column":null}},"42":{"start":{"line":165,"column":29},"end":{"line":165,"column":null}},"43":{"start":{"line":176,"column":18},"end":{"line":187,"column":null}},"44":{"start":{"line":179,"column":35},"end":{"line":179,"column":null}},"45":{"start":{"line":205,"column":2},"end":{"line":216,"column":null}}},"fnMap":{"0":{"name":"CampaignFilters","decl":{"start":{"line":31,"column":16},"end":{"line":31,"column":32}},"loc":{"start":{"line":37,"column":25},"end":{"line":196,"column":null}},"line":37},"1":{"name":"(anonymous_1)","decl":{"start":{"line":43,"column":31},"end":{"line":43,"column":58}},"loc":{"start":{"line":43,"column":58},"end":{"line":48,"column":null}},"line":43},"2":{"name":"(anonymous_2)","decl":{"start":{"line":53,"column":28},"end":{"line":53,"column":29}},"loc":{"start":{"line":53,"column":61},"end":{"line":70,"column":null}},"line":53},"3":{"name":"(anonymous_3)","decl":{"start":{"line":73,"column":29},"end":{"line":73,"column":30}},"loc":{"start":{"line":73,"column":63},"end":{"line":76,"column":null}},"line":73},"4":{"name":"(anonymous_4)","decl":{"start":{"line":79,"column":12},"end":{"line":79,"column":18}},"loc":{"start":{"line":79,"column":18},"end":{"line":87,"column":5}},"line":79},"5":{"name":"handleClickOutside","decl":{"start":{"line":80,"column":13},"end":{"line":80,"column":32}},"loc":{"start":{"line":80,"column":51},"end":{"line":84,"column":null}},"line":80},"6":{"name":"(anonymous_6)","decl":{"start":{"line":86,"column":11},"end":{"line":86,"column":17}},"loc":{"start":{"line":86,"column":17},"end":{"line":86,"column":null}},"line":86},"7":{"name":"(anonymous_7)","decl":{"start":{"line":89,"column":44},"end":{"line":89,"column":51}},"loc":{"start":{"line":89,"column":51},"end":{"line":89,"column":79}},"line":89},"8":{"name":"(anonymous_8)","decl":{"start":{"line":100,"column":20},"end":{"line":100,"column":21}},"loc":{"start":{"line":100,"column":27},"end":{"line":100,"column":null}},"line":100},"9":{"name":"(anonymous_9)","decl":{"start":{"line":106,"column":21},"end":{"line":106,"column":27}},"loc":{"start":{"line":106,"column":27},"end":{"line":106,"column":null}},"line":106},"10":{"name":"(anonymous_10)","decl":{"start":{"line":121,"column":21},"end":{"line":121,"column":27}},"loc":{"start":{"line":121,"column":27},"end":{"line":121,"column":null}},"line":121},"11":{"name":"(anonymous_11)","decl":{"start":{"line":130,"column":25},"end":{"line":130,"column":31}},"loc":{"start":{"line":130,"column":31},"end":{"line":130,"column":null}},"line":130},"12":{"name":"(anonymous_12)","decl":{"start":{"line":137,"column":25},"end":{"line":137,"column":31}},"loc":{"start":{"line":137,"column":31},"end":{"line":137,"column":null}},"line":137},"13":{"name":"(anonymous_13)","decl":{"start":{"line":144,"column":25},"end":{"line":144,"column":31}},"loc":{"start":{"line":144,"column":31},"end":{"line":144,"column":null}},"line":144},"14":{"name":"(anonymous_14)","decl":{"start":{"line":165,"column":23},"end":{"line":165,"column":29}},"loc":{"start":{"line":165,"column":29},"end":{"line":165,"column":null}},"line":165},"15":{"name":"(anonymous_15)","decl":{"start":{"line":175,"column":35},"end":{"line":175,"column":36}},"loc":{"start":{"line":176,"column":18},"end":{"line":187,"column":null}},"line":176},"16":{"name":"(anonymous_16)","decl":{"start":{"line":179,"column":29},"end":{"line":179,"column":35}},"loc":{"start":{"line":179,"column":35},"end":{"line":179,"column":null}},"line":179},"17":{"name":"QuickFilterButton","decl":{"start":{"line":204,"column":9},"end":{"line":204,"column":27}},"loc":{"start":{"line":204,"column":82},"end":{"line":218,"column":null}},"line":204}},"branchMap":{"0":{"loc":{"start":{"line":44,"column":4},"end":{"line":44,"column":null}},"type":"if","locations":[{"start":{"line":44,"column":4},"end":{"line":44,"column":null}},{"start":{},"end":{}}],"line":44},"1":{"loc":{"start":{"line":45,"column":4},"end":{"line":45,"column":null}},"type":"if","locations":[{"start":{"line":45,"column":4},"end":{"line":45,"column":null}},{"start":{},"end":{}}],"line":45},"2":{"loc":{"start":{"line":46,"column":4},"end":{"line":46,"column":null}},"type":"if","locations":[{"start":{"line":46,"column":4},"end":{"line":46,"column":null}},{"start":{},"end":{}}],"line":46},"3":{"loc":{"start":{"line":56,"column":4},"end":{"line":67,"column":null}},"type":"switch","locations":[{"start":{"line":57,"column":6},"end":{"line":59,"column":null}},{"start":{"line":60,"column":6},"end":{"line":62,"column":null}},{"start":{"line":63,"column":6},"end":{"line":65,"column":null}}],"line":56},"4":{"loc":{"start":{"line":58,"column":8},"end":{"line":58,"column":null}},"type":"if","locations":[{"start":{"line":58,"column":8},"end":{"line":58,"column":null}},{"start":{},"end":{}}],"line":58},"5":{"loc":{"start":{"line":81,"column":6},"end":{"line":83,"column":null}},"type":"if","locations":[{"start":{"line":81,"column":6},"end":{"line":83,"column":null}},{"start":{},"end":{}}],"line":81},"6":{"loc":{"start":{"line":81,"column":10},"end":{"line":81,"column":82}},"type":"binary-expr","locations":[{"start":{"line":81,"column":10},"end":{"line":81,"column":31}},{"start":{"line":81,"column":31},"end":{"line":81,"column":82}}],"line":81},"7":{"loc":{"start":{"line":103,"column":9},"end":{"line":111,"column":null}},"type":"binary-expr","locations":[{"start":{"line":103,"column":9},"end":{"line":103,"column":null}},{"start":{"line":104,"column":10},"end":{"line":111,"column":null}}],"line":103},"8":{"loc":{"start":{"line":126,"column":11},"end":{"line":148,"column":null}},"type":"binary-expr","locations":[{"start":{"line":126,"column":11},"end":{"line":126,"column":null}},{"start":{"line":127,"column":12},"end":{"line":148,"column":null}}],"line":126},"9":{"loc":{"start":{"line":155,"column":11},"end":{"line":158,"column":null}},"type":"binary-expr","locations":[{"start":{"line":155,"column":11},"end":{"line":155,"column":null}},{"start":{"line":156,"column":12},"end":{"line":158,"column":null}}],"line":155},"10":{"loc":{"start":{"line":157,"column":23},"end":{"line":157,"column":null}},"type":"cond-expr","locations":[{"start":{"line":157,"column":37},"end":{"line":157,"column":50}},{"start":{"line":157,"column":50},"end":{"line":157,"column":null}}],"line":157},"11":{"loc":{"start":{"line":169,"column":21},"end":{"line":169,"column":55}},"type":"binary-expr","locations":[{"start":{"line":169,"column":21},"end":{"line":169,"column":46}},{"start":{"line":169,"column":46},"end":{"line":169,"column":55}}],"line":169},"12":{"loc":{"start":{"line":170,"column":70},"end":{"line":170,"column":102}},"type":"cond-expr","locations":[{"start":{"line":170,"column":85},"end":{"line":170,"column":100}},{"start":{"line":170,"column":100},"end":{"line":170,"column":102}}],"line":170},"13":{"loc":{"start":{"line":173,"column":13},"end":{"line":189,"column":null}},"type":"binary-expr","locations":[{"start":{"line":173,"column":13},"end":{"line":173,"column":null}},{"start":{"line":174,"column":14},"end":{"line":189,"column":null}}],"line":173},"14":{"loc":{"start":{"line":181,"column":22},"end":{"line":183,"column":null}},"type":"cond-expr","locations":[{"start":{"line":182,"column":26},"end":{"line":182,"column":null}},{"start":{"line":183,"column":26},"end":{"line":183,"column":null}}],"line":181},"15":{"loc":{"start":{"line":177,"column":25},"end":{"line":177,"column":null}},"type":"binary-expr","locations":[{"start":{"line":177,"column":25},"end":{"line":177,"column":41}},{"start":{"line":177,"column":41},"end":{"line":177,"column":null}}],"line":177},"16":{"loc":{"start":{"line":210,"column":8},"end":{"line":212,"column":null}},"type":"cond-expr","locations":[{"start":{"line":211,"column":12},"end":{"line":211,"column":null}},{"start":{"line":212,"column":12},"end":{"line":212,"column":null}}],"line":210}},"s":{"0":2,"1":124,"2":124,"3":124,"4":124,"5":124,"6":0,"7":124,"8":0,"9":124,"10":98,"11":26,"12":124,"13":124,"14":6,"15":6,"16":3,"17":3,"18":3,"19":1,"20":1,"21":1,"22":1,"23":6,"24":124,"25":2,"26":2,"27":124,"28":20,"29":13,"30":48,"31":48,"32":48,"33":124,"34":130,"35":124,"36":36,"37":2,"38":1,"39":3,"40":1,"41":1,"42":5,"43":25,"44":2,"45":214},"f":{"0":124,"1":124,"2":6,"3":2,"4":48,"5":20,"6":48,"7":130,"8":36,"9":2,"10":1,"11":3,"12":1,"13":1,"14":5,"15":25,"16":2,"17":214},"b":{"0":[0,124],"1":[0,124],"2":[98,26],"3":[3,1,1],"4":[3,0],"5":[13,7],"6":[20,20],"7":[124,52],"8":[124,30],"9":[124,75],"10":[5,70],"11":[124,0],"12":[5,119],"13":[124,5],"14":[5,20],"15":[25,5],"16":[30,184]},"meta":{"lastBranch":17,"lastFunction":18,"lastStatement":46,"seen":{"s:23:22:29:Infinity":0,"f:31:16:31:32":0,"s:38:15:38:Infinity":1,"s:39:38:39:Infinity":2,"s:40:8:40:Infinity":3,"s:43:31:48:Infinity":4,"f:43:31:43:58":1,"b:44:4:44:Infinity:undefined:undefined:undefined:undefined":0,"s:44:4:44:Infinity":5,"s:44:29:44:Infinity":6,"b:45:4:45:Infinity:undefined:undefined:undefined:undefined":1,"s:45:4:45:Infinity":7,"s:45:33:45:Infinity":8,"b:46:4:46:Infinity:undefined:undefined:undefined:undefined":2,"s:46:4:46:Infinity":9,"s:46:40:46:Infinity":10,"s:47:4:47:Infinity":11,"s:50:28:50:Infinity":12,"s:53:28:70:Infinity":13,"f:53:28:53:29":2,"s:54:45:54:Infinity":14,"b:57:6:59:Infinity:60:6:62:Infinity:63:6:65:Infinity":3,"s:56:4:67:Infinity":15,"b:58:8:58:Infinity:undefined:undefined:undefined:undefined":4,"s:58:8:58:Infinity":16,"s:58:18:58:Infinity":17,"s:59:8:59:Infinity":18,"s:61:8:61:Infinity":19,"s:62:8:62:Infinity":20,"s:64:8:64:Infinity":21,"s:65:8:65:Infinity":22,"s:69:4:69:Infinity":23,"s:73:29:76:Infinity":24,"f:73:29:73:30":3,"s:74:4:74:Infinity":25,"s:75:4:75:Infinity":26,"s:79:2:87:Infinity":27,"f:79:12:79:18":4,"f:80:13:80:32":5,"b:81:6:83:Infinity:undefined:undefined:undefined:undefined":5,"s:81:6:83:Infinity":28,"b:81:10:81:31:81:31:81:82":6,"s:82:8:82:Infinity":29,"s:85:4:85:Infinity":30,"s:86:4:86:Infinity":31,"f:86:11:86:17":6,"s:86:17:86:Infinity":32,"s:89:25:89:Infinity":33,"f:89:44:89:51":7,"s:89:51:89:79":34,"s:91:2:194:Infinity":35,"f:100:20:100:21":8,"s:100:27:100:Infinity":36,"b:103:9:103:Infinity:104:10:111:Infinity":7,"f:106:21:106:27":9,"s:106:27:106:Infinity":37,"f:121:21:121:27":10,"s:121:27:121:Infinity":38,"b:126:11:126:Infinity:127:12:148:Infinity":8,"f:130:25:130:31":11,"s:130:31:130:Infinity":39,"f:137:25:137:31":12,"s:137:31:137:Infinity":40,"f:144:25:144:31":13,"s:144:31:144:Infinity":41,"b:155:11:155:Infinity:156:12:158:Infinity":9,"b:157:37:157:50:157:50:157:Infinity":10,"f:165:23:165:29":14,"s:165:29:165:Infinity":42,"b:169:21:169:46:169:46:169:55":11,"b:170:85:170:100:170:100:170:102":12,"b:173:13:173:Infinity:174:14:189:Infinity":13,"f:175:35:175:36":15,"s:176:18:187:Infinity":43,"f:179:29:179:35":16,"s:179:35:179:Infinity":44,"b:182:26:182:Infinity:183:26:183:Infinity":14,"b:177:25:177:41:177:41:177:Infinity":15,"f:204:9:204:27":17,"s:205:2:216:Infinity":45,"b:211:12:211:Infinity:212:12:212:Infinity":16}}}
,"/home/gustavolendimuth/projetos/compra-coletiva/frontend/src/components/campaign/CampaignQuestionsPanel.tsx": {"path":"/home/gustavolendimuth/projetos/compra-coletiva/frontend/src/components/campaign/CampaignQuestionsPanel.tsx","statementMap":{"0":{"start":{"line":29,"column":2},"end":{"line":29,"column":null}},"1":{"start":{"line":31,"column":23},"end":{"line":38,"column":null}},"2":{"start":{"line":32,"column":19},"end":{"line":32,"column":null}},"3":{"start":{"line":33,"column":4},"end":{"line":36,"column":null}},"4":{"start":{"line":34,"column":6},"end":{"line":34,"column":null}},"5":{"start":{"line":35,"column":6},"end":{"line":35,"column":null}},"6":{"start":{"line":37,"column":4},"end":{"line":37,"column":null}},"7":{"start":{"line":40,"column":23},"end":{"line":44,"column":null}},"8":{"start":{"line":41,"column":4},"end":{"line":43,"column":null}},"9":{"start":{"line":42,"column":6},"end":{"line":42,"column":null}},"10":{"start":{"line":46,"column":29},"end":{"line":48,"column":null}},"11":{"start":{"line":47,"column":4},"end":{"line":47,"column":null}},"12":{"start":{"line":50,"column":2},"end":{"line":101,"column":null}},"13":{"start":{"line":73,"column":18},"end":{"line":82,"column":null}},"14":{"start":{"line":77,"column":47},"end":{"line":77,"column":null}},"15":{"start":{"line":78,"column":36},"end":{"line":78,"column":null}},"16":{"start":{"line":79,"column":36},"end":{"line":79,"column":null}},"17":{"start":{"line":94,"column":18},"end":{"line":94,"column":null}}},"fnMap":{"0":{"name":"CampaignQuestionsPanel","decl":{"start":{"line":17,"column":24},"end":{"line":17,"column":47}},"loc":{"start":{"line":17,"column":92},"end":{"line":103,"column":null}},"line":17},"1":{"name":"(anonymous_1)","decl":{"start":{"line":31,"column":23},"end":{"line":31,"column":24}},"loc":{"start":{"line":31,"column":39},"end":{"line":38,"column":null}},"line":31},"2":{"name":"(anonymous_2)","decl":{"start":{"line":40,"column":23},"end":{"line":40,"column":24}},"loc":{"start":{"line":40,"column":57},"end":{"line":44,"column":null}},"line":40},"3":{"name":"(anonymous_3)","decl":{"start":{"line":46,"column":29},"end":{"line":46,"column":30}},"loc":{"start":{"line":46,"column":60},"end":{"line":48,"column":null}},"line":46},"4":{"name":"(anonymous_4)","decl":{"start":{"line":72,"column":39},"end":{"line":72,"column":40}},"loc":{"start":{"line":73,"column":18},"end":{"line":82,"column":null}},"line":73},"5":{"name":"(anonymous_5)","decl":{"start":{"line":77,"column":36},"end":{"line":77,"column":37}},"loc":{"start":{"line":77,"column":47},"end":{"line":77,"column":null}},"line":77},"6":{"name":"(anonymous_6)","decl":{"start":{"line":78,"column":30},"end":{"line":78,"column":36}},"loc":{"start":{"line":78,"column":36},"end":{"line":78,"column":null}},"line":78},"7":{"name":"(anonymous_7)","decl":{"start":{"line":79,"column":30},"end":{"line":79,"column":36}},"loc":{"start":{"line":79,"column":36},"end":{"line":79,"column":null}},"line":79},"8":{"name":"(anonymous_8)","decl":{"start":{"line":93,"column":41},"end":{"line":93,"column":42}},"loc":{"start":{"line":94,"column":18},"end":{"line":94,"column":null}},"line":94}},"branchMap":{"0":{"loc":{"start":{"line":33,"column":4},"end":{"line":36,"column":null}},"type":"if","locations":[{"start":{"line":33,"column":4},"end":{"line":36,"column":null}},{"start":{},"end":{}}],"line":33},"1":{"loc":{"start":{"line":41,"column":4},"end":{"line":43,"column":null}},"type":"if","locations":[{"start":{"line":41,"column":4},"end":{"line":43,"column":null}},{"start":{},"end":{}}],"line":41},"2":{"loc":{"start":{"line":65,"column":11},"end":{"line":97,"column":null}},"type":"cond-expr","locations":[{"start":{"line":66,"column":12},"end":{"line":85,"column":null}},{"start":{"line":87,"column":12},"end":{"line":97,"column":null}}],"line":65},"3":{"loc":{"start":{"line":67,"column":15},"end":{"line":83,"column":null}},"type":"cond-expr","locations":[{"start":{"line":68,"column":16},"end":{"line":68,"column":null}},{"start":{"line":69,"column":18},"end":{"line":83,"column":null}}],"line":67},"4":{"loc":{"start":{"line":69,"column":18},"end":{"line":83,"column":null}},"type":"cond-expr","locations":[{"start":{"line":70,"column":16},"end":{"line":70,"column":null}},{"start":{"line":72,"column":16},"end":{"line":83,"column":null}}],"line":69},"5":{"loc":{"start":{"line":76,"column":32},"end":{"line":76,"column":null}},"type":"binary-expr","locations":[{"start":{"line":76,"column":32},"end":{"line":76,"column":54}},{"start":{"line":76,"column":54},"end":{"line":76,"column":null}}],"line":76},"6":{"loc":{
[...]
,"/home/gustavolendimuth/projetos/compra-coletiva/frontend/src/lib/sanitize.ts": {"path":"/home/gustavolendimuth/projetos/compra-coletiva/frontend/src/lib/sanitize.ts","statementMap":{"0":{"start":{"line":7,"column":28},"end":{"line":13,"column":null}},"1":{"start":{"line":8,"column":2},"end":{"line":12,"column":null}},"2":{"start":{"line":19,"column":28},"end":{"line":30,"column":null}},"3":{"start":{"line":21,"column":18},"end":{"line":26,"column":null}},"4":{"start":{"line":29,"column":2},"end":{"line":29,"column":null}},"5":{"start":{"line":35,"column":32},"end":{"line":37,"column":null}},"6":{"start":{"line":36,"column":2},"end":{"line":36,"column":null}}},"fnMap":{"0":{"name":"(anonymous_0)","decl":{"start":{"line":7,"column":28},"end":{"line":7,"column":29}},"loc":{"start":{"line":7,"column":54},"end":{"line":13,"column":null}},"line":7},"1":{"name":"(anonymous_1)","decl":{"start":{"line":19,"column":28},"end":{"line":19,"column":29}},"loc":{"start":{"line":19,"column":54},"end":{"line":30,"column":null}},"line":19},"2":{"name":"(anonymous_2)","decl":{"start":{"line":35,"column":32},"end":{"line":35,"column":33}},"loc":{"start":{"line":35,"column":58},"end":{"line":37,"column":null}},"line":35}},"branchMap":{},"s":{"0":1,"1":0,"2":1,"3":0,"4":0,"5":1,"6":0},"f":{"0":0,"1":0,"2":0},"b":{},"meta":{"lastBranch":0,"lastFunction":3,"lastStatement":7,"seen":{"s:7:28:13:Infinity":0,"f:7:28:7:29":0,"s:8:2:12:Infinity":1,"s:19:28:30:Infinity":2,"f:19:28:19:29":1,"s:21:18:26:Infinity":3,"s:29:2:29:Infinity":4,"s:35:32:37:Infinity":5,"f:35:32:35:33":2,"s:36:2:36:Infinity":6}}}
,"/home/gustavolendimuth/projetos/compra-coletiva/frontend/src/lib/socket.ts": {"path":"/home/gustavolendimuth/projetos/compra-coletiva/frontend/src/lib/socket.ts","statementMap":{"0":{"start":{"line":5,"column":28},"end":{"line":5,"column":null}},"1":{"start":{"line":7,"column":25},"end":{"line":35,"column":null}},"2":{"start":{"line":8,"column":2},"end":{"line":32,"column":null}},"3":{"start":{"line":9,"column":18},"end":{"line":9,"column":null}},"4":{"start":{"line":11,"column":4},"end":{"line":19,"column":null}},"5":{"start":{"line":21,"column":4},"end":{"line":23,"column":null}},"6":{"start":{"line":22,"column":6},"end":{"line":22,"column":null}},"7":{"start":{"line":25,"column":4},"end":{"line":27,"column":null}},"8":{"start":{"line":26,"column":6},"end":{"line":26,"column":null}},"9":{"start":{"line":29,"column":4},"end":{"line":31,"column":null}},"10":{"start":{"line":30,"column":6},"end":{"line":30,"column":null}},"11":{"start":{"line":34,"column":2},"end":{"line":34,"column":null}},"12":{"start":{"line":37,"column":32},"end":{"line":42,"column":null}},"13":{"start":{"line":38,"column":2},"end":{"line":41,"column":null}},"14":{"start":{"line":39,"column":4},"end":{"line":39,"column":null}},"15":{"start":{"line":40,"column":4},"end":{"line":40,"column":null}},"16":{"start":{"line":45,"column":31},"end":{"line":51,"column":null}},"17":{"start":{"line":46,"column":2},"end":{"line":49,"column":null}},"18":{"start":{"line":47,"column":4},"end":{"line":47,"column":null}},"19":{"start":{"line":48,"column":4},"end":{"line":48,"column":null}},"20":{"start":{"line":50,"column":2},"end":{"line":50,"column":null}}},"fnMap":{"0":{"name":"(anonymous_0)","decl":{"start":{"line":7,"column":25},"end":{"line":7,"column":39}},"loc":{"start":{"line":7,"column":39},"end":{"line":35,"column":null}},"line":7},"1":{"name":"(anonymous_1)","decl":{"start":{"line":21,"column":25},"end":{"line":21,"column":31}},"loc":{"start":{"line":21,"column":31},"end":{"line":23,"column":5}},"line":21},"2":{"name":"(anonymous_2)","decl":{"start":{"line":25,"column":28},"end":{"line":25,"column":34}},"loc":{"start":{"line":25,"column":34},"end":{"line":27,"column":5}},"line":25},"3":{"name":"(anonymous_3)","decl":{"start":{"line":29,"column":31},"end":{"line":29,"column":32}},"loc":{"start":{"line":29,"column":42},"end":{"line":31,"column":5}},"line":29},"4":{"name":"(anonymous_4)","decl":{"start":{"line":37,"column":32},"end":{"line":37,"column":38}},"loc":{"start":{"line":37,"column":38},"end":{"line":42,"column":null}},"line":37},"5":{"name":"(anonymous_5)","decl":{"start":{"line":45,"column":31},"end":{"line":45,"column":37}},"loc":{"start":{"line":45,"column":37},"end":{"line":51,"column":null}},"line":45}},"branchMap":{"0":{"loc":{"start":{"line":8,"column":2},"end":{"line":32,"column":null}},"type":"if","locations":[{"start":{"line":8,"column":2},"end":{"line":32,"column":null}},{"start":{},"end":{}}],"line":8},"1":{"loc":{"start":{"line":17,"column":15},"end":{"line":17,"column":null}},"type":"binary-expr","locations":[{"start":{"line":17,"column":15},"end":{"line":17,"column":24}},{"start":{"line":17,"column":24},"end":{"line":17,"column":null}}],"line":17},"2":{"loc":{"start":{"line":38,"column":2},"end":{"line":41,"column":null}},"type":"if","locations":[{"start":{"line":38,"column":2},"end":{"line":41,"column":null}},{"start":{},"end":{}}],"line":38},"3":{"loc":{"start":{"line":46,"column":2},"end":{"line":49,"column":null}},"type":"if","locations":[{"start":{"line":46,"column":2},"end":{"line":49,"column":null}},{"start":{},"end":{}}],"line":46}},"s":{"0":1,"1":1,"2":0,"3":0,"4":0,"5":0,"6":0,"7":0,"8":0,"9":0,"10":0,"11":0,"12":1,"13":0,"14":0,"15":0,"16":1,"17":0,"18":0,"19":0,"20":0},"f":{"0":0,"1":0,"2":0,"3":0,"4":0,"5":0},"b":{"0":[0,0],"1":[0,0],"2":[0,0],"3":[0,0]},"meta":{"lastBranch":4,"lastFunction":6,"lastStatement":21,"seen":{"s:5:28:5:Infinity":0,"s:7:25:35:Infinity":1,"f:7:25:7:39":0,"b:8:2:32:Infinity:undefined:undefined:undefined:undefined":0,"s:8:2:32:Infinity":2,"s:9:18:9:Infinity":3,"s:11:4:19:Infinity":4,"b:17:15:17:24:17:24:17:Infinity":1,"s:21:4:23:Infinity":5,"f:21:25:21:31":1,"s:22:6:22:Infinity":6,"s:25:4:27:Infinity":7,"f:25:28:25:34":2,"s:26:6:26:Infinity":8,"s:29:4:31:Infinity":9,"f:29:31:29:32":3,"s:30:6:30:Infinity":10,"s:34:2:34:Infinity":11,"s:37:32:42:Infinity":12,"f:37:32:37:38":4,"b:38:2:41:Infinity:undefined:undefined:undefined:undefined":2,"s:38:2:41:Infinity":13,"s:39:4:39:Infinity":14,"s:40:4:40:Infinity":15,"s:45:31:51:Infinity":16,"f:45:31:45:37":5,"b:46:2:49:Infinity:undefined:undefined:undefined:undefined":3,"s:46:2:49:Infinity":17,"s:47:4:47:Infinity":18,"s:48:4:48:Infinity":19,"s:50:2:50:Infinity":20}}}
,"/home/gustavolendimuth/projetos/compra-coletiva/frontend/src/lib/utils.ts": {"path":"/home/gustavolendimuth/projetos/compra-coletiva/frontend/src/lib/utils.ts","statementMap":{"0":{"start":{"line":1,"column":30},"end":{"line":6,"column":null}},"1":{"start":{"line":2,"column":2},"end":{"line":5,"column":null}},"2":{"start":{"line":8,"column":26},"end":{"line":14,"column":null}},"3":{"start":{"line":9,"column":2},"end":{"line":13,"column":null}},"4":{"start":{"line":16,"column":18},"end":{"line":18,"column":null}},"5":{"start":{"line":17,"column":2},"end":{"line":17,"column":null}}},"fnMap":{"0":{"name":"(anonymous_0)","decl":{"start":{"line":1,"column":30},"end":{"line":1,"column":31}},"loc":{"start":{"line":1,"column":57},"end":{"line":6,"column":null}},"line":1},"1":{"name":"(anonymous_1)","decl":{"start":{"line":8,"column":26},"end":{"line":8,"column":27}},"loc":{"start":{"line":8,"column":52},"end":{"line":14,"column":null}},"line":8},"2":{"name":"(anonymous_2)","decl":{"start":{"line":16,"column":18},"end":{"line":16,"column":22}},"loc":{"start":{"line":16,"column":68},"end":{"line":18,"column":null}},"line":16}},"branchMap":{},"s":{"0":3,"1":306,"2":3,"3":0,"4":3,"5":26},"f":{"0":306,"1":0,"2":26},"b":{},"meta":{"lastBranch":0,"lastFunction":3,"lastStatement":6,"seen":{"s:1:30:6:Infinity":0,"f:1:30:1:31":0,"s:2:2:5:Infinity":1,"s:8:26:14:Infinity":2,"f:8:26:8:27":1,"s:9:2:13:Infinity":3,"s:16:18:18:Infinity":4,"f:16:18:16:22":2,"s:17:2:17:Infinity":5}}}
,"/home/gustavolendimuth/projetos/compra-coletiva/frontend/src/pages/CampaignList.tsx": {"path":"/home/gustavolendimuth/projetos/compra-coletiva/frontend/src/pages/CampaignList.tsx","statementMap":{"0":{"start":{"line":16,"column":26},"end":{"line":16,"column":null}},"1":{"start":{"line":17,"column":28},"end":{"line":17,"column":null}},"2":{"start":{"line":18,"column":8},"end":{"line":18,"column":null}},"3":{"start":{"line":30,"column":2},"end":{"line":44,"column":null}},"4":{"start":{"line":33,"column":6},"end":{"line":41,"column":null}},"5":{"start":{"line":42,"column":36},"end":{"line":42,"column":null}},"6":{"start":{"line":47,"column":8},"end":{"line":54,"column":null}},"7":{"start":{"line":49,"column":6},"end":{"line":51,"column":null}},"8":{"start":{"line":50,"column":8},"end":{"line":50,"column":null}},"9":{"start":{"line":57,"column":20},"end":{"line":57,"column":null}},"10":{"start":{"line":57,"column":50},"end":{"line":57,"column":59}},"11":{"start":{"line":58,"column":22},"end":{"line":58,"column":null}},"12":{"start":{"line":59,"column":16},"end":{"line":59,"column":null}},"13":{"start":{"line":62,"column":2},"end":{"line":86,"column":null}},"14":{"start":{"line":63,"column":4},"end":{"line":84,"column":null}},"15":{"start":{"line":76,"column":29},"end":{"line":76,"column":null}},"16":{"start":{"line":88,"column":2},"end":{"line":189,"column":null}},"17":{"start":{"line":131,"column":18},"end":{"line":131,"column":null}},"18":{"start":{"line":175,"column":18},"end":{"line":175,"column":null}}},"fnMap":{"0":{"name":"CampaignList","decl":{"start":{"line":15,"column":24},"end":{"line":15,"column":39}},"loc":{"start":{"line":15,"column":39},"end":{"line":191,"column":null}},"line":15},"1":{"name":"(anonymous_1)","decl":{"start":{"line":32,"column":13},"end":{"line":32,"column":14}},"loc":{"start":{"line":33,"column":6},"end":{"line":41,"column":null}},"line":33},"2":{"name":"(anonymous_2)","decl":{"start":{"line":42,"column":22},"end":{"line":42,"column":23}},"loc":{"start":{"line":42,"column":36},"end":{"line":42,"column":null}},"line":42},"3":{"name":"(anonymous_3)","decl":{"start":{"line":48,"column":4},"end":{"line":48,"column":10}},"loc":{"start":{"line":48,"column":10},"end":{"line":52,"column":null}},"line":48},"4":{"name":"(anonymous_4)","decl":{"start":{"line":57,"column":40},"end":{"line":57,"column":41}},"loc":{"start":{"line":57,"column":50},"end":{"line":57,"column":59}},"line":57},"5":{"name":"(anonymous_5)","decl":{"start":{"line":76,"column":23},"end":{"line":76,"column":29}},"loc":{"start":{"line":76,"column":29},"end":{"line":76,"column":null}},"line":76},"6":{"name":"(anonymous_6)","decl":{"start":{"line":130,"column":31},"end":{"line":130,"column":32}},"loc":{"start":{"line":131,"column":18},"end":{"line":131,"column":null}},"line":131},"7":{"name":"(anonymous_7)","decl":{"start":{"line":174,"column":33},"end":{"line":174,"column":34}},"loc":{"start":{"line":175,"column":18},"end":{"line":175,"column":null}},"line":175}},"branchMap":{"0":{"loc":{"start":{"line":36,"column":16},"end":{"line":36,"column":null}},"type":"binary-expr","locations":[{"start":{"line":36,"column":16},"end":{"line":36,"column":35}},{"start":{"line":36,"column":35},"end":{"line":36,"column":null}}],"line":36},"1":{"loc":{"start":{"line":42,"column":36},"end":{"line":42,"column":null}},"type":"binary-expr","locations":[{"start":{"line":42,"column":36},"end":{"line":42,"column":59}},{"start":{"line":42,"column":59},"end":{"line":42,"column":null}}],"line":42},"2":{"loc":{"start":{"line":49,"column":6},"end":{"line":51,"column":null}},"type":"if","locations":[{"start":{"line":49,"column":6},"end":{"line":51,"column":null}},{"start":{},"end":{}}],"line":49},"3":{"loc":{"start":{"line":49,"column":10},"end":{"line":49,"column":46}},"type":"binary-expr","locations":[{"start":{"line":49,"column":10},"end":{"line":49,"column":25}},{"start":{"line":49,"column":25},"end":{"line":49,"column":46}}],"line":49},"4":{"loc":{"start":{"line":53,"column":16},"end":{"line":53,"column":51}},"type":"binary-expr","locations":[{"start":{"line":53,"column":16},"end":{"line":53,"column":32}},{"start":{"line":53,"column":32},"end":{"line":53,"column":51}}],"line":53},"5":{"loc":{"start":{"line":57,"column":20},"end":{"line":57,"column":null}},"type":"binary-expr","locations":[{"start":{"line":57,"column":20},"end":{"line":57,"column":64}},{"start":{"line":57,"column":64},"end":{"line":57,"column":null}}],"line":57},"6":{"loc":{"start":{"line":58,"column":22},"end":{"line":58,"column":null}},"type":"binary-expr","locations":[{"start":{"line":58,"column":22},"end":{"line":58,"column":53}},{"start":{"line":58,"column":53},"end":{"line":58,"column":null}}],"line":58},"7":{"loc":{"start":{"line":59,"column":16},"end":{"line":59,"column":null}},"type":"binary-expr","locations":[{"start":{"line":59,"column":16},"end":{"line":59,"column":41}},{"start":{"line":59,"column":41},"end":{"line":59,"column":null}}],"line":59},"8":{"loc":{"start":{"line":62,"column":2},"end":{"line":86,"column":null}},"type":"if","locations":[{"start":{"line":62,"column":2},"end":{"line":86,"column":null}},{"start":{},"end":{}}],"line":62},"9":{"loc":{"start":{"line":73,"column":15},"end":{"line":73,"column":null}},"type":"cond-expr","locations":[{"start":{"line":73,"column":40},"end":{"line":73,"column":56}},{"start":{"line":73,"column":56},"end":{"line":73,"column":null}}],"line":73},"10":{"loc":{"start":{"line":101,"column":15},"end":{"line":101,"column":null}},"type":"cond-expr","locations":[{"start":{"line":101,"column":27},"end":{"line":101,"column":39}},{"start":{"line":101,"column":39},"end":{"line":101,"column":null}}],"line":101},"11":{"loc":{"start":{"line":105,"column":7},"end":{"line":187,"column":null}},"type":"cond-expr","locations":[{"start":{"line":106,"column":8},"end":{"line":106,"column":null}},{"start":{"line":107,"column":10},"end":{"line":187,"column":null}}],"line":105},"12":{"loc":{"start":{"line":107,"column":10},"end":{"line":187,"column":null}},"type":"cond-expr","locations":[{"start":{"line":109,"column":8},"end":{"line":123,"column":null}},{"start":{"line":125,"column":8},"end":{"line":187,"column":null}}],"line":107},"13":{"loc":{"start":{"line":107,"column":10},"end":{"line":107,"column":null}},"type":"binary-expr","locations":[{"start":{"line":107,"column":10},"end":{"line":107,"column":36}},{"start":{"line":107,"column":36},"end":{"line":107,"column":null}}],"line":107},"14":{"loc":{"start":{"line":113,"column":15},"end":{"line":115,"column":null}},"type":"cond-expr","locations":[{"start":{"line":114,"column":18},"end":{"line":114,"column":null}},{"start":{"line":115,"column":18},"end":{"line":115,"column":null}}],"line":113},"15":{"loc":{"start":{"line":113,"column":15},"end":{"line":113,"column":null}},"type":"binary-expr","locations":[{"start":{"line":113,"column":15},"end":{"line":113,"column":34}},{"start":{"line":113,"column":34},"end":{"line":113,"column":null}}],"line":113},"16":{"loc":{"start":{"line":118,"column":15},"end":{"line":120,"column":null}},"type":"cond-expr","locations":[{"start":{"line":119,"column":18},"end":{"line":119,"column":null}},{"start":{"line":120,"column":18},"end":{"line":120,"column":null}}],"line":118},"17":{"loc":{"start":{"line":118,"column":15},"end":{"line":118,"column":null}},"type":"binary-expr","locations":[{"start":{"line":118,"column":15},"end":{"line":118,"column":34}},{"start":{"line":118,"column":34},"end":{"line":118,"column":null}}],"line":118},"18":{"loc":{"start":{"line":127,"column":11},"end":{"line":152,"column":null}},"type":"binary-expr","locations":[{"start":{"line":127,"column":11},"end":{"line":127,"column":null}},{"start":{"line":128,"column":12},"end":{"line":152,"column":null}}],"line":127},"19":{"loc":{"start":{"line":140,"column":17},"end":{"line":144,"column":null}},"type":"binary-expr","locations":[{"start":{"line":140,"column":17},"end":{"line":140,"column":null}},{"start":{"line":141,"column":18},"end":{"line":144,"column":null}}],"line":140},"20":{"loc":{"start":{"line":146,"column":17},"end":{"line":149,"column":null}},"type":"binary-expr","locations":[{"start":{"line":146,"column":17},"end":{"line":146,"column":33}},{"start":{"line":146,"column":33},"end":{"line":146,"column":57}},{"start":{"line":146,"column":57},"end":{"line":146,"column":null}},{"start":{"line":147,"column":18},"end":{"line":149,"column":null}}],"line":146},"21":{"loc":{"start":{"line":156,"column":11},"end":{"line":185,"column":null}},"type":"binary-expr","locations":[{"start":{"line":156,"column":11},"end":{"line":156,"column":null}},{"start":{"line":157,"column":12},"end":{"line":185,"column":null}}],"line":156},"22":{"loc":{"start":{"line":164,"column":21},"end":{"line":166,"column":null}},"type":"cond-expr","locations":[{"start":{"line":165,"column":24},"end":{"line":165,"column":null}},{"start":{"line":166,"column":24},"end":{"line":166,"column":null}}],"line":164},"23":{"loc":{"start":{"line":180,"column":15},"end":{"line":183,"column":null}},"type":"binary-expr","locations":[{"start":{"line":180,"column":15},"end":{"line":180,"column":null}},{"start":{"line":181,"column":16},"end":{"line":183,"column":null}}],"line":180}},"s":{"0":91,"1":91,"2":91,"3":91,"4":49,"5":129,"6":91,"7":0,"8":0,"9":91,"10":41,"11":91,"12":91,"13":91,"14":2,"15":1,"16":89,"17":78,"18":2},"f":{"0":91,"1":49,"2":129,"3":0,"4":41,"5":1,"6":78,"7":2},"b":{"0":[49,23],"1":[129,126],"2":[0,0],"3":[0,0],"4":[91,1],"5":[91,50],"6":[91,50],"7":[91,50],"8":[2,89],"9":[2,0],"10":[48,41],"11":[48,41],"12":[12,29],"13":[41,13],"14":[10,2],"15":[12,2],"16":[10,2],"17":[12,2],"18":[29,28],"19":[28,0],"20":[28,27,27,26],"21":[29,2],"22":[1,1],"23":[2,1]},"meta":{"lastBranch":24,"lastFunction":8,"lastStatement":19,"seen":{"f:15:24:15:39":0,"s:16:26:16:Infinity":0,"s:17:28:17:Infinity":1,"s:18:8:18:Infinity":2,"s:30:2:44:Infinity":3,"f:32:13:32:14":1,"s:33:6:41:Infinity":4,"b:36:16:36:35:36:35:36:Infinity":0,"f:42:22:42:23":2,"s:42:36:42:Infinity":5,"b:42:36:42:59:42:59:42:Infinity":1,"s:47:8:54:Infinity":6,"f:48:4:48:10":3,"b:49:6:51:Infinity:undefined:undefined:undefined:undefined":2,"s:49:6:51:Infinity":7,"b:49:10:49:25:49:25:49:46":3,"s:50:8:50:Infinity":8,"b:53:16:53:32:53:32:53:51":4,"s:57:20:57:Infinity":9,"b:57:20:57:64:57:64:57:Infinity":5,"f:57:40:57:41":4,"s:57:50:57:59":10,"s:58:22:58:Infinity":11,"b:58:22:58:53:58:53:58:Infinity":6,"s:59:16:59:Infinity":12,"b:59:16:59:41:59:41:59:Infinity":7,"b:62:2:86:Infinity:undefined:undefined:undefined:undefined":8,"s:62:2:86:Infinity":13,"s:63:4:84:Infinity":14,"b:73:40:73:56:73:56:73:Infinity":9,"f:76:23:76:29":5,"s:76:29:76:Infinity":15,"s:88:2:189:Infinity":16,"b:101:27:101:39:101:39:101:Infinity":10,"b:106:8:106:Infinity:107:10:187:Infinity":11,"b:109:8:123:Infinity:125:8:187:Infinity":12,"b:107:10:107:36:107:36:107:Infinity":13,"b:114:18:114:Infinity:115:18:115:Infinity":14,"b:113:15:113:34:113:34:113:Infinity":15,"b:119:18:119:Infinity:120:18:120:Infinity":16,"b:118:15:118:34:118:34:118:Infinity":17,"b:127:11:127:Infinity:128:12:152:Infinity":18,"f:130:31:130:32":6,"s:131:18:131:Infinity":17,"b:140:17:140:Infinity:141:18:144:Infinity":19,"b:146:17:146:33:146:33:146:57:146:57:146:Infinity:147:18:149:Infinity":20,"b:156:11:156:Infinity:157:12:185:Infinity":21,"b:165:24:165:Infinity:166:24:166:Infinity":22,"f:174:33:174:34":7,"s:175:18:175:Infinity":18,"b:180:15:180:Infinity:181:16:183:Infinity":23}}}
}
