TN:
SF:src/config/email.ts
FN:46,getEmailConfig
FN:92,validateEmailConfig
FN:145,getValidatedEmailConfig
FNF:3
FNH:0
FNDA:0,getEmailConfig
FNDA:0,validateEmailConfig
FNDA:0,getValidatedEmailConfig
DA:46,0
DA:47,0
DA:85,0
DA:92,0
DA:93,0
DA:94,0
DA:95,0
DA:99,0
DA:100,0
DA:101,0
DA:103,0
DA:104,0
DA:105,0
DA:107,0
DA:109,0
DA:110,0
DA:112,0
DA:113,0
DA:120,0
DA:124,0
DA:125,0
DA:129,0
DA:130,0
DA:133,0
DA:134,0
DA:135,0
DA:136,0
DA:137,0
DA:138,0
DA:145,0
DA:146,0
DA:147,0
DA:148,0
LF:33
LH:0
BRDA:49,0,0,0
BRDA:49,0,1,0
BRDA:55,1,0,0
BRDA:55,1,1,0
BRDA:56,2,0,0
BRDA:56,2,1,0
BRDA:63,3,0,0
BRDA:63,3,1,0
BRDA:63,3,2,0
BRDA:64,4,0,0
BRDA:64,4,1,0
BRDA:69,5,0,0
BRDA:69,5,1,0
BRDA:70,6,0,0
BRDA:70,6,1,0
BRDA:76,7,0,0
BRDA:76,7,1,0
BRDA:77,8,0,0
BRDA:77,8,1,0
BRDA:78,9,0,0
BRDA:78,9,1,0
BRDA:82,10,0,0
BRDA:82,10,1,0
BRDA:93,11,0,0
BRDA:99,12,0,0
BRDA:99,12,1,0
BRDA:100,13,0,0
BRDA:103,14,0,0
BRDA:103,14,1,0
BRDA:104,15,0,0
BRDA:104,16,0,0
BRDA:104,16,1,0
BRDA:107,17,0,0
BRDA:107,17,1,0
BRDA:110,18,0,0
BRDA:110,18,1,0
BRDA:112,19,0,0
BRDA:112,20,0,0
BRDA:112,20,1,0
BRDA:124,21,0,0
BRDA:124,22,0,0
BRDA:124,22,1,0
BRDA:129,23,0,0
BRDA:136,24,0,0
BRDA:136,24,1,0
BRDA:137,25,0,0
BRDA:137,25,1,0
BRF:47
BRH:0
end_of_record
TN:
SF:src/config/passport.ts
FN:11,(anonymous_1)
FN:24,(anonymous_2)
FN:102,(anonymous_3)
FN:106,(anonymous_4)
FNF:4
FNH:0
FNDA:0,(anonymous_1)
FNDA:0,(anonymous_2)
FNDA:0,(anonymous_3)
FNDA:0,(anonymous_4)
DA:1,0
DA:2,0
DA:3,0
DA:4,0
DA:5,0
DA:7,0
DA:8,0
DA:9,0
DA:11,0
DA:13,0
DA:14,0
DA:16,0
DA:25,0
DA:26,0
DA:27,0
DA:29,0
DA:30,0
DA:34,0
DA:38,0
DA:41,0
DA:42,0
DA:51,0
DA:55,0
DA:59,0
DA:61,0
DA:65,0
DA:68,0
DA:80,0
DA:81,0
DA:82,0
DA:84,0
DA:90,0
DA:92,0
DA:98,0
DA:102,0
DA:103,0
DA:106,0
DA:107,0
DA:108,0
DA:109,0
DA:111,0
LF:41
LH:0
BRDA:7,0,0,0
BRDA:7,0,1,0
BRDA:8,1,0,0
BRDA:8,1,1,0
BRDA:9,2,0,0
BRDA:9,2,1,0
BRDA:13,3,0,0
BRDA:13,3,1,0
BRDA:13,4,0,0
BRDA:13,4,1,0
BRDA:29,5,0,0
BRDA:38,6,0,0
BRDA:38,6,1,0
BRDA:41,7,0,0
BRDA:46,8,0,0
BRDA:46,8,1,0
BRDA:59,9,0,0
BRDA:59,9,1,0
BRDA:71,10,0,0
BRDA:71,10,1,0
BRF:20
BRH:0
end_of_record
TN:
SF:src/middleware/adminMiddleware.ts
FN:14,(anonymous_0)
FN:29,(anonymous_1)
FN:30,(anonymous_2)
FN:35,(anonymous_3)
FN:52,(anonymous_4)
FN:66,sanitizeBody
FN:86,(anonymous_6)
FNF:7
FNH:0
FNDA:0,(anonymous_0)
FNDA:0,(anonymous_1)
FNDA:0,(anonymous_2)
FNDA:0,(anonymous_3)
FNDA:0,(anonymous_4)
FNDA:0,sanitizeBody
FNDA:0,(anonymous_6)
DA:7,0
DA:9,0
DA:14,0
DA:15,0
DA:16,0
DA:19,0
DA:20,0
DA:23,0
DA:29,0
DA:30,0
DA:32,0
DA:35,0
DA:37,0
DA:40,0
DA:53,0
DA:56,0
DA:59,0
DA:67,0
DA:68,0
DA:71,0
DA:72,0
DA:74,0
DA:75,0
DA:76,0
DA:80,0
DA:86,0
DA:87,0
LF:27
LH:0
BRDA:15,0,0,0
BRDA:19,1,0,0
BRDA:37,2,0,0
BRDA:37,2,1,0
BRDA:37,2,2,0
BRDA:67,3,0,0
BRDA:67,4,0,0
BRDA:67,4,1,0
BRDA:75,5,0,0
BRF:9
BRH:0
end_of_record
TN:
SF:src/middleware/authMiddleware.ts
FN:11,(anonymous_0)
FN:77,(anonymous_1)
FN:110,(anonymous_2)
FN:111,(anonymous_3)
FN:138,(anonymous_4)
FN:211,(anonymous_5)
FN:276,(anonymous_6)
FN:349,(anonymous_7)
FNF:8
FNH:0
FNDA:0,(anonymous_0)
FNDA:0,(anonymous_1)
FNDA:0,(anonymous_2)
FNDA:0,(anonymous_3)
FNDA:0,(anonymous_4)
FNDA:0,(anonymous_5)
FNDA:0,(anonymous_6)
FNDA:0,(anonymous_7)
DA:2,0
DA:3,0
DA:5,0
DA:11,0
DA:16,0
DA:18,0
DA:20,0
DA:21,0
DA:25,0
DA:30,0
DA:31,0
DA:33,0
DA:34,0
DA:38,0
DA:41,0
DA:45,0
DA:49,0
DA:53,0
DA:54,0
DA:58,0
DA:62,0
DA:63,0
DA:65,0
DA:66,0
DA:77,0
DA:82,0
DA:83,0
DA:85,0
DA:86,0
DA:87,0
DA:88,0
DA:92,0
DA:93,0
DA:100,0
DA:103,0
DA:110,0
DA:111,0
DA:112,0
DA:113,0
DA:117,0
DA:120,0
DA:121,0
DA:127,0
DA:130,0
DA:138,0
DA:143,0
DA:144,0
DA:145,0
DA:149,0
DA:153,0
DA:154,0
DA:155,0
DA:158,0
DA:160,0
DA:161,0
DA:165,0
DA:169,0
DA:175,0
DA:176,0
DA:182,0
DA:183,0
DA:187,0
DA:190,0
DA:191,0
DA:195,0
DA:198,0
DA:200,0
DA:201,0
DA:211,0
DA:216,0
DA:217,0
DA:218,0
DA:222,0
DA:226,0
DA:227,0
DA:228,0
DA:231,0
DA:233,0
DA:234,0
DA:238,0
DA:241,0
DA:246,0
DA:247,0
DA:251,0
DA:254,0
DA:255,0
DA:259,0
DA:262,0
DA:264,0
DA:265,0
DA:276,0
DA:281,0
DA:282,0
DA:283,0
DA:287,0
DA:291,0
DA:292,0
DA:293,0
DA:296,0
DA:298,0
DA:299,0
DA:303,0
DA:306,0
DA:315,0
DA:316,0
DA:320,0
DA:324,0
DA:325,0
DA:327,0
DA:328,0
DA:332,0
DA:335,0
DA:337,0
DA:338,0
DA:349,0
DA:354,0
DA:355,0
DA:356,0
DA:360,0
DA:364,0
DA:365,0
DA:366,0
DA:369,0
DA:371,0
DA:372,0
DA:376,0
DA:379,0
DA:388,0
DA:389,0
DA:393,0
DA:397,0
DA:398,0
DA:400,0
DA:401,0
DA:405,0
DA:408,0
DA:410,0
DA:411,0
LF:138
LH:0
BRDA:20,0,0,0
BRDA:33,1,0,0
BRDA:53,2,0,0
BRDA:85,3,0,0
BRDA:92,4,0,0
BRDA:112,5,0,0
BRDA:120,6,0,0
BRDA:144,7,0,0
BRDA:153,8,0,0
BRDA:158,9,0,0
BRDA:158,9,1,0
BRDA:158,9,2,0
BRDA:160,10,0,0
BRDA:175,11,0,0
BRDA:182,12,0,0
BRDA:190,13,0,0
BRDA:217,14,0,0
BRDA:226,15,0,0
BRDA:233,16,0,0
BRDA:246,17,0,0
BRDA:254,18,0,0
BRDA:282,19,0,0
BRDA:291,20,0,0
BRDA:298,21,0,0
BRDA:315,22,0,0
BRDA:327,23,0,0
BRDA:327,24,0,0
BRDA:327,24,1,0
BRDA:355,25,0,0
BRDA:364,26,0,0
BRDA:369,27,0,0
BRDA:369,27,1,0
BRDA:371,28,0,0
BRDA:388,29,0,0
BRDA:400,30,0,0
BRDA:400,31,0,0
BRDA:400,31,1,0
BRF:37
BRH:0
end_of_record
TN:
SF:src/middleware/errorHandler.ts
FN:4,(anonymous_0)
FN:14,(anonymous_1)
FN:73,(anonymous_2)
FN:74,(anonymous_3)
FNF:4
FNH:0
FNDA:0,(anonymous_0)
FNDA:0,(anonymous_1)
FNDA:0,(anonymous_2)
FNDA:0,(anonymous_3)
DA:3,0
DA:5,0
DA:6,0
DA:7,0
DA:9,0
DA:10,0
DA:14,0
DA:20,0
DA:22,0
DA:23,0
DA:30,0
DA:31,0
DA:39,0
DA:40,0
DA:48,0
DA:49,0
DA:57,0
DA:58,0
DA:66,0
DA:73,0
DA:74,0
DA:75,0
LF:22
LH:0
BRDA:7,0,0,0
BRDA:22,1,0,0
BRDA:30,2,0,0
BRDA:34,3,0,0
BRDA:34,3,1,0
BRDA:39,4,0,0
BRDA:43,5,0,0
BRDA:43,5,1,0
BRDA:48,6,0,0
BRDA:52,7,0,0
BRDA:52,7,1,0
BRDA:57,8,0,0
BRDA:61,9,0,0
BRDA:61,9,1,0
BRDA:69,10,0,0
BRDA:69,10,1,0
BRF:16
BRH:0
end_of_record
TN:
SF:src/middleware/uploadMiddleware.ts
FN:6,(anonymous_1)
FN:36,(anonymous_2)
FNF:2
FNH:0
FNDA:0,(anonymous_1)
FNDA:0,(anonymous_2)
DA:1,0
DA:3,0
DA:6,0
DA:11,0
DA:13,0
DA:14,0
DA:16,0
DA:21,0
DA:30,0
DA:33,0
DA:36,0
DA:42,0
DA:43,0
DA:44,0
DA:48,0
DA:50,0
DA:54,0
DA:57,0
DA:58,0
DA:62,0
DA:65,0
LF:21
LH:0
BRDA:13,0,0,0
BRDA:13,0,1,0
BRDA:42,1,0,0
BRDA:43,2,0,0
BRDA:57,3,0,0
BRF:5
BRH:0
end_of_record
TN:
SF:src/routes/analytics.ts
FN:26,(anonymous_0)
FN:107,(anonymous_1)
FN:113,(anonymous_2)
FNF:3
FNH:0
FNDA:0,(anonymous_0)
FNDA:0,(anonymous_1)
FNDA:0,(anonymous_2)
DA:1,0
DA:2,0
DA:3,0
DA:5,0
DA:26,0
DA:27,0
DA:29,0
DA:50,0
DA:51,0
DA:54,0
DA:64,0
DA:65,0
DA:67,0
DA:68,0
DA:69,0
DA:71,0
DA:72,0
DA:74,0
DA:80,0
DA:82,0
DA:83,0
DA:88,0
DA:89,0
DA:92,0
DA:93,0
DA:95,0
DA:96,0
DA:101,0
DA:102,0
DA:107,0
DA:113,0
DA:119,0
DA:122,0
LF:33
LH:0
BRDA:50,0,0,0
BRDA:71,1,0,0
BRDA:71,1,1,0
BRDA:82,2,0,0
BRDA:95,3,0,0
BRF:5
BRH:0
end_of_record
TN:
SF:src/routes/auth.ts
FN:25,validateFullName
FN:27,(anonymous_2)
FN:37,(anonymous_3)
FN:59,(anonymous_4)
FN:60,(anonymous_5)
FN:95,(anonymous_6)
FN:96,(anonymous_7)
FN:126,(anonymous_8)
FN:166,(anonymous_9)
FN:283,(anonymous_10)
FN:381,(anonymous_11)
FN:467,(anonymous_12)
FN:500,(anonymous_13)
FN:556,(anonymous_14)
FN:615,(anonymous_15)
FN:695,(anonymous_16)
FN:777,(anonymous_17)
FN:878,(anonymous_18)
FNF:18
FNH:0
FNDA:0,validateFullName
FNDA:0,(anonymous_2)
FNDA:0,(anonymous_3)
FNDA:0,(anonymous_4)
FNDA:0,(anonymous_5)
FNDA:0,(anonymous_6)
FNDA:0,(anonymous_7)
FNDA:0,(anonymous_8)
FNDA:0,(anonymous_9)
FNDA:0,(anonymous_10)
FNDA:0,(anonymous_11)
FNDA:0,(anonymous_12)
FNDA:0,(anonymous_13)
FNDA:0,(anonymous_14)
FNDA:0,(anonymous_15)
FNDA:0,(anonymous_16)
FNDA:0,(anonymous_17)
FNDA:0,(anonymous_18)
DA:1,0
DA:2,0
DA:3,0
DA:4,0
DA:5,0
DA:6,0
DA:7,0
DA:8,0
DA:9,0
DA:14,0
DA:15,0
DA:17,0
DA:18,0
DA:26,0
DA:27,0
DA:29,0
DA:30,0
DA:37,0
DA:38,0
DA:39,0
DA:45,0
DA:51,0
DA:53,0
DA:59,0
DA:60,0
DA:71,0
DA:76,0
DA:80,0
DA:84,0
DA:89,0
DA:95,0
DA:96,0
DA:112,0
DA:126,0
DA:127,0
DA:128,0
DA:130,0
DA:131,0
DA:135,0
DA:139,0
DA:146,0
DA:154,0
DA:155,0
DA:166,0
DA:167,0
DA:169,0
DA:171,0
DA:172,0
DA:177,0
DA:180,0
DA:183,0
DA:184,0
DA:188,0
DA:192,0
DA:193,0
DA:194,0
DA:199,0
DA:203,0
DA:207,0
DA:208,0
DA:212,0
DA:216,0
DA:219,0
DA:231,0
DA:238,0
DA:241,0
DA:242,0
DA:243,0
DA:245,0
DA:250,0
DA:256,0
DA:271,0
DA:272,0
DA:283,0
DA:284,0
DA:286,0
DA:288,0
DA:289,0
DA:294,0
DA:297,0
DA:300,0
DA:304,0
DA:305,0
DA:309,0
DA:313,0
DA:314,0
DA:319,0
DA:323,0
DA:328,0
DA:329,0
DA:333,0
DA:337,0
DA:344,0
DA:347,0
DA:353,0
DA:368,0
DA:369,0
DA:381,0
DA:382,0
DA:385,0
DA:387,0
DA:388,0
DA:392,0
DA:396,0
DA:398,0
DA:399,0
DA:403,0
DA:408,0
DA:409,0
DA:411,0
DA:415,0
DA:419,0
DA:423,0
DA:424,0
DA:428,0
DA:432,0
DA:438,0
DA:451,0
DA:452,0
DA:464,0
DA:468,0
DA:471,0
DA:473,0
DA:474,0
DA:478,0
DA:480,0
DA:484,0
DA:485,0
DA:497,0
DA:501,0
DA:502,0
DA:503,0
DA:507,0
DA:510,0
DA:522,0
DA:523,0
DA:537,0
DA:550,0
DA:557,0
DA:558,0
DA:559,0
DA:564,0
DA:567,0
DA:570,0
DA:577,0
DA:580,0
DA:588,0
DA:589,0
DA:600,0
DA:601,0
DA:602,0
DA:613,0
DA:616,0
DA:617,0
DA:620,0
DA:623,0
DA:624,0
DA:628,0
DA:632,0
DA:633,0
DA:638,0
DA:642,0
DA:643,0
DA:646,0
DA:655,0
DA:656,0
DA:657,0
DA:659,0
DA:664,0
DA:665,0
DA:666,0
DA:673,0
DA:680,0
DA:681,0
DA:693,0
DA:696,0
DA:697,0
DA:700,0
DA:705,0
DA:706,0
DA:710,0
DA:714,0
DA:715,0
DA:719,0
DA:723,0
DA:724,0
DA:728,0
DA:732,0
DA:733,0
DA:734,0
DA:739,0
DA:743,0
DA:746,0
DA:757,0
DA:759,0
DA:760,0
DA:774,0
DA:778,0
DA:780,0
DA:782,0
DA:785,0
DA:786,0
DA:790,0
DA:791,0
DA:795,0
DA:796,0
DA:797,0
DA:801,0
DA:805,0
DA:809,0
DA:810,0
DA:814,0
DA:818,0
DA:823,0
DA:824,0
DA:828,0
DA:832,0
DA:833,0
DA:834,0
DA:839,0
DA:842,0
DA:846,0
DA:851,0
DA:862,0
DA:863,0
DA:875,0
DA:879,0
DA:880,0
DA:885,0
DA:887,0
DA:893,0
DA:909,0
DA:914,0
DA:919,0
DA:921,0
DA:922,0
DA:923,0
DA:928,0
DA:931,0
DA:939,0
LF:240
LH:0
BRDA:29,0,0,0
BRDA:38,1,0,0
BRDA:60,2,0,0
BRDA:60,2,1,0
BRDA:96,3,0,0
BRDA:96,3,1,0
BRDA:130,4,0,0
BRDA:130,5,0,0
BRDA:130,5,1,0
BRDA:149,6,0,0
BRDA:149,6,1,0
BRDA:171,7,0,0
BRDA:183,8,0,0
BRDA:193,9,0,0
BRDA:207,10,0,0
BRDA:288,11,0,0
BRDA:304,12,0,0
BRDA:313,13,0,0
BRDA:328,14,0,0
BRDA:385,15,0,0
BRDA:385,15,1,0
BRDA:387,16,0,0
BRDA:398,17,0,0
BRDA:423,18,0,0
BRDA:471,19,0,0
BRDA:471,19,1,0
BRDA:473,20,0,0
BRDA:502,21,0,0
BRDA:558,22,0,0
BRDA:561,23,0,0
BRDA:561,23,1,0
BRDA:588,24,0,0
BRDA:588,24,1,0
BRDA:597,25,0,0
BRDA:597,25,1,0
BRDA:601,26,0,0
BRDA:601,26,1,0
BRDA:623,27,0,0
BRDA:632,28,0,0
BRDA:664,29,0,0
BRDA:668,30,0,0
BRDA:668,30,1,0
BRDA:677,31,0,0
BRDA:677,31,1,0
BRDA:705,32,0,0
BRDA:714,33,0,0
BRDA:723,34,0,0
BRDA:733,35,0,0
BRDA:785,36,0,0
BRDA:790,37,0,0
BRDA:795,38,0,0
BRDA:796,39,0,0
BRDA:809,40,0,0
BRDA:809,41,0,0
BRDA:809,41,1,0
BRDA:823,42,0,0
BRDA:833,43,0,0
BRDA:921,44,0,0
BRF:58
BRH:0
end_of_record
TN:
SF:src/routes/campaignMessages.ts
FN:24,(anonymous_0)
FN:25,(anonymous_1)
FN:26,(anonymous_2)
FN:33,(anonymous_3)
FN:49,(anonymous_4)
FN:109,(anonymous_5)
FN:221,(anonymous_6)
FN:287,(anonymous_7)
FN:321,(anonymous_8)
FN:368,(anonymous_9)
FN:460,(anonymous_10)
FNF:11
FNH:0
FNDA:0,(anonymous_0)
FNDA:0,(anonymous_1)
FNDA:0,(anonymous_2)
FNDA:0,(anonymous_3)
FNDA:0,(anonymous_4)
FNDA:0,(anonymous_5)
FNDA:0,(anonymous_6)
FNDA:0,(anonymous_7)
FNDA:0,(anonymous_8)
FNDA:0,(anonymous_9)
FNDA:0,(anonymous_10)
DA:1,0
DA:2,0
DA:3,0
DA:4,0
DA:5,0
DA:6,0
DA:7,0
DA:8,0
DA:15,0
DA:19,0
DA:24,0
DA:25,0
DA:26,0
DA:29,0
DA:33,0
DA:36,0
DA:49,0
DA:50,0
DA:52,0
DA:53,0
DA:56,0
DA:57,0
DA:59,0
DA:60,0
DA:63,0
DA:95,0
DA:109,0
DA:110,0
DA:111,0
DA:114,0
DA:119,0
DA:120,0
DA:124,0
DA:129,0
DA:130,0
DA:134,0
DA:141,0
DA:148,0
DA:170,0
DA:176,0
DA:177,0
DA:186,0
DA:187,0
DA:201,0
DA:207,0
DA:209,0
DA:221,0
DA:222,0
DA:223,0
DA:224,0
DA:227,0
DA:236,0
DA:237,0
DA:241,0
DA:242,0
DA:246,0
DA:247,0
DA:251,0
DA:252,0
DA:253,0
DA:257,0
DA:275,0
DA:276,0
DA:279,0
DA:287,0
DA:288,0
DA:289,0
DA:291,0
DA:292,0
DA:295,0
DA:311,0
DA:321,0
DA:322,0
DA:323,0
DA:325,0
DA:326,0
DA:330,0
DA:335,0
DA:336,0
DA:339,0
DA:360,0
DA:368,0
DA:369,0
DA:370,0
DA:371,0
DA:374,0
DA:393,0
DA:394,0
DA:398,0
DA:399,0
DA:403,0
DA:404,0
DA:408,0
DA:433,0
DA:436,0
DA:442,0
DA:452,0
DA:460,0
DA:461,0
DA:462,0
DA:465,0
DA:474,0
DA:475,0
DA:479,0
DA:480,0
DA:484,0
DA:485,0
DA:489,0
DA:494,0
DA:496,0
DA:499,0
LF:111
LH:0
BRDA:26,0,0,0
BRDA:26,0,1,0
BRDA:50,1,0,0
BRDA:50,2,0,0
BRDA:52,3,0,0
BRDA:52,4,0,0
BRDA:52,4,1,0
BRDA:59,5,0,0
BRDA:59,6,0,0
BRDA:59,6,1,0
BRDA:59,6,2,0
BRDA:59,6,3,0
BRDA:119,7,0,0
BRDA:129,8,0,0
BRDA:130,9,0,0
BRDA:130,9,1,0
BRDA:176,10,0,0
BRDA:191,11,0,0
BRDA:191,11,1,0
BRDA:236,12,0,0
BRDA:241,13,0,0
BRDA:246,14,0,0
BRDA:252,15,0,0
BRDA:275,16,0,0
BRDA:291,17,0,0
BRDA:291,18,0,0
BRDA:291,18,1,0
BRDA:325,19,0,0
BRDA:325,20,0,0
BRDA:325,20,1,0
BRDA:335,21,0,0
BRDA:335,22,0,0
BRDA:335,22,1,0
BRDA:393,23,0,0
BRDA:398,24,0,0
BRDA:403,25,0,0
BRDA:474,26,0,0
BRDA:479,27,0,0
BRDA:484,28,0,0
BRF:39
BRH:0
end_of_record
TN:
SF:src/routes/campaigns.ts
FN:28,(anonymous_0)
FN:32,(anonymous_1)
FN:40,(anonymous_2)
FN:54,(anonymous_3)
FN:76,searchCampaignIds
FN:88,(anonymous_5)
FN:92,getSuggestions
FN:101,(anonymous_7)
FN:107,(anonymous_8)
FN:126,(anonymous_9)
FN:141,(anonymous_10)
FN:148,(anonymous_11)
FN:229,(anonymous_12)
FN:230,(anonymous_13)
FN:259,(anonymous_14)
FN:260,(anonymous_15)
FN:267,(anonymous_16)
FN:312,(anonymous_17)
FN:341,findCampaignByIdOrSlug
FN:386,(anonymous_19)
FN:403,(anonymous_20)
FN:419,(anonymous_21)
FN:443,(anonymous_22)
FN:468,(anonymous_23)
FN:492,(anonymous_24)
FN:531,(anonymous_25)
FN:585,(anonymous_26)
FN:620,(anonymous_27)
FN:653,(anonymous_28)
FN:690,(anonymous_29)
FN:691,(anonymous_30)
FN:751,(anonymous_31)
FNF:32
FNH:0
FNDA:0,(anonymous_0)
FNDA:0,(anonymous_1)
FNDA:0,(anonymous_2)
FNDA:0,(anonymous_3)
FNDA:0,searchCampaignIds
FNDA:0,(anonymous_5)
FNDA:0,getSuggestions
FNDA:0,(anonymous_7)
FNDA:0,(anonymous_8)
FNDA:0,(anonymous_9)
FNDA:0,(anonymous_10)
FNDA:0,(anonymous_11)
FNDA:0,(anonymous_12)
FNDA:0,(anonymous_13)
FNDA:0,(anonymous_14)
FNDA:0,(anonymous_15)
FNDA:0,(anonymous_16)
FNDA:0,(anonymous_17)
FNDA:0,findCampaignByIdOrSlug
FNDA:0,(anonymous_19)
FNDA:0,(anonymous_20)
FNDA:0,(anonymous_21)
FNDA:0,(anonymous_22)
FNDA:0,(anonymous_23)
FNDA:0,(anonymous_24)
FNDA:0,(anonymous_25)
FNDA:0,(anonymous_26)
FNDA:0,(anonymous_27)
FNDA:0,(anonymous_28)
FNDA:0,(anonymous_29)
FNDA:0,(anonymous_30)
FNDA:0,(anonymous_31)
DA:1,0
DA:2,0
DA:3,0
DA:4,0
DA:5,0
DA:11,0
DA:12,0
DA:13,0
DA:14,0
DA:15,0
DA:16,0
DA:18,0
DA:21,0
DA:28,0
DA:32,0
DA:37,0
DA:41,0
DA:43,0
DA:44,0
DA:46,0
DA:51,0
DA:55,0
DA:57,0
DA:58,0
DA:60,0
DA:66,0
DA:70,0
DA:77,0
DA:88,0
DA:98,0
DA:101,0
DA:103,0
DA:106,0
DA:107,0
DA:124,0
DA:126,0
DA:130,0
DA:132,0
DA:141,0
DA:145,0
DA:157,0
DA:160,0
DA:161,0
DA:164,0
DA:165,0
DA:169,0
DA:170,0
DA:174,0
DA:175,0
DA:176,0
DA:178,0
DA:180,0
DA:182,0
DA:184,0
DA:198,0
DA:207,0
DA:216,0
DA:220,0
DA:221,0
DA:226,0
DA:229,0
DA:230,0
DA:234,0
DA:235,0
DA:237,0
DA:248,0
DA:249,0
DA:255,0
DA:256,0
DA:259,0
DA:260,0
DA:264,0
DA:265,0
DA:267,0
DA:274,0
DA:285,0
DA:302,0
DA:303,0
DA:305,0
DA:307,0
DA:310,0
DA:311,0
DA:312,0
DA:313,0
DA:319,0
DA:320,0
DA:336,0
DA:343,0
DA:361,0
DA:362,0
DA:380,0
DA:384,0
DA:387,0
DA:389,0
DA:391,0
DA:392,0
DA:395,0
DA:400,0
DA:404,0
DA:407,0
DA:408,0
DA:409,0
DA:413,0
DA:416,0
DA:419,0
DA:421,0
DA:422,0
DA:429,0
DA:434,0
DA:439,0
DA:444,0
DA:445,0
DA:448,0
DA:453,0
DA:454,0
DA:460,0
DA:461,0
DA:465,0
DA:468,0
DA:470,0
DA:471,0
DA:478,0
DA:490,0
DA:491,0
DA:492,0
DA:501,0
DA:505,0
DA:522,0
DA:527,0
DA:532,0
DA:534,0
DA:537,0
DA:542,0
DA:543,0
DA:549,0
DA:550,0
DA:553,0
DA:556,0
DA:557,0
DA:558,0
DA:562,0
DA:563,0
DA:566,0
DA:572,0
DA:573,0
DA:576,0
DA:581,0
DA:586,0
DA:587,0
DA:590,0
DA:595,0
DA:596,0
DA:602,0
DA:603,0
DA:606,0
DA:611,0
DA:616,0
DA:621,0
DA:624,0
DA:629,0
DA:630,0
DA:636,0
DA:637,0
DA:640,0
DA:644,0
DA:649,0
DA:654,0
DA:657,0
DA:662,0
DA:663,0
DA:669,0
DA:670,0
DA:673,0
DA:675,0
DA:679,0
DA:680,0
DA:681,0
DA:686,0
DA:691,0
DA:692,0
DA:693,0
DA:696,0
DA:697,0
DA:700,0
DA:703,0
DA:708,0
DA:709,0
DA:715,0
DA:716,0
DA:720,0
DA:723,0
DA:724,0
DA:728,0
DA:737,0
DA:747,0
DA:752,0
DA:755,0
DA:760,0
DA:761,0
DA:767,0
DA:768,0
DA:771,0
DA:772,0
DA:776,0
DA:779,0
DA:788,0
DA:792,0
LF:207
LH:0
BRDA:28,0,0,0
BRDA:28,0,1,0
BRDA:32,1,0,0
BRDA:32,1,1,0
BRDA:41,2,0,0
BRDA:41,3,0,0
BRDA:41,3,1,0
BRDA:41,3,2,0
BRDA:43,4,0,0
BRDA:43,5,0,0
BRDA:43,5,1,0
BRDA:55,6,0,0
BRDA:55,7,0,0
BRDA:55,7,1,0
BRDA:55,7,2,0
BRDA:57,8,0,0
BRDA:57,9,0,0
BRDA:57,9,1,0
BRDA:103,10,0,0
BRDA:124,11,0,0
BRDA:124,11,1,0
BRDA:164,12,0,0
BRDA:169,13,0,0
BRDA:174,14,0,0
BRDA:174,15,0,0
BRDA:174,15,1,0
BRDA:178,16,0,0
BRDA:182,17,0,0
BRDA:220,18,0,0
BRDA:220,19,0,0
BRDA:220,19,1,0
BRDA:234,20,0,0
BRDA:234,20,1,0
BRDA:248,21,0,0
BRDA:248,22,0,0
BRDA:248,22,1,0
BRDA:255,23,0,0
BRDA:255,23,1,0
BRDA:264,24,0,0
BRDA:288,25,0,0
BRDA:288,25,1,0
BRDA:289,26,0,0
BRDA:289,26,1,0
BRDA:303,27,0,0
BRDA:303,27,1,0
BRDA:305,28,0,0
BRDA:305,28,1,0
BRDA:305,29,0,0
BRDA:305,29,1,0
BRDA:311,30,0,0
BRDA:311,31,0,0
BRDA:311,31,1,0
BRDA:311,31,2,0
BRDA:311,31,3,0
BRDA:319,32,0,0
BRDA:361,33,0,0
BRDA:391,34,0,0
BRDA:408,35,0,0
BRDA:421,36,0,0
BRDA:453,37,0,0
BRDA:460,38,0,0
BRDA:470,39,0,0
BRDA:482,40,0,0
BRDA:482,40,1,0
BRDA:490,41,0,0
BRDA:542,42,0,0
BRDA:549,43,0,0
BRDA:557,44,0,0
BRDA:558,45,0,0
BRDA:558,45,1,0
BRDA:562,46,0,0
BRDA:572,47,0,0
BRDA:595,48,0,0
BRDA:602,49,0,0
BRDA:629,50,0,0
BRDA:636,51,0,0
BRDA:662,52,0,0
BRDA:669,53,0,0
BRDA:676,54,0,0
BRDA:676,54,1,0
BRDA:692,55,0,0
BRDA:693,56,0,0
BRDA:693,56,1,0
BRDA:696,57,0,0
BRDA:708,58,0,0
BRDA:715,59,0,0
BRDA:723,60,0,0
BRDA:723,61,0,0
BRDA:723,61,1,0
BRDA:760,62,0,0
BRDA:767,63,0,0
BRDA:771,64,0,0
BRDA:771,65,0,0
BRDA:771,65,1,0
BRF:94
BRH:0
end_of_record
TN:
SF:src/routes/emailPreferences.ts
FN:20,(anonymous_1)
FN:46,(anonymous_2)
FN:70,(anonymous_3)
FN:97,(anonymous_4)
FNF:4
FNH:0
FNDA:0,(anonymous_1)
FNDA:0,(anonymous_2)
FNDA:0,(anonymous_3)
FNDA:0,(anonymous_4)
DA:5,0
DA:6,0
DA:7,0
DA:8,0
DA:9,0
DA:11,0
DA:17,0
DA:21,0
DA:23,0
DA:25,0
DA:33,0
DA:43,0
DA:47,0
DA:50,0
DA:52,0
DA:54,0
DA:63,0
DA:68,0
DA:72,0
DA:74,0
DA:76,0
DA:77,0
DA:82,0
DA:94,0
DA:98,0
DA:100,0
DA:102,0
DA:110,0
LF:28
LH:0
BRDA:76,0,0,0
BRDA:76,0,1,0
BRF:2
BRH:0
end_of_record
TN:
SF:src/routes/feedback.ts
FN:30,(anonymous_0)
FN:72,(anonymous_1)
FN:116,(anonymous_2)
FN:134,(anonymous_3)
FN:169,(anonymous_4)
FN:213,(anonymous_5)
FNF:6
FNH:0
FNDA:0,(anonymous_0)
FNDA:0,(anonymous_1)
FNDA:0,(anonymous_2)
FNDA:0,(anonymous_3)
FNDA:0,(anonymous_4)
FNDA:0,(anonymous_5)
DA:1,0
DA:2,0
DA:3,0
DA:4,0
DA:5,0
DA:7,0
DA:8,0
DA:11,0
DA:18,0
DA:27,0
DA:31,0
DA:34,0
DA:35,0
DA:41,0
DA:60,0
DA:68,0
DA:73,0
DA:75,0
DA:76,0
DA:77,0
DA:79,0
DA:98,0
DA:113,0
DA:117,0
DA:122,0
DA:130,0
DA:135,0
DA:153,0
DA:165,0
DA:170,0
DA:171,0
DA:173,0
DA:177,0
DA:178,0
DA:184,0
DA:201,0
DA:209,0
DA:214,0
DA:216,0
DA:220,0
DA:221,0
DA:227,0
DA:231,0
DA:235,0
LF:44
LH:0
BRDA:34,0,0,0
BRDA:34,1,0,0
BRDA:34,1,1,0
BRDA:73,2,0,0
BRDA:73,3,0,0
BRDA:76,4,0,0
BRDA:77,5,0,0
BRDA:177,6,0,0
BRDA:220,7,0,0
BRF:9
BRH:0
end_of_record
TN:
SF:src/routes/messages.ts
FN:18,(anonymous_0)
FN:41,(anonymous_1)
FN:47,(anonymous_2)
FN:57,(anonymous_3)
FN:135,(anonymous_4)
FN:152,(anonymous_5)
FN:152,(anonymous_6)
FN:153,(anonymous_7)
FNF:8
FNH:0
FNDA:0,(anonymous_0)
FNDA:0,(anonymous_1)
FNDA:0,(anonymous_2)
FNDA:0,(anonymous_3)
FNDA:0,(anonymous_4)
FNDA:0,(anonymous_5)
FNDA:0,(anonymous_6)
FNDA:0,(anonymous_7)
DA:1,0
DA:2,0
DA:3,0
DA:4,0
DA:5,0
DA:6,0
DA:7,0
DA:9,0
DA:11,0
DA:18,0
DA:19,0
DA:21,0
DA:22,0
DA:25,0
DA:40,0
DA:41,0
DA:44,0
DA:45,0
DA:47,0
DA:53,0
DA:57,0
DA:58,0
DA:61,0
DA:74,0
DA:75,0
DA:79,0
DA:101,0
DA:106,0
DA:110,0
DA:111,0
DA:112,0
DA:126,0
DA:131,0
DA:135,0
DA:137,0
DA:143,0
DA:152,0
DA:153,0
DA:156,0
DA:164,0
DA:167,0
LF:41
LH:0
BRDA:21,0,0,0
BRDA:21,1,0,0
BRDA:21,1,1,0
BRDA:41,2,0,0
BRDA:41,2,1,0
BRDA:41,2,2,0
BRDA:44,3,0,0
BRDA:74,4,0,0
BRDA:86,5,0,0
BRDA:86,5,1,0
BRDA:86,6,0,0
BRDA:86,6,1,0
BRDA:106,7,0,0
BRDA:106,7,1,0
BRDA:110,8,0,0
BRDA:116,9,0,0
BRDA:116,9,1,0
BRF:17
BRH:0
end_of_record
TN:
SF:src/routes/notifications.ts
FN:10,(anonymous_0)
FN:26,(anonymous_1)
FN:39,(anonymous_2)
FNF:3
FNH:0
FNDA:0,(anonymous_0)
FNDA:0,(anonymous_1)
FNDA:0,(anonymous_2)
DA:1,0
DA:2,0
DA:3,0
DA:4,0
DA:5,0
DA:7,0
DA:10,0
DA:11,0
DA:16,0
DA:18,0
DA:26,0
DA:27,0
DA:29,0
DA:31,0
DA:32,0
DA:35,0
DA:39,0
DA:40,0
DA:42,0
DA:44,0
DA:47,0
LF:21
LH:0
BRDA:31,0,0,0
BRF:1
BRH:0
end_of_record
TN:
SF:src/routes/orders.ts
FN:42,(anonymous_0)
FN:90,(anonymous_1)
FN:119,(anonymous_2)
FN:136,(anonymous_3)
FN:142,(anonymous_4)
FN:161,(anonymous_5)
FN:169,(anonymous_6)
FN:194,(anonymous_7)
FN:255,(anonymous_8)
FN:318,(anonymous_9)
FN:342,(anonymous_10)
FN:348,(anonymous_11)
FN:351,(anonymous_12)
FN:359,(anonymous_13)
FN:409,(anonymous_14)
FN:475,(anonymous_15)
FN:505,(anonymous_16)
FNF:17
FNH:0
FNDA:0,(anonymous_0)
FNDA:0,(anonymous_1)
FNDA:0,(anonymous_2)
FNDA:0,(anonymous_3)
FNDA:0,(anonymous_4)
FNDA:0,(anonymous_5)
FNDA:0,(anonymous_6)
FNDA:0,(anonymous_7)
FNDA:0,(anonymous_8)
FNDA:0,(anonymous_9)
FNDA:0,(anonymous_10)
FNDA:0,(anonymous_11)
FNDA:0,(anonymous_12)
FNDA:0,(anonymous_13)
FNDA:0,(anonymous_14)
FNDA:0,(anonymous_15)
FNDA:0,(anonymous_16)
DA:1,0
DA:2,0
DA:3,0
DA:4,0
DA:5,0
DA:6,0
DA:7,0
DA:8,0
DA:9,0
DA:11,0
DA:13,0
DA:21,0
DA:27,0
DA:35,0
DA:42,0
DA:43,0
DA:45,0
DA:46,0
DA:50,0
DA:52,0
DA:54,0
DA:55,0
DA:61,0
DA:62,0
DA:67,0
DA:86,0
DA:90,0
DA:91,0
DA:93,0
DA:111,0
DA:112,0
DA:115,0
DA:119,0
DA:120,0
DA:123,0
DA:127,0
DA:128,0
DA:131,0
DA:132,0
DA:136,0
DA:137,0
DA:142,0
DA:145,0
DA:156,0
DA:158,0
DA:161,0
DA:163,0
DA:168,0
DA:170,0
DA:171,0
DA:172,0
DA:174,0
DA:185,0
DA:188,0
DA:189,0
DA:195,0
DA:196,0
DA:197,0
DA:199,0
DA:219,0
DA:222,0
DA:241,0
DA:242,0
DA:244,0
DA:248,0
DA:255,0
DA:256,0
DA:257,0
DA:259,0
DA:280,0
DA:281,0
DA:289,0
DA:290,0
DA:292,0
DA:295,0
DA:298,0
DA:299,0
DA:301,0
DA:302,0
DA:305,0
DA:311,0
DA:314,0
DA:318,0
DA:319,0
DA:320,0
DA:323,0
DA:331,0
DA:332,0
DA:335,0
DA:336,0
DA:340,0
DA:342,0
DA:343,0
DA:348,0
DA:351,0
DA:353,0
DA:358,0
DA:360,0
DA:361,0
DA:362,0
DA:364,0
DA:377,0
DA:381,0
DA:401,0
DA:402,0
DA:405,0
DA:409,0
DA:410,0
DA:411,0
DA:414,0
DA:419,0
DA:420,0
DA:423,0
DA:424,0
DA:427,0
DA:431,0
DA:432,0
DA:435,0
DA:445,0
DA:447,0
DA:467,0
DA:468,0
DA:471,0
DA:475,0
DA:476,0
DA:479,0
DA:484,0
DA:485,0
DA:488,0
DA:489,0
DA:492,0
DA:496,0
DA:499,0
DA:501,0
DA:505,0
DA:506,0
DA:508,0
DA:513,0
DA:514,0
DA:517,0
DA:518,0
DA:521,0
DA:526,0
DA:529,0
DA:531,0
DA:534,0
LF:146
LH:0
BRDA:45,0,0,0
BRDA:45,1,0,0
BRDA:45,1,1,0
BRDA:52,2,0,0
BRDA:54,3,0,0
BRDA:61,4,0,0
BRDA:111,5,0,0
BRDA:127,6,0,0
BRDA:131,7,0,0
BRDA:158,8,0,0
BRDA:158,8,1,0
BRDA:171,9,0,0
BRDA:196,10,0,0
BRDA:241,11,0,0
BRDA:241,11,1,0
BRDA:248,12,0,0
BRDA:248,12,1,0
BRDA:280,13,0,0
BRDA:280,13,1,0
BRDA:280,14,0,0
BRDA:280,14,1,0
BRDA:289,15,0,0
BRDA:298,16,0,0
BRDA:301,17,0,0
BRDA:331,18,0,0
BRDA:335,19,0,0
BRDA:340,20,0,0
BRDA:361,21,0,0
BRDA:401,22,0,0
BRDA:419,23,0,0
BRDA:423,24,0,0
BRDA:431,25,0,0
BRDA:467,26,0,0
BRDA:484,27,0,0
BRDA:488,28,0,0
BRDA:513,29,0,0
BRDA:517,30,0,0
BRF:37
BRH:0
end_of_record
TN:
SF:src/routes/products.ts
FN:11,(anonymous_0)
FN:52,(anonymous_1)
FN:101,(anonymous_2)
FN:117,(anonymous_3)
FN:132,(anonymous_4)
FN:156,(anonymous_5)
FN:183,(anonymous_6)
FNF:7
FNH:0
FNDA:0,(anonymous_0)
FNDA:0,(anonymous_1)
FNDA:0,(anonymous_2)
FNDA:0,(anonymous_3)
FNDA:0,(anonymous_4)
FNDA:0,(anonymous_5)
FNDA:0,(anonymous_6)
DA:1,0
DA:2,0
DA:3,0
DA:4,0
DA:5,0
DA:8,0
DA:11,0
DA:12,0
DA:13,0
DA:14,0
DA:15,0
DA:18,0
DA:19,0
DA:20,0
DA:23,0
DA:24,0
DA:25,0
DA:26,0
DA:29,0
DA:34,0
DA:35,0
DA:36,0
DA:39,0
DA:40,0
DA:41,0
DA:44,0
DA:46,0
DA:47,0
DA:52,0
DA:53,0
DA:54,0
DA:55,0
DA:56,0
DA:59,0
DA:60,0
DA:61,0
DA:64,0
DA:65,0
DA:70,0
DA:71,0
DA:72,0
DA:75,0
DA:76,0
DA:77,0
DA:80,0
DA:82,0
DA:83,0
DA:87,0
DA:94,0
DA:101,0
DA:102,0
DA:104,0
DA:105,0
DA:108,0
DA:113,0
DA:117,0
DA:118,0
DA:120,0
DA:124,0
DA:125,0
DA:128,0
DA:132,0
DA:133,0
DA:136,0
DA:140,0
DA:141,0
DA:144,0
DA:145,0
DA:148,0
DA:152,0
DA:156,0
DA:157,0
DA:158,0
DA:161,0
DA:166,0
DA:167,0
DA:170,0
DA:171,0
DA:174,0
DA:179,0
DA:183,0
DA:184,0
DA:187,0
DA:192,0
DA:193,0
DA:196,0
DA:197,0
DA:200,0
DA:204,0
DA:207,0
LF:90
LH:0
BRDA:13,0,0,0
BRDA:18,1,0,0
BRDA:24,2,0,0
BRDA:34,3,0,0
BRDA:39,4,0,0
BRDA:54,5,0,0
BRDA:59,6,0,0
BRDA:70,7,0,0
BRDA:75,8,0,0
BRDA:104,9,0,0
BRDA:104,10,0,0
BRDA:104,10,1,0
BRDA:124,11,0,0
BRDA:140,12,0,0
BRDA:144,13,0,0
BRDA:166,14,0,0
BRDA:170,15,0,0
BRDA:192,16,0,0
BRDA:196,17,0,0
BRF:19
BRH:0
end_of_record
TN:
SF:src/routes/profile.ts
FN:62,(anonymous_1)
FN:177,(anonymous_2)
FN:235,(anonymous_3)
FN:287,(anonymous_4)
FN:388,(anonymous_5)
FN:465,(anonymous_6)
FN:570,(anonymous_7)
FNF:7
FNH:0
FNDA:0,(anonymous_1)
FNDA:0,(anonymous_2)
FNDA:0,(anonymous_3)
FNDA:0,(anonymous_4)
FNDA:0,(anonymous_5)
FNDA:0,(anonymous_6)
FNDA:0,(anonymous_7)
DA:1,0
DA:2,0
DA:3,0
DA:4,0
DA:5,0
DA:6,0
DA:8,0
DA:9,0
DA:10,0
DA:11,0
DA:13,0
DA:14,0
DA:18,0
DA:20,0
DA:39,0
DA:44,0
DA:48,0
DA:59,0
DA:63,0
DA:65,0
DA:67,0
DA:70,0
DA:71,0
DA:75,0
DA:76,0
DA:80,0
DA:81,0
DA:82,0
DA:86,0
DA:90,0
DA:94,0
DA:95,0
DA:99,0
DA:103,0
DA:108,0
DA:109,0
DA:113,0
DA:117,0
DA:118,0
DA:119,0
DA:124,0
DA:127,0
DA:131,0
DA:136,0
DA:149,0
DA:150,0
DA:155,0
DA:157,0
DA:158,0
DA:172,0
DA:178,0
DA:179,0
DA:180,0
DA:184,0
DA:188,0
DA:194,0
DA:197,0
DA:207,0
DA:208,0
DA:214,0
DA:219,0
DA:220,0
DA:232,0
DA:236,0
DA:237,0
DA:242,0
DA:243,0
DA:247,0
DA:251,0
DA:252,0
DA:256,0
DA:265,0
DA:269,0
DA:270,0
DA:284,0
DA:288,0
DA:289,0
DA:292,0
DA:296,0
DA:297,0
DA:301,0
DA:305,0
DA:306,0
DA:310,0
DA:314,0
DA:318,0
DA:319,0
DA:323,0
DA:327,0
DA:328,0
DA:329,0
DA:330,0
DA:334,0
DA:339,0
DA:340,0
DA:343,0
DA:353,0
DA:354,0
DA:356,0
DA:360,0
DA:365,0
DA:366,0
DA:371,0
DA:373,0
DA:374,0
DA:386,0
DA:389,0
DA:390,0
DA:393,0
DA:402,0
DA:403,0
DA:407,0
DA:411,0
DA:415,0
DA:416,0
DA:420,0
DA:424,0
DA:434,0
DA:439,0
DA:440,0
DA:445,0
DA:447,0
DA:448,0
DA:462,0
DA:466,0
DA:467,0
DA:469,0
DA:473,0
DA:474,0
DA:478,0
DA:482,0
DA:483,0
DA:484,0
DA:488,0
DA:491,0
DA:492,0
DA:493,0
DA:497,0
DA:502,0
DA:505,0
DA:526,0
DA:527,0
DA:531,0
DA:536,0
DA:540,0
DA:544,0
DA:545,0
DA:550,0
DA:552,0
DA:553,0
DA:567,0
DA:571,0
DA:572,0
DA:626,0
DA:627,0
DA:631,0
DA:635,0
DA:637,0
DA:642,0
DA:643,0
DA:651,0
LF:161
LH:0
BRDA:70,0,0,0
BRDA:75,1,0,0
BRDA:80,2,0,0
BRDA:81,3,0,0
BRDA:94,4,0,0
BRDA:94,5,0,0
BRDA:94,5,1,0
BRDA:108,6,0,0
BRDA:118,7,0,0
BRDA:149,8,0,0
BRDA:179,9,0,0
BRDA:207,10,0,0
BRDA:207,11,0,0
BRDA:207,11,1,0
BRDA:242,12,0,0
BRDA:251,13,0,0
BRDA:296,14,0,0
BRDA:305,15,0,0
BRDA:318,16,0,0
BRDA:327,17,0,0
BRDA:329,18,0,0
BRDA:365,19,0,0
BRDA:402,20,0,0
BRDA:402,21,0,0
BRDA:402,21,1,0
BRDA:415,22,0,0
BRDA:439,23,0,0
BRDA:473,24,0,0
BRDA:482,25,0,0
BRDA:483,26,0,0
BRDA:492,27,0,0
BRDA:526,28,0,0
BRDA:526,29,0,0
BRDA:526,29,1,0
BRDA:544,30,0,0
BRDA:626,31,0,0
BRF:36
BRH:0
end_of_record
TN:
SF:src/routes/validation.ts
FN:20,(anonymous_0)
FN:32,(anonymous_1)
FN:33,(anonymous_2)
FN:34,(anonymous_3)
FN:35,(anonymous_4)
FN:35,(anonymous_5)
FN:36,(anonymous_6)
FN:36,(anonymous_7)
FNF:8
FNH:0
FNDA:0,(anonymous_0)
FNDA:0,(anonymous_1)
FNDA:0,(anonymous_2)
FNDA:0,(anonymous_3)
FNDA:0,(anonymous_4)
FNDA:0,(anonymous_5)
FNDA:0,(anonymous_6)
FNDA:0,(anonymous_7)
DA:1,0
DA:2,0
DA:3,0
DA:4,0
DA:5,0
DA:7,0
DA:20,0
DA:21,0
DA:23,0
DA:28,0
DA:29,0
DA:32,0
DA:33,0
DA:34,0
DA:35,0
DA:36,0
DA:38,0
DA:40,0
DA:63,0
DA:68,0
DA:71,0
LF:21
LH:0
BRDA:28,0,0,0
BRDA:64,1,0,0
BRDA:64,1,1,0
BRDA:64,1,2,0
BRF:4
BRH:0
end_of_record
TN:
SF:src/routes/admin/index.ts
FNF:0
FNH:0
DA:6,0
DA:7,0
DA:8,0
DA:9,0
DA:10,0
DA:11,0
DA:12,0
DA:14,0
DA:17,0
DA:18,0
DA:21,0
DA:22,0
DA:23,0
DA:24,0
DA:26,0
LF:15
LH:0
BRF:0
BRH:0
end_of_record
TN:
SF:src/services/auditService.ts
FN:33,(anonymous_0)
FN:60,(anonymous_1)
FN:117,(anonymous_2)
FN:136,(anonymous_3)
FN:147,(anonymous_4)
FN:171,(anonymous_5)
FN:198,(anonymous_6)
FN:203,(anonymous_7)
FN:220,(anonymous_8)
FNF:9
FNH:0
FNDA:0,(anonymous_0)
FNDA:0,(anonymous_1)
FNDA:0,(anonymous_2)
FNDA:0,(anonymous_3)
FNDA:0,(anonymous_4)
FNDA:0,(anonymous_5)
FNDA:0,(anonymous_6)
FNDA:0,(anonymous_7)
FNDA:0,(anonymous_8)
DA:7,0
DA:29,0
DA:41,0
DA:42,0
DA:44,0
DA:70,0
DA:72,0
DA:74,0
DA:75,0
DA:76,0
DA:77,0
DA:79,0
DA:80,0
DA:81,0
DA:82,0
DA:85,0
DA:105,0
DA:118,0
DA:137,0
DA:152,0
DA:172,0
DA:174,0
DA:175,0
DA:176,0
DA:177,0
DA:180,0
DA:196,0
DA:198,0
DA:204,0
DA:208,0
DA:221,0
DA:222,0
DA:223,0
DA:225,0
LF:34
LH:0
BRDA:41,0,0,0
BRDA:41,0,1,0
BRDA:50,1,0,0
BRDA:50,1,1,0
BRDA:68,2,0,0
BRDA:69,3,0,0
BRDA:74,4,0,0
BRDA:75,5,0,0
BRDA:76,6,0,0
BRDA:77,7,0,0
BRDA:79,8,0,0
BRDA:79,9,0,0
BRDA:79,9,1,0
BRDA:81,10,0,0
BRDA:82,11,0,0
BRDA:136,12,0,0
BRDA:150,13,0,0
BRDA:174,14,0,0
BRDA:174,15,0,0
BRDA:174,15,1,0
BRDA:176,16,0,0
BRDA:177,17,0,0
BRDA:205,18,0,0
BRDA:205,18,1,0
BRDA:222,19,0,0
BRDA:225,20,0,0
BRDA:225,20,1,0
BRF:27
BRH:0
end_of_record
TN:
SF:src/services/authService.ts
FN:9,(anonymous_1)
FN:16,(anonymous_2)
FN:23,(anonymous_3)
FN:51,(anonymous_4)
FNF:4
FNH:0
FNDA:0,(anonymous_1)
FNDA:0,(anonymous_2)
FNDA:0,(anonymous_3)
FNDA:0,(anonymous_4)
DA:1,0
DA:3,0
DA:5,0
DA:10,0
DA:17,0
DA:24,0
DA:26,0
DA:27,0
DA:30,0
DA:31,0
DA:34,0
DA:35,0
DA:38,0
DA:39,0
DA:42,0
DA:52,0
DA:53,0
LF:17
LH:0
BRDA:26,0,0,0
BRDA:30,1,0,0
BRDA:34,2,0,0
BRDA:38,3,0,0
BRF:4
BRH:0
end_of_record
TN:
SF:src/services/campaignScheduler.ts
FN:6,closeExpiredCampaigns
FN:37,startCampaignScheduler
FN:44,(anonymous_2)
FN:49,(anonymous_3)
FNF:4
FNH:0
FNDA:0,closeExpiredCampaigns
FNDA:0,startCampaignScheduler
FNDA:0,(anonymous_2)
FNDA:0,(anonymous_3)
DA:1,0
DA:6,0
DA:7,0
DA:9,0
DA:10,0
DA:22,0
DA:23,0
DA:26,0
DA:28,0
DA:29,0
DA:37,0
DA:38,0
DA:41,0
DA:44,0
DA:45,0
DA:49,0
DA:50,0
DA:51,0
LF:18
LH:0
BRDA:22,0,0,0
BRDA:37,1,0,0
BRF:2
BRH:0
end_of_record
TN:
SF:src/services/campaignStatusService.ts
FN:31,(anonymous_0)
FN:71,(anonymous_1)
FN:74,(anonymous_2)
FN:122,(anonymous_3)
FN:162,(anonymous_4)
FN:177,(anonymous_5)
FNF:6
FNH:0
FNDA:0,(anonymous_0)
FNDA:0,(anonymous_1)
FNDA:0,(anonymous_2)
FNDA:0,(anonymous_3)
FNDA:0,(anonymous_4)
FNDA:0,(anonymous_5)
DA:2,0
DA:3,0
DA:19,0
DA:32,0
DA:34,0
DA:47,0
DA:48,0
DA:55,0
DA:56,0
DA:63,0
DA:64,0
DA:71,0
DA:73,0
DA:74,0
DA:75,0
DA:82,0
DA:87,0
DA:93,0
DA:99,0
DA:106,0
DA:107,0
DA:123,0
DA:125,0
DA:138,0
DA:139,0
DA:146,0
DA:147,0
DA:154,0
DA:155,0
DA:162,0
DA:164,0
DA:165,0
DA:172,0
DA:177,0
DA:178,0
DA:184,0
DA:190,0
DA:197,0
DA:198,0
LF:39
LH:0
BRDA:47,0,0,0
BRDA:55,1,0,0
BRDA:63,2,0,0
BRDA:73,3,0,0
BRDA:138,4,0,0
BRDA:146,5,0,0
BRDA:154,6,0,0
BRDA:164,7,0,0
BRF:8
BRH:0
end_of_record
TN:
SF:src/services/imageUploadService.ts
FN:39,ensureFolderExists
FN:58,(anonymous_2)
FN:105,(anonymous_3)
FN:128,(anonymous_4)
FN:159,(anonymous_5)
FN:166,(anonymous_6)
FN:179,(anonymous_7)
FNF:7
FNH:0
FNDA:0,ensureFolderExists
FNDA:0,(anonymous_2)
FNDA:0,(anonymous_3)
FNDA:0,(anonymous_4)
FNDA:0,(anonymous_5)
FNDA:0,(anonymous_6)
FNDA:0,(anonymous_7)
DA:1,0
DA:2,0
DA:3,0
DA:4,0
DA:8,0
DA:18,0
DA:19,0
DA:28,0
DA:31,0
DA:32,0
DA:33,0
DA:40,0
DA:41,0
DA:42,0
DA:43,0
DA:45,0
DA:54,0
DA:62,0
DA:65,0
DA:67,0
DA:68,0
DA:70,0
DA:81,0
DA:83,0
DA:85,0
DA:87,0
DA:93,0
DA:94,0
DA:97,0
DA:98,0
DA:110,0
DA:111,0
DA:112,0
DA:114,0
DA:116,0
DA:118,0
DA:129,0
DA:130,0
DA:131,0
DA:137,0
DA:139,0
DA:143,0
DA:145,0
DA:146,0
DA:147,0
DA:148,0
DA:151,0
DA:160,0
DA:167,0
DA:180,0
LF:50
LH:0
BRDA:9,0,0,0
BRDA:9,0,1,0
BRDA:10,1,0,0
BRDA:10,1,1,0
BRDA:10,2,0,0
BRDA:10,2,1,0
BRDA:18,3,0,0
BRDA:18,3,1,0
BRDA:20,4,0,0
BRDA:20,4,1,0
BRDA:20,4,2,0
BRDA:28,5,0,0
BRDA:28,5,1,0
BRDA:31,6,0,0
BRDA:41,7,0,0
BRDA:60,8,0,0
BRDA:67,9,0,0
BRDA:67,9,1,0
BRDA:83,10,0,0
BRDA:83,10,1,0
BRDA:108,11,0,0
BRDA:129,12,0,0
BRDA:129,12,1,0
BRDA:129,13,0,0
BRDA:129,13,1,0
BRDA:146,14,0,0
BRDA:170,15,0,0
BRDA:170,15,1,0
BRDA:171,16,0,0
BRDA:171,16,1,0
BRF:30
BRH:0
end_of_record
TN:
SF:src/services/invoiceGenerator.ts
FN:33,(anonymous_1)
FN:59,(anonymous_2)
FN:60,(anonymous_3)
FN:62,(anonymous_4)
FN:71,(anonymous_5)
FN:75,(anonymous_6)
FN:88,(anonymous_7)
FN:89,(anonymous_8)
FN:101,(anonymous_9)
FN:102,(anonymous_10)
FN:108,(anonymous_11)
FN:109,(anonymous_12)
FN:114,(anonymous_13)
FN:115,(anonymous_14)
FN:153,(anonymous_15)
FNF:15
FNH:0
FNDA:0,(anonymous_1)
FNDA:0,(anonymous_2)
FNDA:0,(anonymous_3)
FNDA:0,(anonymous_4)
FNDA:0,(anonymous_5)
FNDA:0,(anonymous_6)
FNDA:0,(anonymous_7)
FNDA:0,(anonymous_8)
FNDA:0,(anonymous_9)
FNDA:0,(anonymous_10)
FNDA:0,(anonymous_11)
FNDA:0,(anonymous_12)
FNDA:0,(anonymous_13)
FNDA:0,(anonymous_14)
FNDA:0,(anonymous_15)
DA:1,0
DA:3,0
DA:5,0
DA:28,0
DA:35,0
DA:47,0
DA:48,0
DA:52,0
DA:54,0
DA:59,0
DA:60,0
DA:62,0
DA:65,0
DA:72,0
DA:75,0
DA:76,0
DA:88,0
DA:89,0
DA:90,0
DA:91,0
DA:92,0
DA:93,0
DA:94,0
DA:100,0
DA:101,0
DA:102,0
DA:109,0
DA:110,0
DA:111,0
DA:112,0
DA:114,0
DA:115,0
DA:116,0
DA:119,0
DA:120,0
DA:123,0
DA:124,0
DA:125,0
DA:126,0
DA:128,0
DA:129,0
DA:132,0
DA:133,0
DA:134,0
DA:135,0
DA:136,0
DA:137,0
DA:139,0
DA:140,0
DA:141,0
DA:142,0
DA:143,0
DA:144,0
DA:147,0
DA:150,0
DA:151,0
DA:153,0
DA:155,0
DA:156,0
DA:157,0
DA:160,0
DA:164,0
DA:165,0
DA:166,0
DA:167,0
DA:168,0
DA:170,0
DA:173,0
DA:174,0
DA:183,0
DA:184,0
DA:185,0
DA:187,0
DA:188,0
DA:189,0
DA:190,0
DA:191,0
DA:193,0
DA:194,0
DA:195,0
DA:196,0
DA:197,0
DA:199,0
DA:200,0
DA:201,0
DA:202,0
DA:203,0
DA:205,0
DA:206,0
DA:208,0
DA:209,0
DA:210,0
DA:213,0
DA:220,0
DA:222,0
LF:95
LH:0
BRDA:47,0,0,0
BRDA:91,1,0,0
BRDA:125,2,0,0
BRDA:155,3,0,0
BRDA:160,4,0,0
BRDA:160,4,1,0
BRDA:173,5,0,0
BRDA:173,6,0,0
BRDA:173,6,1,0
BRF:9
BRH:0
end_of_record
TN:
SF:src/services/notificationService.ts
FN:17,(anonymous_0)
FN:75,(anonymous_1)
FN:105,(anonymous_2)
FN:155,(anonymous_3)
FN:177,(anonymous_4)
FN:194,(anonymous_5)
FNF:6
FNH:0
FNDA:0,(anonymous_0)
FNDA:0,(anonymous_1)
FNDA:0,(anonymous_2)
FNDA:0,(anonymous_3)
FNDA:0,(anonymous_4)
FNDA:0,(anonymous_5)
DA:2,0
DA:3,0
DA:4,0
DA:13,0
DA:24,0
DA:25,0
DA:35,0
DA:38,0
DA:41,0
DA:42,0
DA:47,0
DA:48,0
DA:61,0
DA:64,0
DA:66,0
DA:67,0
DA:76,0
DA:77,0
DA:94,0
DA:95,0
DA:102,0
DA:105,0
DA:107,0
DA:111,0
DA:112,0
DA:124,0
DA:125,0
DA:129,0
DA:141,0
DA:142,0
DA:145,0
DA:147,0
DA:148,0
DA:156,0
DA:157,0
DA:167,0
DA:169,0
DA:170,0
DA:178,0
DA:179,0
DA:186,0
DA:187,0
DA:195,0
DA:196,0
DA:203,0
DA:204,0
LF:46
LH:0
BRDA:31,0,0,0
BRDA:31,0,1,0
BRDA:47,1,0,0
BRDA:94,2,0,0
BRDA:102,3,0,0
BRDA:103,4,0,0
BRDA:103,4,1,0
BRDA:103,4,2,0
BRDA:111,5,0,0
BRDA:124,6,0,0
BRF:10
BRH:0
end_of_record
TN:
SF:src/services/shippingCalculator.ts
FN:14,(anonymous_0)
FN:58,(anonymous_1)
FN:80,(anonymous_2)
FN:91,(anonymous_3)
FNF:4
FNH:0
FNDA:0,(anonymous_0)
FNDA:0,(anonymous_1)
FNDA:0,(anonymous_2)
FNDA:0,(anonymous_3)
DA:1,0
DA:2,0
DA:10,0
DA:15,0
DA:30,0
DA:31,0
DA:34,0
DA:35,0
DA:38,0
DA:39,0
DA:40,0
DA:42,0
DA:43,0
DA:44,0
DA:45,0
DA:48,0
DA:49,0
DA:58,0
DA:59,0
DA:62,0
DA:63,0
DA:64,0
DA:65,0
DA:67,0
DA:81,0
DA:86,0
DA:87,0
DA:91,0
DA:93,0
DA:99,0
LF:30
LH:0
BRDA:30,0,0,0
BRDA:48,1,0,0
BRDA:86,2,0,0
BRF:3
BRH:0
end_of_record
TN:
SF:src/services/socketService.ts
FN:18,(anonymous_0)
FN:20,(anonymous_1)
FN:37,(anonymous_2)
FN:71,(anonymous_3)
FN:81,(anonymous_4)
FN:87,(anonymous_5)
FN:93,(anonymous_6)
FN:99,(anonymous_7)
FN:105,(anonymous_8)
FN:116,(anonymous_9)
FN:126,(anonymous_10)
FN:134,(anonymous_11)
FN:142,(anonymous_12)
FN:148,(anonymous_13)
FN:154,(anonymous_14)
FN:160,(anonymous_15)
FN:166,(anonymous_16)
FN:172,(anonymous_17)
FN:179,(anonymous_18)
FN:186,(anonymous_19)
FN:193,(anonymous_20)
FN:200,(anonymous_21)
FN:206,(anonymous_22)
FN:211,(anonymous_23)
FN:217,(anonymous_24)
FNF:25
FNH:0
FNDA:0,(anonymous_0)
FNDA:0,(anonymous_1)
FNDA:0,(anonymous_2)
FNDA:0,(anonymous_3)
FNDA:0,(anonymous_4)
FNDA:0,(anonymous_5)
FNDA:0,(anonymous_6)
FNDA:0,(anonymous_7)
FNDA:0,(anonymous_8)
FNDA:0,(anonymous_9)
FNDA:0,(anonymous_10)
FNDA:0,(anonymous_11)
FNDA:0,(anonymous_12)
FNDA:0,(anonymous_13)
FNDA:0,(anonymous_14)
FNDA:0,(anonymous_15)
FNDA:0,(anonymous_16)
FNDA:0,(anonymous_17)
FNDA:0,(anonymous_18)
FNDA:0,(anonymous_19)
FNDA:0,(anonymous_20)
FNDA:0,(anonymous_21)
FNDA:0,(anonymous_22)
FNDA:0,(anonymous_23)
FNDA:0,(anonymous_24)
DA:2,0
DA:3,0
DA:4,0
DA:6,0
DA:18,0
DA:19,0
DA:21,0
DA:22,0
DA:23,0
DA:25,0
DA:29,0
DA:37,0
DA:38,0
DA:39,0
DA:41,0
DA:43,0
DA:44,0
DA:48,0
DA:51,0
DA:56,0
DA:57,0
DA:61,0
DA:62,0
DA:63,0
DA:65,0
DA:67,0
DA:71,0
DA:72,0
DA:75,0
DA:76,0
DA:77,0
DA:81,0
DA:82,0
DA:83,0
DA:87,0
DA:88,0
DA:89,0
DA:93,0
DA:94,0
DA:95,0
DA:99,0
DA:100,0
DA:101,0
DA:105,0
DA:106,0
DA:107,0
DA:116,0
DA:117,0
DA:118,0
DA:126,0
DA:127,0
DA:131,0
DA:134,0
DA:135,0
DA:136,0
DA:138,0
DA:142,0
DA:143,0
DA:144,0
DA:145,0
DA:148,0
DA:149,0
DA:150,0
DA:151,0
DA:154,0
DA:155,0
DA:156,0
DA:157,0
DA:160,0
DA:161,0
DA:162,0
DA:163,0
DA:166,0
DA:167,0
DA:168,0
DA:169,0
DA:172,0
DA:173,0
DA:174,0
DA:175,0
DA:179,0
DA:180,0
DA:182,0
DA:183,0
DA:186,0
DA:187,0
DA:189,0
DA:190,0
DA:193,0
DA:194,0
DA:196,0
DA:197,0
DA:200,0
DA:201,0
DA:202,0
DA:203,0
DA:206,0
DA:207,0
DA:208,0
DA:211,0
DA:212,0
DA:213,0
DA:217,0
DA:218,0
DA:219,0
DA:220,0
LF:106
LH:0
BRDA:19,0,0,0
BRDA:19,0,1,0
BRDA:22,1,0,0
BRDA:22,2,0,0
BRDA:22,2,1,0
BRDA:39,3,0,0
BRDA:39,3,1,0
BRDA:41,4,0,0
BRDA:56,5,0,0
BRDA:75,6,0,0
BRDA:106,7,0,0
BRDA:117,8,0,0
BRDA:135,9,0,0
BRF:13
BRH:0
end_of_record
TN:
SF:src/services/spamDetectionService.ts
FN:28,(anonymous_0)
FN:159,(anonymous_1)
FN:187,(anonymous_2)
FN:293,(anonymous_3)
FN:332,(anonymous_4)
FN:344,(anonymous_5)
FN:348,(anonymous_6)
FN:349,(anonymous_7)
FNF:8
FNH:0
FNDA:0,(anonymous_0)
FNDA:0,(anonymous_1)
FNDA:0,(anonymous_2)
FNDA:0,(anonymous_3)
FNDA:0,(anonymous_4)
FNDA:0,(anonymous_5)
FNDA:0,(anonymous_6)
FNDA:0,(anonymous_7)
DA:1,0
DA:23,0
DA:33,0
DA:34,0
DA:37,0
DA:56,0
DA:57,0
DA:61,0
DA:62,0
DA:63,0
DA:64,0
DA:65,0
DA:66,0
DA:75,0
DA:76,0
DA:77,0
DA:79,0
DA:80,0
DA:81,0
DA:82,0
DA:91,0
DA:92,0
DA:93,0
DA:94,0
DA:95,0
DA:96,0
DA:105,0
DA:106,0
DA:108,0
DA:109,0
DA:110,0
DA:111,0
DA:120,0
DA:121,0
DA:122,0
DA:123,0
DA:124,0
DA:133,0
DA:134,0
DA:135,0
DA:136,0
DA:145,0
DA:146,0
DA:147,0
DA:148,0
DA:149,0
DA:158,0
DA:159,0
DA:160,0
DA:163,0
DA:164,0
DA:165,0
DA:166,0
DA:175,0
DA:177,0
DA:191,0
DA:197,0
DA:198,0
DA:206,0
DA:209,0
DA:210,0
DA:217,0
DA:218,0
DA:221,0
DA:222,0
DA:230,0
DA:231,0
DA:234,0
DA:235,0
DA:242,0
DA:243,0
DA:248,0
DA:250,0
DA:259,0
DA:260,0
DA:261,0
DA:263,0
DA:265,0
DA:271,0
DA:272,0
DA:273,0
DA:275,0
DA:277,0
DA:280,0
DA:294,0
DA:304,0
DA:306,0
DA:309,0
DA:310,0
DA:311,0
DA:315,0
DA:316,0
DA:320,0
DA:333,0
DA:345,0
DA:347,0
DA:348,0
DA:349,0
LF:98
LH:0
BRDA:44,0,0,0
BRDA:44,0,1,0
BRDA:49,1,0,0
BRDA:49,1,1,0
BRDA:56,2,0,0
BRDA:61,3,0,0
BRDA:61,3,1,0
BRDA:63,4,0,0
BRDA:70,5,0,0
BRDA:70,5,1,0
BRDA:77,6,0,0
BRDA:77,6,1,0
BRDA:79,7,0,0
BRDA:79,8,0,0
BRDA:79,8,1,0
BRDA:92,9,0,0
BRDA:92,9,1,0
BRDA:93,10,0,0
BRDA:100,11,0,0
BRDA:100,11,1,0
BRDA:108,12,0,0
BRDA:121,13,0,0
BRDA:121,14,0,0
BRDA:121,14,1,0
BRDA:133,15,0,0
BRDA:146,16,0,0
BRDA:153,17,0,0
BRDA:153,17,1,0
BRDA:163,18,0,0
BRDA:170,19,0,0
BRDA:170,19,1,0
BRDA:170,20,0,0
BRDA:170,20,1,0
BRDA:197,21,0,0
BRDA:248,22,0,0
BRDA:248,22,1,0
BRDA:259,23,0,0
BRDA:263,24,0,0
BRDA:263,24,1,0
BRDA:271,25,0,0
BRDA:275,26,0,0
BRDA:281,27,0,0
BRDA:281,27,1,0
BRDA:281,27,2,0
BRDA:304,28,0,0
BRDA:310,29,0,0
BRDA:315,30,0,0
BRDA:332,31,0,0
BRDA:345,32,0,0
BRF:49
BRH:0
end_of_record
TN:
SF:src/services/tokenService.ts
FN:27,(anonymous_1)
FN:36,(anonymous_2)
FN:45,(anonymous_3)
FN:55,(anonymous_4)
FN:69,(anonymous_5)
FN:83,(anonymous_6)
FN:100,(anonymous_7)
FN:122,(anonymous_8)
FN:131,(anonymous_9)
FN:140,(anonymous_10)
FN:155,(anonymous_11)
FNF:11
FNH:0
FNDA:0,(anonymous_1)
FNDA:0,(anonymous_2)
FNDA:0,(anonymous_3)
FNDA:0,(anonymous_4)
FNDA:0,(anonymous_5)
FNDA:0,(anonymous_6)
FNDA:0,(anonymous_7)
FNDA:0,(anonymous_8)
FNDA:0,(anonymous_9)
FNDA:0,(anonymous_10)
FNDA:0,(anonymous_11)
DA:1,0
DA:2,0
DA:4,0
DA:7,0
DA:8,0
DA:9,0
DA:10,0
DA:23,0
DA:28,0
DA:37,0
DA:46,0
DA:56,0
DA:57,0
DA:59,0
DA:60,0
DA:62,0
DA:70,0
DA:71,0
DA:73,0
DA:74,0
DA:76,0
DA:85,0
DA:86,0
DA:88,0
DA:101,0
DA:105,0
DA:106,0
DA:110,0
DA:112,0
DA:113,0
DA:116,0
DA:123,0
DA:132,0
DA:141,0
DA:149,0
DA:156,0
DA:157,0
DA:160,0
DA:161,0
DA:162,0
DA:165,0
LF:41
LH:0
BRDA:7,0,0,0
BRDA:7,0,1,0
BRDA:8,1,0,0
BRDA:8,1,1,0
BRDA:9,2,0,0
BRDA:9,2,1,0
BRDA:10,3,0,0
BRDA:10,3,1,0
BRDA:59,4,0,0
BRDA:73,5,0,0
BRDA:105,6,0,0
BRDA:110,7,0,0
BRDA:156,8,0,0
BRDA:161,9,0,0
BRDA:161,10,0,0
BRDA:161,10,1,0
BRF:16
BRH:0
end_of_record
TN:
SF:src/services/email/emailPreferences.ts
FN:23,(anonymous_0)
FN:57,(anonymous_1)
FN:79,(anonymous_2)
FN:114,(anonymous_3)
FN:131,(anonymous_4)
FN:153,(anonymous_5)
FNF:6
FNH:0
FNDA:0,(anonymous_0)
FNDA:0,(anonymous_1)
FNDA:0,(anonymous_2)
FNDA:0,(anonymous_3)
FNDA:0,(anonymous_4)
FNDA:0,(anonymous_5)
DA:5,0
DA:7,0
DA:19,0
DA:24,0
DA:25,0
DA:30,0
DA:31,0
DA:44,0
DA:47,0
DA:49,0
DA:50,0
DA:58,0
DA:60,0
DA:63,0
DA:68,0
DA:69,0
DA:71,0
DA:72,0
DA:83,0
DA:84,0
DA:87,0
DA:88,0
DA:92,0
DA:94,0
DA:96,0
DA:98,0
DA:100,0
DA:102,0
DA:105,0
DA:107,0
DA:115,0
DA:116,0
DA:120,0
DA:121,0
DA:123,0
DA:124,0
DA:132,0
DA:134,0
DA:136,0
DA:137,0
DA:138,0
DA:142,0
DA:143,0
DA:145,0
DA:146,0
DA:154,0
DA:155,0
DA:159,0
DA:160,0
DA:162,0
DA:163,0
LF:51
LH:0
BRDA:30,0,0,0
BRDA:87,1,0,0
BRDA:92,2,0,0
BRDA:92,2,1,0
BRDA:92,2,2,0
BRDA:92,2,3,0
BRDA:92,2,4,0
BRDA:136,3,0,0
BRF:8
BRH:0
end_of_record
TN:
SF:src/services/email/emailQueue.ts
FN:34,getEmailQueue
FN:76,queueNotificationEmail
FN:118,queueWelcomeEmail
FN:149,queuePasswordResetEmail
FN:182,queueEmailVerificationEmail
FN:215,closeEmailQueue
FNF:6
FNH:0
FNDA:0,getEmailQueue
FNDA:0,queueNotificationEmail
FNDA:0,queueWelcomeEmail
FNDA:0,queuePasswordResetEmail
FNDA:0,queueEmailVerificationEmail
FNDA:0,closeEmailQueue
DA:5,0
DA:6,0
DA:29,0
DA:34,0
DA:35,0
DA:36,0
DA:39,0
DA:42,0
DA:50,0
DA:68,0
DA:70,0
DA:76,0
DA:86,0
DA:88,0
DA:89,0
DA:108,0
DA:110,0
DA:111,0
DA:118,0
DA:123,0
DA:125,0
DA:126,0
DA:139,0
DA:141,0
DA:142,0
DA:149,0
DA:155,0
DA:157,0
DA:158,0
DA:172,0
DA:174,0
DA:175,0
DA:182,0
DA:187,0
DA:189,0
DA:190,0
DA:205,0
DA:207,0
DA:208,0
DA:215,0
DA:216,0
DA:217,0
DA:218,0
DA:219,0
LF:44
LH:0
BRDA:35,0,0,0
BRDA:42,1,0,0
BRDA:42,1,1,0
BRDA:216,2,0,0
BRF:4
BRH:0
end_of_record
TN:
SF:src/services/email/emailService.ts
FN:25,(anonymous_0)
FN:81,(anonymous_1)
FN:152,(anonymous_2)
FN:171,(anonymous_3)
FNF:4
FNH:0
FNDA:0,(anonymous_0)
FNDA:0,(anonymous_1)
FNDA:0,(anonymous_2)
FNDA:0,(anonymous_3)
DA:7,0
DA:8,0
DA:10,0
DA:11,0
DA:19,0
DA:20,0
DA:26,0
DA:27,0
DA:30,0
DA:33,0
DA:34,0
DA:35,0
DA:39,0
DA:41,0
DA:42,0
DA:43,0
DA:44,0
DA:45,0
DA:49,0
DA:50,0
DA:51,0
DA:52,0
DA:53,0
DA:56,0
DA:62,0
DA:63,0
DA:64,0
DA:65,0
DA:67,0
DA:70,0
DA:71,0
DA:74,0
DA:75,0
DA:87,0
DA:89,0
DA:91,0
DA:104,0
DA:107,0
DA:108,0
DA:111,0
DA:112,0
DA:122,0
DA:124,0
DA:134,0
DA:137,0
DA:139,0
DA:141,0
DA:153,0
DA:154,0
DA:164,0
DA:172,0
DA:173,0
DA:182,0
LF:53
LH:0
BRDA:26,0,0,0
BRDA:33,1,0,0
BRDA:39,2,0,0
BRDA:42,3,0,0
BRDA:50,4,0,0
BRDA:62,5,0,0
BRDA:62,5,1,0
BRDA:64,6,0,0
BRDA:64,6,1,0
BRDA:70,7,0,0
BRDA:93,8,0,0
BRDA:93,8,1,0
BRDA:94,9,0,0
BRDA:94,9,1,0
BRDA:97,10,0,0
BRDA:97,10,1,0
BRDA:111,11,0,0
BRDA:111,11,1,0
BRDA:144,12,0,0
BRDA:144,12,1,0
BRF:20
BRH:0
end_of_record
TN:
SF:src/services/email/emailWorker.ts
FN:23,processEmailJob
FN:85,checkEmailPreferences
FN:139,startEmailWorker
FN:171,(anonymous_3)
FN:175,(anonymous_4)
FN:179,(anonymous_5)
FN:190,stopEmailWorker
FNF:7
FNH:0
FNDA:0,processEmailJob
FNDA:0,checkEmailPreferences
FNDA:0,startEmailWorker
FNDA:0,(anonymous_3)
FNDA:0,(anonymous_4)
FNDA:0,(anonymous_5)
FNDA:0,stopEmailWorker
DA:6,0
DA:7,0
DA:8,0
DA:10,0
DA:16,0
DA:18,0
DA:24,0
DA:26,0
DA:28,0
DA:30,0
DA:31,0
DA:32,0
DA:33,0
DA:39,0
DA:40,0
DA:48,0
DA:49,0
DA:50,0
DA:51,0
DA:52,0
DA:58,0
DA:62,0
DA:71,0
DA:72,0
DA:75,0
DA:77,0
DA:78,0
DA:86,0
DA:87,0
DA:92,0
DA:93,0
DA:103,0
DA:107,0
DA:108,0
DA:112,0
DA:113,0
DA:115,0
DA:117,0
DA:119,0
DA:121,0
DA:123,0
DA:128,0
DA:130,0
DA:132,0
DA:139,0
DA:140,0
DA:141,0
DA:142,0
DA:145,0
DA:147,0
DA:148,0
DA:149,0
DA:153,0
DA:161,0
DA:171,0
DA:172,0
DA:175,0
DA:176,0
DA:179,0
DA:180,0
DA:183,0
DA:184,0
DA:190,0
DA:191,0
DA:192,0
DA:193,0
DA:194,0
LF:67
LH:0
BRDA:31,0,0,0
BRDA:39,1,0,0
BRDA:39,1,1,0
BRDA:39,2,0,0
BRDA:39,2,1,0
BRDA:43,3,0,0
BRDA:43,3,1,0
BRDA:44,4,0,0
BRDA:44,4,1,0
BRDA:45,5,0,0
BRDA:45,5,1,0
BRDA:49,6,0,0
BRDA:49,6,1,0
BRDA:51,7,0,0
BRDA:51,7,1,0
BRDA:51,8,0,0
BRDA:51,8,1,0
BRDA:71,9,0,0
BRDA:72,10,0,0
BRDA:72,10,1,0
BRDA:92,11,0,0
BRDA:107,12,0,0
BRDA:112,13,0,0
BRDA:112,14,0,0
BRDA:112,14,1,0
BRDA:113,15,0,0
BRDA:113,15,1,0
BRDA:113,15,2,0
BRDA:113,15,3,0
BRDA:113,15,4,0
BRDA:140,16,0,0
BRDA:147,17,0,0
BRDA:153,18,0,0
BRDA:153,18,1,0
BRDA:191,19,0,0
BRF:35
BRH:0
end_of_record
TN:
SF:src/services/email/providers/gmailProvider.ts
FN:14,(anonymous_1)
FN:21,(anonymous_2)
FN:48,(anonymous_3)
FN:56,(anonymous_4)
FN:100,(anonymous_5)
FNF:5
FNH:0
FNDA:0,(anonymous_1)
FNDA:0,(anonymous_2)
FNDA:0,(anonymous_3)
FNDA:0,(anonymous_4)
FNDA:0,(anonymous_5)
DA:6,0
DA:8,0
DA:10,0
DA:11,0
DA:12,0
DA:15,0
DA:22,0
DA:24,0
DA:25,0
DA:26,0
DA:29,0
DA:30,0
DA:38,0
DA:40,0
DA:41,0
DA:49,0
DA:50,0
DA:57,0
DA:58,0
DA:65,0
DA:66,0
DA:68,0
DA:77,0
DA:79,0
DA:81,0
DA:87,0
DA:89,0
DA:101,0
DA:102,0
DA:105,0
DA:106,0
DA:107,0
DA:108,0
DA:110,0
DA:111,0
LF:35
LH:0
BRDA:24,0,0,0
BRDA:50,1,0,0
BRDA:50,1,1,0
BRDA:57,2,0,0
BRDA:69,3,0,0
BRDA:69,3,1,0
BRDA:92,4,0,0
BRDA:92,4,1,0
BRDA:101,5,0,0
BRF:9
BRH:0
end_of_record
TN:
SF:src/utils/cookieConfig.ts
FN:17,(anonymous_0)
FN:32,(anonymous_1)
FNF:2
FNH:0
FNDA:0,(anonymous_0)
FNDA:0,(anonymous_1)
DA:8,0
DA:11,0
DA:17,0
DA:18,0
DA:20,0
DA:32,0
DA:33,0
DA:35,0
DA:43,0
LF:9
LH:0
BRDA:23,0,0,0
BRDA:23,0,1,0
BRDA:38,1,0,0
BRDA:38,1,1,0
BRF:4
BRH:0
end_of_record
TN:
SF:src/utils/linkBuilder.ts
FN:25,(anonymous_1)
FN:36,(anonymous_2)
FN:69,(anonymous_3)
FN:85,(anonymous_4)
FN:94,(anonymous_5)
FN:140,(anonymous_7)
FN:148,(anonymous_8)
FN:155,(anonymous_9)
FNF:8
FNH:0
FNDA:0,(anonymous_1)
FNDA:0,(anonymous_2)
FNDA:0,(anonymous_3)
FNDA:0,(anonymous_4)
FNDA:0,(anonymous_5)
FNDA:0,(anonymous_7)
FNDA:0,(anonymous_8)
FNDA:0,(anonymous_9)
DA:6,0
DA:8,0
DA:19,0
DA:26,0
DA:27,0
DA:28,0
DA:30,0
DA:40,0
DA:41,0
DA:43,0
DA:48,0
DA:51,0
DA:53,0
DA:56,0
DA:61,0
DA:70,0
DA:71,0
DA:72,0
DA:74,0
DA:79,0
DA:86,0
DA:87,0
DA:88,0
DA:95,0
DA:96,0
DA:111,0
DA:112,0
DA:113,0
DA:116,0
DA:117,0
DA:118,0
DA:119,0
DA:123,0
DA:124,0
DA:125,0
DA:130,0
DA:132,0
DA:133,0
DA:141,0
DA:142,0
DA:149,0
DA:156,0
DA:157,0
LF:43
LH:0
BRDA:26,0,0,0
BRDA:41,1,0,0
BRDA:41,1,1,0
BRDA:43,2,0,0
BRDA:43,2,1,0
BRDA:43,2,2,0
BRDA:43,2,3,0
BRDA:43,2,4,0
BRDA:51,3,0,0
BRDA:51,3,1,0
BRDA:70,4,0,0
BRDA:70,4,1,0
BRDA:109,5,0,0
BRDA:117,6,0,0
BRDA:123,7,0,0
BRDA:123,7,1,0
BRDA:157,8,0,0
BRDA:157,8,1,0
BRF:18
BRH:0
end_of_record
TN:
SF:src/utils/money.ts
FN:12,(anonymous_0)
FN:19,(anonymous_1)
FN:26,(anonymous_2)
FN:33,(anonymous_3)
FN:40,(anonymous_4)
FN:61,(anonymous_5)
FN:66,(anonymous_6)
FN:69,(anonymous_7)
FN:96,(anonymous_8)
FN:97,(anonymous_9)
FN:103,(anonymous_10)
FN:110,(anonymous_11)
FN:120,(anonymous_12)
FNF:13
FNH:13
FNDA:83,(anonymous_0)
FNDA:3,(anonymous_1)
FNDA:2,(anonymous_2)
FNDA:4,(anonymous_3)
FNDA:3,(anonymous_4)
FNDA:11,(anonymous_5)
FNDA:35,(anonymous_6)
FNDA:3,(anonymous_7)
FNDA:11,(anonymous_8)
FNDA:35,(anonymous_9)
FNDA:6,(anonymous_10)
FNDA:4,(anonymous_11)
FNDA:13,(anonymous_12)
DA:7,1
DA:13,83
DA:20,3
DA:27,2
DA:34,4
DA:41,3
DA:42,1
DA:44,2
DA:62,11
DA:63,1
DA:66,35
DA:68,10
DA:69,3
DA:72,9
DA:73,9
DA:75,9
DA:78,32
DA:80,9
DA:83,23
DA:84,23
DA:87,32
DA:90,9
DA:97,35
DA:104,6
DA:111,4
DA:121,13
LF:26
LH:26
BRDA:41,0,0,1
BRDA:62,1,0,1
BRDA:68,2,0,1
BRDA:78,3,0,9
BRDA:78,3,1,23
BRDA:103,4,0,4
BRDA:121,5,0,13
BRDA:121,5,1,10
BRDA:121,5,2,9
BRDA:121,5,3,7
BRF:10
BRH:10
end_of_record
TN:
SF:src/utils/nameFormatter.ts
FN:7,(anonymous_0)
FN:15,(anonymous_1)
FNF:2
FNH:2
FNDA:23,(anonymous_0)
FNDA:43,(anonymous_1)
DA:7,1
DA:8,23
DA:9,4
DA:12,19
DA:16,43
DA:17,41
LF:6
LH:6
BRDA:8,0,0,4
BRDA:8,1,0,23
BRDA:8,1,1,20
BRDA:16,2,0,2
BRF:4
BRH:4
end_of_record
TN:
SF:src/utils/slugify.ts
FN:8,slugify
FN:32,generateUniqueSlug
FN:65,isValidSlug
FNF:3
FNH:0
FNDA:0,slugify
FNDA:0,generateUniqueSlug
FNDA:0,isValidSlug
DA:1,0
DA:8,0
DA:9,0
DA:32,0
DA:36,0
DA:37,0
DA:38,0
DA:41,0
DA:42,0
DA:48,0
DA:49,0
DA:53,0
DA:54,0
DA:57,0
DA:65,0
DA:67,0
LF:16
LH:0
BRDA:48,0,0,0
BRDA:48,1,0,0
BRDA:48,1,1,0
BRDA:48,1,2,0
BRF:4
BRH:0
end_of_record
